<?xml version="1.0" encoding="UTF-8" standalone="no"?>
<!DOCTYPE log SYSTEM "logger.dtd">
<log>
<record>
  <date>2022-05-21T01:53:34</date>
  <millis>1653065614446</millis>
  <sequence>944</sequence>
  <logger>sample log</logger>
  <level>INFO</level>
  <class>scraping.Scraping</class>
  <method>GetDataFromURL</method>
  <thread>17</thread>
  <message>String</message>
</record>
<record>
  <date>2022-05-21T01:53:34</date>
  <millis>1653065614447</millis>
  <sequence>945</sequence>
  <logger>sample log</logger>
  <level>INFO</level>
  <class>scraping.Scraping</class>
  <method>GetDataFromURL</method>
  <thread>17</thread>
  <message>出力成功 : ChibaLotteMarines : Yudai Fujioka</message>
</record>
<record>
  <date>2022-05-21T01:53:34</date>
  <millis>1653065614448</millis>
  <sequence>946</sequence>
  <logger>sample log</logger>
  <level>INFO</level>
  <class>scraping.Scraping</class>
  <method>GetDataFromURL</method>
  <thread>17</thread>
  <message>String</message>
</record>
<record>
  <date>2022-05-21T01:53:34</date>
  <millis>1653065614448</millis>
  <sequence>947</sequence>
  <logger>sample log</logger>
  <level>INFO</level>
  <class>scraping.Scraping</class>
  <method>GetDataFromURL</method>
  <thread>17</thread>
  <message>出力成功 : ChibaLotteMarines : Kyota Fujiwara</message>
</record>
<record>
  <date>2022-05-21T01:53:34</date>
  <millis>1653065614448</millis>
  <sequence>948</sequence>
  <logger>sample log</logger>
  <level>INFO</level>
  <class>scraping.Scraping</class>
  <method>GetDataFromURL</method>
  <thread>17</thread>
  <message>String</message>
</record>
<record>
  <date>2022-05-21T01:53:34</date>
  <millis>1653065614450</millis>
  <sequence>949</sequence>
  <logger>sample log</logger>
  <level>INFO</level>
  <class>scraping.Scraping</class>
  <method>GetDataFromURL</method>
  <thread>17</thread>
  <message>出力成功 : ChibaLotteMarines : Koki Fukuda</message>
</record>
<record>
  <date>2022-05-21T01:53:34</date>
  <millis>1653065614450</millis>
  <sequence>950</sequence>
  <logger>sample log</logger>
  <level>INFO</level>
  <class>scraping.Scraping</class>
  <method>GetDataFromURL</method>
  <thread>17</thread>
  <message>String</message>
</record>
<record>
  <date>2022-05-21T01:53:34</date>
  <millis>1653065614450</millis>
  <sequence>951</sequence>
  <logger>sample log</logger>
  <level>INFO</level>
  <class>scraping.Scraping</class>
  <method>GetDataFromURL</method>
  <thread>17</thread>
  <message>出力成功 : ChibaLotteMarines : Shuhei Fukuda</message>
</record>
<record>
  <date>2022-05-21T01:53:34</date>
  <millis>1653065614450</millis>
  <sequence>952</sequence>
  <logger>sample log</logger>
  <level>INFO</level>
  <class>scraping.Scraping</class>
  <method>GetDataFromURL</method>
  <thread>17</thread>
  <message>String</message>
</record>
<record>
  <date>2022-05-21T01:53:34</date>
  <millis>1653065614450</millis>
  <sequence>953</sequence>
  <logger>sample log</logger>
  <level>INFO</level>
  <class>scraping.Scraping</class>
  <method>GetDataFromURL</method>
  <thread>17</thread>
  <message>出力成功 : ChibaLotteMarines : Adeiny Hechavarria</message>
</record>
<record>
  <date>2022-05-21T01:53:34</date>
  <millis>1653065614451</millis>
  <sequence>954</sequence>
  <logger>sample log</logger>
  <level>INFO</level>
  <class>scraping.Scraping</class>
  <method>GetDataFromURL</method>
  <thread>17</thread>
  <message>String</message>
</record>
<record>
  <date>2022-05-21T01:53:34</date>
  <millis>1653065614451</millis>
  <sequence>955</sequence>
  <logger>sample log</logger>
  <level>INFO</level>
  <class>scraping.Scraping</class>
  <method>GetDataFromURL</method>
  <thread>17</thread>
  <message>出力成功 : ChibaLotteMarines : Taiga Hirasawa</message>
</record>
<record>
  <date>2022-05-21T01:53:34</date>
  <millis>1653065614451</millis>
  <sequence>956</sequence>
  <logger>sample log</logger>
  <level>INFO</level>
  <class>scraping.Scraping</class>
  <method>GetDataFromURL</method>
  <thread>17</thread>
  <message>String</message>
</record>
<record>
  <date>2022-05-21T01:53:34</date>
  <millis>1653065614451</millis>
  <sequence>957</sequence>
  <logger>sample log</logger>
  <level>INFO</level>
  <class>scraping.Scraping</class>
  <method>GetDataFromURL</method>
  <thread>17</thread>
  <message>出力成功 : ChibaLotteMarines : Raito Ikeda</message>
</record>
<record>
  <date>2022-05-21T01:53:34</date>
  <millis>1653065614452</millis>
  <sequence>958</sequence>
  <logger>sample log</logger>
  <level>INFO</level>
  <class>scraping.Scraping</class>
  <method>GetDataFromURL</method>
  <thread>17</thread>
  <message>String</message>
</record>
<record>
  <date>2022-05-21T01:53:34</date>
  <millis>1653065614452</millis>
  <sequence>959</sequence>
  <logger>sample log</logger>
  <level>INFO</level>
  <class>scraping.Scraping</class>
  <method>GetDataFromURL</method>
  <thread>17</thread>
  <message>出力成功 : ChibaLotteMarines : Tomoya Kakinuma</message>
</record>
<record>
  <date>2022-05-21T01:53:34</date>
  <millis>1653065614452</millis>
  <sequence>960</sequence>
  <logger>sample log</logger>
  <level>INFO</level>
  <class>scraping.Scraping</class>
  <method>GetDataFromURL</method>
  <thread>17</thread>
  <message>String</message>
</record>
<record>
  <date>2022-05-21T01:53:34</date>
  <millis>1653065614452</millis>
  <sequence>961</sequence>
  <logger>sample log</logger>
  <level>INFO</level>
  <class>scraping.Scraping</class>
  <method>GetDataFromURL</method>
  <thread>17</thread>
  <message>出力成功 : ChibaLotteMarines : Brandon Laird</message>
</record>
<record>
  <date>2022-05-21T01:53:34</date>
  <millis>1653065614453</millis>
  <sequence>962</sequence>
  <logger>sample log</logger>
  <level>INFO</level>
  <class>scraping.Scraping</class>
  <method>GetDataFromURL</method>
  <thread>17</thread>
  <message>String</message>
</record>
<record>
  <date>2022-05-21T01:53:34</date>
  <millis>1653065614453</millis>
  <sequence>963</sequence>
  <logger>sample log</logger>
  <level>INFO</level>
  <class>scraping.Scraping</class>
  <method>GetDataFromURL</method>
  <thread>17</thread>
  <message>出力成功 : ChibaLotteMarines : Leonys Martín</message>
</record>
<record>
  <date>2022-05-21T01:53:34</date>
  <millis>1653065614453</millis>
  <sequence>964</sequence>
  <logger>sample log</logger>
  <level>INFO</level>
  <class>scraping.Scraping</class>
  <method>GetDataFromURL</method>
  <thread>17</thread>
  <message>String</message>
</record>
<record>
  <date>2022-05-21T01:53:34</date>
  <millis>1653065614453</millis>
  <sequence>965</sequence>
  <logger>sample log</logger>
  <level>INFO</level>
  <class>scraping.Scraping</class>
  <method>GetDataFromURL</method>
  <thread>17</thread>
  <message>出力成功 : ChibaLotteMarines : Kou Matsukawa</message>
</record>
<record>
  <date>2022-05-21T01:53:34</date>
  <millis>1653065614454</millis>
  <sequence>966</sequence>
  <logger>sample log</logger>
  <level>INFO</level>
  <class>scraping.Scraping</class>
  <method>GetDataFromURL</method>
  <thread>17</thread>
  <message>String</message>
</record>
<record>
  <date>2022-05-21T01:53:34</date>
  <millis>1653065614454</millis>
  <sequence>967</sequence>
  <logger>sample log</logger>
  <level>INFO</level>
  <class>scraping.Scraping</class>
  <method>GetDataFromURL</method>
  <thread>17</thread>
  <message>出力成功 : ChibaLotteMarines : Ryo Miki</message>
</record>
<record>
  <date>2022-05-21T01:53:34</date>
  <millis>1653065614454</millis>
  <sequence>968</sequence>
  <logger>sample log</logger>
  <level>INFO</level>
  <class>scraping.Scraping</class>
  <method>GetDataFromURL</method>
  <thread>17</thread>
  <message>String</message>
</record>
<record>
  <date>2022-05-21T01:53:34</date>
  <millis>1653065614454</millis>
  <sequence>969</sequence>
  <logger>sample log</logger>
  <level>INFO</level>
  <class>scraping.Scraping</class>
  <method>GetDataFromURL</method>
  <thread>17</thread>
  <message>出力成功 : ChibaLotteMarines : Shogo Nakamura</message>
</record>
<record>
  <date>2022-05-21T01:53:34</date>
  <millis>1653065614454</millis>
  <sequence>970</sequence>
  <logger>sample log</logger>
  <level>INFO</level>
  <class>scraping.Scraping</class>
  <method>GetDataFromURL</method>
  <thread>17</thread>
  <message>String</message>
</record>
<record>
  <date>2022-05-21T01:53:34</date>
  <millis>1653065614454</millis>
  <sequence>971</sequence>
  <logger>sample log</logger>
  <level>INFO</level>
  <class>scraping.Scraping</class>
  <method>GetDataFromURL</method>
  <thread>17</thread>
  <message>出力成功 : ChibaLotteMarines : Ryusei Ogawa</message>
</record>
<record>
  <date>2022-05-21T01:53:34</date>
  <millis>1653065614455</millis>
  <sequence>972</sequence>
  <logger>sample log</logger>
  <level>INFO</level>
  <class>scraping.Scraping</class>
  <method>GetDataFromURL</method>
  <thread>17</thread>
  <message>String</message>
</record>
<record>
  <date>2022-05-21T01:53:34</date>
  <millis>1653065614455</millis>
  <sequence>973</sequence>
  <logger>sample log</logger>
  <level>INFO</level>
  <class>scraping.Scraping</class>
  <method>GetDataFromURL</method>
  <thread>17</thread>
  <message>出力成功 : ChibaLotteMarines : Hiromi Oka</message>
</record>
<record>
  <date>2022-05-21T01:53:34</date>
  <millis>1653065614455</millis>
  <sequence>974</sequence>
  <logger>sample log</logger>
  <level>INFO</level>
  <class>scraping.Scraping</class>
  <method>GetDataFromURL</method>
  <thread>17</thread>
  <message>String</message>
</record>
<record>
  <date>2022-05-21T01:53:34</date>
  <millis>1653065614455</millis>
  <sequence>975</sequence>
  <logger>sample log</logger>
  <level>INFO</level>
  <class>scraping.Scraping</class>
  <method>GetDataFromURL</method>
  <thread>17</thread>
  <message>出力成功 : ChibaLotteMarines : Toshiya Satoh</message>
</record>
<record>
  <date>2022-05-21T01:53:34</date>
  <millis>1653065614455</millis>
  <sequence>976</sequence>
  <logger>sample log</logger>
  <level>INFO</level>
  <class>scraping.Scraping</class>
  <method>GetDataFromURL</method>
  <thread>17</thread>
  <message>String</message>
</record>
<record>
  <date>2022-05-21T01:53:34</date>
  <millis>1653065614455</millis>
  <sequence>977</sequence>
  <logger>sample log</logger>
  <level>INFO</level>
  <class>scraping.Scraping</class>
  <method>GetDataFromURL</method>
  <thread>17</thread>
  <message>出力成功 : ChibaLotteMarines : Tsuyoshi Sugano</message>
</record>
<record>
  <date>2022-05-21T01:53:34</date>
  <millis>1653065614456</millis>
  <sequence>978</sequence>
  <logger>sample log</logger>
  <level>INFO</level>
  <class>scraping.Scraping</class>
  <method>GetDataFromURL</method>
  <thread>17</thread>
  <message>String</message>
</record>
<record>
  <date>2022-05-21T01:53:34</date>
  <millis>1653065614457</millis>
  <sequence>979</sequence>
  <logger>sample log</logger>
  <level>INFO</level>
  <class>scraping.Scraping</class>
  <method>GetDataFromURL</method>
  <thread>17</thread>
  <message>出力成功 : ChibaLotteMarines : Akito Takabe</message>
</record>
<record>
  <date>2022-05-21T01:53:34</date>
  <millis>1653065614457</millis>
  <sequence>980</sequence>
  <logger>sample log</logger>
  <level>INFO</level>
  <class>scraping.Scraping</class>
  <method>GetDataFromURL</method>
  <thread>17</thread>
  <message>String</message>
</record>
<record>
  <date>2022-05-21T01:53:34</date>
  <millis>1653065614457</millis>
  <sequence>981</sequence>
  <logger>sample log</logger>
  <level>INFO</level>
  <class>scraping.Scraping</class>
  <method>GetDataFromURL</method>
  <thread>17</thread>
  <message>出力成功 : ChibaLotteMarines : Koshiro Wada</message>
</record>
<record>
  <date>2022-05-21T01:53:34</date>
  <millis>1653065614457</millis>
  <sequence>982</sequence>
  <logger>sample log</logger>
  <level>INFO</level>
  <class>scraping.Scraping</class>
  <method>GetDataFromURL</method>
  <thread>17</thread>
  <message>String</message>
</record>
<record>
  <date>2022-05-21T01:53:34</date>
  <millis>1653065614457</millis>
  <sequence>983</sequence>
  <logger>sample log</logger>
  <level>INFO</level>
  <class>scraping.Scraping</class>
  <method>GetDataFromURL</method>
  <thread>17</thread>
  <message>出力成功 : ChibaLotteMarines : Koki Yamaguchi</message>
</record>
<record>
  <date>2022-05-21T01:53:34</date>
  <millis>1653065614458</millis>
  <sequence>984</sequence>
  <logger>sample log</logger>
  <level>INFO</level>
  <class>scraping.Scraping</class>
  <method>GetDataFromURL</method>
  <thread>17</thread>
  <message>String</message>
</record>
<record>
  <date>2022-05-21T01:53:34</date>
  <millis>1653065614458</millis>
  <sequence>985</sequence>
  <logger>sample log</logger>
  <level>INFO</level>
  <class>scraping.Scraping</class>
  <method>GetDataFromURL</method>
  <thread>17</thread>
  <message>出力成功 : ChibaLotteMarines : Hisanori Yasuda</message>
</record>
<record>
  <date>2022-05-21T01:53:34</date>
  <millis>1653065614569</millis>
  <sequence>986</sequence>
  <logger>sample log</logger>
  <level>INFO</level>
  <class>scraping.Scraping</class>
  <method>GetDataFromURL</method>
  <thread>17</thread>
  <message>String</message>
</record>
<record>
  <date>2022-05-21T01:53:34</date>
  <millis>1653065614570</millis>
  <sequence>987</sequence>
  <logger>sample log</logger>
  <level>INFO</level>
  <class>scraping.Scraping</class>
  <method>GetDataFromURL</method>
  <thread>17</thread>
  <message>出力成功 : FukuokaSoftbankHawks : Alfredo Despaigne</message>
</record>
<record>
  <date>2022-05-21T01:53:34</date>
  <millis>1653065614570</millis>
  <sequence>988</sequence>
  <logger>sample log</logger>
  <level>INFO</level>
  <class>scraping.Scraping</class>
  <method>GetDataFromURL</method>
  <thread>17</thread>
  <message>String</message>
</record>
<record>
  <date>2022-05-21T01:53:34</date>
  <millis>1653065614570</millis>
  <sequence>989</sequence>
  <logger>sample log</logger>
  <level>INFO</level>
  <class>scraping.Scraping</class>
  <method>GetDataFromURL</method>
  <thread>17</thread>
  <message>出力成功 : FukuokaSoftbankHawks : Freddy Galvis</message>
</record>
<record>
  <date>2022-05-21T01:53:34</date>
  <millis>1653065614570</millis>
  <sequence>990</sequence>
  <logger>sample log</logger>
  <level>INFO</level>
  <class>scraping.Scraping</class>
  <method>GetDataFromURL</method>
  <thread>17</thread>
  <message>String</message>
</record>
<record>
  <date>2022-05-21T01:53:34</date>
  <millis>1653065614571</millis>
  <sequence>991</sequence>
  <logger>sample log</logger>
  <level>INFO</level>
  <class>scraping.Scraping</class>
  <method>GetDataFromURL</method>
  <thread>17</thread>
  <message>出力成功 : FukuokaSoftbankHawks : Yurisbel Gracial</message>
</record>
<record>
  <date>2022-05-21T01:53:34</date>
  <millis>1653065614571</millis>
  <sequence>992</sequence>
  <logger>sample log</logger>
  <level>INFO</level>
  <class>scraping.Scraping</class>
  <method>GetDataFromURL</method>
  <thread>17</thread>
  <message>String</message>
</record>
<record>
  <date>2022-05-21T01:53:34</date>
  <millis>1653065614571</millis>
  <sequence>993</sequence>
  <logger>sample log</logger>
  <level>INFO</level>
  <class>scraping.Scraping</class>
  <method>GetDataFromURL</method>
  <thread>17</thread>
  <message>出力成功 : FukuokaSoftbankHawks : Kenta Imamiya</message>
</record>
<record>
  <date>2022-05-21T01:53:34</date>
  <millis>1653065614571</millis>
  <sequence>994</sequence>
  <logger>sample log</logger>
  <level>INFO</level>
  <class>scraping.Scraping</class>
  <method>GetDataFromURL</method>
  <thread>17</thread>
  <message>String</message>
</record>
<record>
  <date>2022-05-21T01:53:34</date>
  <millis>1653065614572</millis>
  <sequence>995</sequence>
  <logger>sample log</logger>
  <level>INFO</level>
  <class>scraping.Scraping</class>
  <method>GetDataFromURL</method>
  <thread>17</thread>
  <message>出力成功 : FukuokaSoftbankHawks : Takuya Kai</message>
</record>
<record>
  <date>2022-05-21T01:53:34</date>
  <millis>1653065614573</millis>
  <sequence>996</sequence>
  <logger>sample log</logger>
  <level>INFO</level>
  <class>scraping.Scraping</class>
  <method>GetDataFromURL</method>
  <thread>17</thread>
  <message>String</message>
</record>
<record>
  <date>2022-05-21T01:53:34</date>
  <millis>1653065614573</millis>
  <sequence>997</sequence>
  <logger>sample log</logger>
  <level>INFO</level>
  <class>scraping.Scraping</class>
  <method>GetDataFromURL</method>
  <thread>17</thread>
  <message>出力成功 : FukuokaSoftbankHawks : Hikaru Kawase</message>
</record>
<record>
  <date>2022-05-21T01:53:34</date>
  <millis>1653065614573</millis>
  <sequence>998</sequence>
  <logger>sample log</logger>
  <level>INFO</level>
  <class>scraping.Scraping</class>
  <method>GetDataFromURL</method>
  <thread>17</thread>
  <message>String</message>
</record>
<record>
  <date>2022-05-21T01:53:34</date>
  <millis>1653065614574</millis>
  <sequence>999</sequence>
  <logger>sample log</logger>
  <level>INFO</level>
  <class>scraping.Scraping</class>
  <method>GetDataFromURL</method>
  <thread>17</thread>
  <message>出力成功 : FukuokaSoftbankHawks : Ryoya Kurihara</message>
</record>
<record>
  <date>2022-05-21T01:53:34</date>
  <millis>1653065614574</millis>
  <sequence>1000</sequence>
  <logger>sample log</logger>
  <level>INFO</level>
  <class>scraping.Scraping</class>
  <method>GetDataFromURL</method>
  <thread>17</thread>
  <message>String</message>
</record>
<record>
  <date>2022-05-21T01:53:34</date>
  <millis>1653065614574</millis>
  <sequence>1001</sequence>
  <logger>sample log</logger>
  <level>INFO</level>
  <class>scraping.Scraping</class>
  <method>GetDataFromURL</method>
  <thread>17</thread>
  <message>出力成功 : FukuokaSoftbankHawks : Taisei Makihara</message>
</record>
<record>
  <date>2022-05-21T01:53:34</date>
  <millis>1653065614575</millis>
  <sequence>1002</sequence>
  <logger>sample log</logger>
  <level>INFO</level>
  <class>scraping.Scraping</class>
  <method>GetDataFromURL</method>
  <thread>17</thread>
  <message>String</message>
</record>
<record>
  <date>2022-05-21T01:53:34</date>
  <millis>1653065614575</millis>
  <sequence>1003</sequence>
  <logger>sample log</logger>
  <level>INFO</level>
  <class>scraping.Scraping</class>
  <method>GetDataFromURL</method>
  <thread>17</thread>
  <message>出力成功 : FukuokaSoftbankHawks : Yusuke Masago</message>
</record>
<record>
  <date>2022-05-21T01:53:34</date>
  <millis>1653065614575</millis>
  <sequence>1004</sequence>
  <logger>sample log</logger>
  <level>INFO</level>
  <class>scraping.Scraping</class>
  <method>GetDataFromURL</method>
  <thread>17</thread>
  <message>String</message>
</record>
<record>
  <date>2022-05-21T01:53:34</date>
  <millis>1653065614575</millis>
  <sequence>1005</sequence>
  <logger>sample log</logger>
  <level>INFO</level>
  <class>scraping.Scraping</class>
  <method>GetDataFromURL</method>
  <thread>17</thread>
  <message>出力成功 : FukuokaSoftbankHawks : Tomoya Masaki</message>
</record>
<record>
  <date>2022-05-21T01:53:34</date>
  <millis>1653065614575</millis>
  <sequence>1006</sequence>
  <logger>sample log</logger>
  <level>INFO</level>
  <class>scraping.Scraping</class>
  <method>GetDataFromURL</method>
  <thread>17</thread>
  <message>String</message>
</record>
<record>
  <date>2022-05-21T01:53:34</date>
  <millis>1653065614577</millis>
  <sequence>1007</sequence>
  <logger>sample log</logger>
  <level>INFO</level>
  <class>scraping.Scraping</class>
  <method>GetDataFromURL</method>
  <thread>17</thread>
  <message>出力成功 : FukuokaSoftbankHawks : Nobuhiro Matsuda</message>
</record>
<record>
  <date>2022-05-21T01:53:34</date>
  <millis>1653065614577</millis>
  <sequence>1008</sequence>
  <logger>sample log</logger>
  <level>INFO</level>
  <class>scraping.Scraping</class>
  <method>GetDataFromURL</method>
  <thread>17</thread>
  <message>String</message>
</record>
<record>
  <date>2022-05-21T01:53:34</date>
  <millis>1653065614577</millis>
  <sequence>1009</sequence>
  <logger>sample log</logger>
  <level>INFO</level>
  <class>scraping.Scraping</class>
  <method>GetDataFromURL</method>
  <thread>17</thread>
  <message>出力成功 : FukuokaSoftbankHawks : Masaki Mimori</message>
</record>
<record>
  <date>2022-05-21T01:53:34</date>
  <millis>1653065614577</millis>
  <sequence>1010</sequence>
  <logger>sample log</logger>
  <level>INFO</level>
  <class>scraping.Scraping</class>
  <method>GetDataFromURL</method>
  <thread>17</thread>
  <message>String</message>
</record>
<record>
  <date>2022-05-21T01:53:34</date>
  <millis>1653065614578</millis>
  <sequence>1011</sequence>
  <logger>sample log</logger>
  <level>INFO</level>
  <class>scraping.Scraping</class>
  <method>GetDataFromURL</method>
  <thread>17</thread>
  <message>出力成功 : FukuokaSoftbankHawks : Akira Nakamura</message>
</record>
<record>
  <date>2022-05-21T01:53:34</date>
  <millis>1653065614578</millis>
  <sequence>1012</sequence>
  <logger>sample log</logger>
  <level>INFO</level>
  <class>scraping.Scraping</class>
  <method>GetDataFromURL</method>
  <thread>17</thread>
  <message>String</message>
</record>
<record>
  <date>2022-05-21T01:53:34</date>
  <millis>1653065614578</millis>
  <sequence>1013</sequence>
  <logger>sample log</logger>
  <level>INFO</level>
  <class>scraping.Scraping</class>
  <method>GetDataFromURL</method>
  <thread>17</thread>
  <message>出力成功 : FukuokaSoftbankHawks : Masahiro Nakatani</message>
</record>
<record>
  <date>2022-05-21T01:53:34</date>
  <millis>1653065614578</millis>
  <sequence>1014</sequence>
  <logger>sample log</logger>
  <level>INFO</level>
  <class>scraping.Scraping</class>
  <method>GetDataFromURL</method>
  <thread>17</thread>
  <message>String</message>
</record>
<record>
  <date>2022-05-21T01:53:34</date>
  <millis>1653065614578</millis>
  <sequence>1015</sequence>
  <logger>sample log</logger>
  <level>INFO</level>
  <class>scraping.Scraping</class>
  <method>GetDataFromURL</method>
  <thread>17</thread>
  <message>出力成功 : FukuokaSoftbankHawks : Daiju Nomura</message>
</record>
<record>
  <date>2022-05-21T01:53:34</date>
  <millis>1653065614579</millis>
  <sequence>1016</sequence>
  <logger>sample log</logger>
  <level>INFO</level>
  <class>scraping.Scraping</class>
  <method>GetDataFromURL</method>
  <thread>17</thread>
  <message>String</message>
</record>
<record>
  <date>2022-05-21T01:53:34</date>
  <millis>1653065614579</millis>
  <sequence>1017</sequence>
  <logger>sample log</logger>
  <level>INFO</level>
  <class>scraping.Scraping</class>
  <method>GetDataFromURL</method>
  <thread>17</thread>
  <message>出力成功 : FukuokaSoftbankHawks : Isami Nomura</message>
</record>
<record>
  <date>2022-05-21T01:53:34</date>
  <millis>1653065614579</millis>
  <sequence>1018</sequence>
  <logger>sample log</logger>
  <level>INFO</level>
  <class>scraping.Scraping</class>
  <method>GetDataFromURL</method>
  <thread>17</thread>
  <message>String</message>
</record>
<record>
  <date>2022-05-21T01:53:34</date>
  <millis>1653065614579</millis>
  <sequence>1019</sequence>
  <logger>sample log</logger>
  <level>INFO</level>
  <class>scraping.Scraping</class>
  <method>GetDataFromURL</method>
  <thread>17</thread>
  <message>出力成功 : FukuokaSoftbankHawks : Naoki Satoh</message>
</record>
<record>
  <date>2022-05-21T01:53:34</date>
  <millis>1653065614579</millis>
  <sequence>1020</sequence>
  <logger>sample log</logger>
  <level>INFO</level>
  <class>scraping.Scraping</class>
  <method>GetDataFromURL</method>
  <thread>17</thread>
  <message>String</message>
</record>
<record>
  <date>2022-05-21T01:53:34</date>
  <millis>1653065614579</millis>
  <sequence>1021</sequence>
  <logger>sample log</logger>
  <level>INFO</level>
  <class>scraping.Scraping</class>
  <method>GetDataFromURL</method>
  <thread>17</thread>
  <message>出力成功 : FukuokaSoftbankHawks : Richard Sunagawa</message>
</record>
<record>
  <date>2022-05-21T01:53:34</date>
  <millis>1653065614580</millis>
  <sequence>1022</sequence>
  <logger>sample log</logger>
  <level>INFO</level>
  <class>scraping.Scraping</class>
  <method>GetDataFromURL</method>
  <thread>17</thread>
  <message>String</message>
</record>
<record>
  <date>2022-05-21T01:53:34</date>
  <millis>1653065614580</millis>
  <sequence>1023</sequence>
  <logger>sample log</logger>
  <level>INFO</level>
  <class>scraping.Scraping</class>
  <method>GetDataFromURL</method>
  <thread>17</thread>
  <message>出力成功 : FukuokaSoftbankHawks : Tomoki Takata</message>
</record>
<record>
  <date>2022-05-21T01:53:34</date>
  <millis>1653065614580</millis>
  <sequence>1024</sequence>
  <logger>sample log</logger>
  <level>INFO</level>
  <class>scraping.Scraping</class>
  <method>GetDataFromURL</method>
  <thread>17</thread>
  <message>String</message>
</record>
<record>
  <date>2022-05-21T01:53:34</date>
  <millis>1653065614580</millis>
  <sequence>1025</sequence>
  <logger>sample log</logger>
  <level>INFO</level>
  <class>scraping.Scraping</class>
  <method>GetDataFromURL</method>
  <thread>17</thread>
  <message>出力成功 : FukuokaSoftbankHawks : Kenta Tanigawara</message>
</record>
<record>
  <date>2022-05-21T01:53:34</date>
  <millis>1653065614580</millis>
  <sequence>1026</sequence>
  <logger>sample log</logger>
  <level>INFO</level>
  <class>scraping.Scraping</class>
  <method>GetDataFromURL</method>
  <thread>17</thread>
  <message>String</message>
</record>
<record>
  <date>2022-05-21T01:53:34</date>
  <millis>1653065614581</millis>
  <sequence>1027</sequence>
  <logger>sample log</logger>
  <level>INFO</level>
  <class>scraping.Scraping</class>
  <method>GetDataFromURL</method>
  <thread>17</thread>
  <message>出力成功 : FukuokaSoftbankHawks : Seiji Uebayashi</message>
</record>
<record>
  <date>2022-05-21T01:53:34</date>
  <millis>1653065614581</millis>
  <sequence>1028</sequence>
  <logger>sample log</logger>
  <level>INFO</level>
  <class>scraping.Scraping</class>
  <method>GetDataFromURL</method>
  <thread>17</thread>
  <message>String</message>
</record>
<record>
  <date>2022-05-21T01:53:34</date>
  <millis>1653065614581</millis>
  <sequence>1029</sequence>
  <logger>sample log</logger>
  <level>INFO</level>
  <class>scraping.Scraping</class>
  <method>GetDataFromURL</method>
  <thread>17</thread>
  <message>出力成功 : FukuokaSoftbankHawks : Takashi Umino</message>
</record>
<record>
  <date>2022-05-21T01:53:34</date>
  <millis>1653065614581</millis>
  <sequence>1030</sequence>
  <logger>sample log</logger>
  <level>INFO</level>
  <class>scraping.Scraping</class>
  <method>GetDataFromURL</method>
  <thread>17</thread>
  <message>String</message>
</record>
<record>
  <date>2022-05-21T01:53:34</date>
  <millis>1653065614581</millis>
  <sequence>1031</sequence>
  <logger>sample log</logger>
  <level>INFO</level>
  <class>scraping.Scraping</class>
  <method>GetDataFromURL</method>
  <thread>17</thread>
  <message>出力成功 : FukuokaSoftbankHawks : Tatsuru Yanagimachi</message>
</record>
<record>
  <date>2022-05-21T01:53:34</date>
  <millis>1653065614581</millis>
  <sequence>1032</sequence>
  <logger>sample log</logger>
  <level>INFO</level>
  <class>scraping.Scraping</class>
  <method>GetDataFromURL</method>
  <thread>17</thread>
  <message>String</message>
</record>
<record>
  <date>2022-05-21T01:53:34</date>
  <millis>1653065614582</millis>
  <sequence>1033</sequence>
  <logger>sample log</logger>
  <level>INFO</level>
  <class>scraping.Scraping</class>
  <method>GetDataFromURL</method>
  <thread>17</thread>
  <message>出力成功 : FukuokaSoftbankHawks : Yuki Yanagita</message>
</record>
<record>
  <date>2022-05-21T01:53:34</date>
  <millis>1653065614674</millis>
  <sequence>1034</sequence>
  <logger>sample log</logger>
  <level>INFO</level>
  <class>scraping.Scraping</class>
  <method>GetDataFromURL</method>
  <thread>17</thread>
  <message>String</message>
</record>
<record>
  <date>2022-05-21T01:53:34</date>
  <millis>1653065614674</millis>
  <sequence>1035</sequence>
  <logger>sample log</logger>
  <level>INFO</level>
  <class>scraping.Scraping</class>
  <method>GetDataFromURL</method>
  <thread>17</thread>
  <message>出力成功 : HokkaidoNipponHamFighters : Arismendy Alcantara</message>
</record>
<record>
  <date>2022-05-21T01:53:34</date>
  <millis>1653065614675</millis>
  <sequence>1036</sequence>
  <logger>sample log</logger>
  <level>INFO</level>
  <class>scraping.Scraping</class>
  <method>GetDataFromURL</method>
  <thread>17</thread>
  <message>String</message>
</record>
<record>
  <date>2022-05-21T01:53:34</date>
  <millis>1653065614675</millis>
  <sequence>1037</sequence>
  <logger>sample log</logger>
  <level>INFO</level>
  <class>scraping.Scraping</class>
  <method>GetDataFromURL</method>
  <thread>17</thread>
  <message>出力成功 : HokkaidoNipponHamFighters : Daiki Asama</message>
</record>
<record>
  <date>2022-05-21T01:53:34</date>
  <millis>1653065614675</millis>
  <sequence>1038</sequence>
  <logger>sample log</logger>
  <level>INFO</level>
  <class>scraping.Scraping</class>
  <method>GetDataFromURL</method>
  <thread>17</thread>
  <message>String</message>
</record>
<record>
  <date>2022-05-21T01:53:34</date>
  <millis>1653065614675</millis>
  <sequence>1039</sequence>
  <logger>sample log</logger>
  <level>INFO</level>
  <class>scraping.Scraping</class>
  <method>GetDataFromURL</method>
  <thread>17</thread>
  <message>出力成功 : HokkaidoNipponHamFighters : Yudai Furukawa</message>
</record>
<record>
  <date>2022-05-21T01:53:34</date>
  <millis>1653065614675</millis>
  <sequence>1040</sequence>
  <logger>sample log</logger>
  <level>INFO</level>
  <class>scraping.Scraping</class>
  <method>GetDataFromURL</method>
  <thread>17</thread>
  <message>String</message>
</record>
<record>
  <date>2022-05-21T01:53:34</date>
  <millis>1653065614675</millis>
  <sequence>1041</sequence>
  <logger>sample log</logger>
  <level>INFO</level>
  <class>scraping.Scraping</class>
  <method>GetDataFromURL</method>
  <thread>17</thread>
  <message>出力成功 : HokkaidoNipponHamFighters : Ryohei Hosokawa</message>
</record>
<record>
  <date>2022-05-21T01:53:34</date>
  <millis>1653065614676</millis>
  <sequence>1042</sequence>
  <logger>sample log</logger>
  <level>INFO</level>
  <class>scraping.Scraping</class>
  <method>GetDataFromURL</method>
  <thread>17</thread>
  <message>String</message>
</record>
<record>
  <date>2022-05-21T01:53:34</date>
  <millis>1653065614676</millis>
  <sequence>1043</sequence>
  <logger>sample log</logger>
  <level>INFO</level>
  <class>scraping.Scraping</class>
  <method>GetDataFromURL</method>
  <thread>17</thread>
  <message>出力成功 : HokkaidoNipponHamFighters : Yuma Imagawa</message>
</record>
<record>
  <date>2022-05-21T01:53:34</date>
  <millis>1653065614676</millis>
  <sequence>1044</sequence>
  <logger>sample log</logger>
  <level>INFO</level>
  <class>scraping.Scraping</class>
  <method>GetDataFromURL</method>
  <thread>17</thread>
  <message>String</message>
</record>
<record>
  <date>2022-05-21T01:53:34</date>
  <millis>1653065614676</millis>
  <sequence>1045</sequence>
  <logger>sample log</logger>
  <level>INFO</level>
  <class>scraping.Scraping</class>
  <method>GetDataFromURL</method>
  <thread>17</thread>
  <message>出力成功 : HokkaidoNipponHamFighters : Kazunari Ishii</message>
</record>
<record>
  <date>2022-05-21T01:53:34</date>
  <millis>1653065614677</millis>
  <sequence>1046</sequence>
  <logger>sample log</logger>
  <level>INFO</level>
  <class>scraping.Scraping</class>
  <method>GetDataFromURL</method>
  <thread>17</thread>
  <message>String</message>
</record>
<record>
  <date>2022-05-21T01:53:34</date>
  <millis>1653065614677</millis>
  <sequence>1047</sequence>
  <logger>sample log</logger>
  <level>INFO</level>
  <class>scraping.Scraping</class>
  <method>GetDataFromURL</method>
  <thread>17</thread>
  <message>出力成功 : HokkaidoNipponHamFighters : Shoto Kataoka</message>
</record>
<record>
  <date>2022-05-21T01:53:34</date>
  <millis>1653065614678</millis>
  <sequence>1048</sequence>
  <logger>sample log</logger>
  <level>INFO</level>
  <class>scraping.Scraping</class>
  <method>GetDataFromURL</method>
  <thread>17</thread>
  <message>String</message>
</record>
<record>
  <date>2022-05-21T01:53:34</date>
  <millis>1653065614678</millis>
  <sequence>1049</sequence>
  <logger>sample log</logger>
  <level>INFO</level>
  <class>scraping.Scraping</class>
  <method>GetDataFromURL</method>
  <thread>17</thread>
  <message>出力成功 : HokkaidoNipponHamFighters : Kotaro Kiyomiya</message>
</record>
<record>
  <date>2022-05-21T01:53:34</date>
  <millis>1653065614679</millis>
  <sequence>1050</sequence>
  <logger>sample log</logger>
  <level>INFO</level>
  <class>scraping.Scraping</class>
  <method>GetDataFromURL</method>
  <thread>17</thread>
  <message>String</message>
</record>
<record>
  <date>2022-05-21T01:53:34</date>
  <millis>1653065614679</millis>
  <sequence>1051</sequence>
  <logger>sample log</logger>
  <level>INFO</level>
  <class>scraping.Scraping</class>
  <method>GetDataFromURL</method>
  <thread>17</thread>
  <message>出力成功 : HokkaidoNipponHamFighters : Takuya Kohri</message>
</record>
<record>
  <date>2022-05-21T01:53:34</date>
  <millis>1653065614679</millis>
  <sequence>1052</sequence>
  <logger>sample log</logger>
  <level>INFO</level>
  <class>scraping.Scraping</class>
  <method>GetDataFromURL</method>
  <thread>17</thread>
  <message>String</message>
</record>
<record>
  <date>2022-05-21T01:53:34</date>
  <millis>1653065614680</millis>
  <sequence>1053</sequence>
  <logger>sample log</logger>
  <level>INFO</level>
  <class>scraping.Scraping</class>
  <method>GetDataFromURL</method>
  <thread>17</thread>
  <message>出力成功 : HokkaidoNipponHamFighters : Kensuke Kondoh</message>
</record>
<record>
  <date>2022-05-21T01:53:34</date>
  <millis>1653065614680</millis>
  <sequence>1054</sequence>
  <logger>sample log</logger>
  <level>INFO</level>
  <class>scraping.Scraping</class>
  <method>GetDataFromURL</method>
  <thread>17</thread>
  <message>String</message>
</record>
<record>
  <date>2022-05-21T01:53:34</date>
  <millis>1653065614680</millis>
  <sequence>1055</sequence>
  <logger>sample log</logger>
  <level>INFO</level>
  <class>scraping.Scraping</class>
  <method>GetDataFromURL</method>
  <thread>17</thread>
  <message>出力成功 : HokkaidoNipponHamFighters : Chusei Mannami</message>
</record>
<record>
  <date>2022-05-21T01:53:34</date>
  <millis>1653065614680</millis>
  <sequence>1056</sequence>
  <logger>sample log</logger>
  <level>INFO</level>
  <class>scraping.Scraping</class>
  <method>GetDataFromURL</method>
  <thread>17</thread>
  <message>String</message>
</record>
<record>
  <date>2022-05-21T01:53:34</date>
  <millis>1653065614680</millis>
  <sequence>1057</sequence>
  <logger>sample log</logger>
  <level>INFO</level>
  <class>scraping.Scraping</class>
  <method>GetDataFromURL</method>
  <thread>17</thread>
  <message>出力成功 : HokkaidoNipponHamFighters : Go Matsumoto</message>
</record>
<record>
  <date>2022-05-21T01:53:34</date>
  <millis>1653065614680</millis>
  <sequence>1058</sequence>
  <logger>sample log</logger>
  <level>INFO</level>
  <class>scraping.Scraping</class>
  <method>GetDataFromURL</method>
  <thread>17</thread>
  <message>String</message>
</record>
<record>
  <date>2022-05-21T01:53:34</date>
  <millis>1653065614680</millis>
  <sequence>1059</sequence>
  <logger>sample log</logger>
  <level>INFO</level>
  <class>scraping.Scraping</class>
  <method>GetDataFromURL</method>
  <thread>17</thread>
  <message>出力成功 : HokkaidoNipponHamFighters : Tatsuki Mizuno</message>
</record>
<record>
  <date>2022-05-21T01:53:34</date>
  <millis>1653065614681</millis>
  <sequence>1060</sequence>
  <logger>sample log</logger>
  <level>INFO</level>
  <class>scraping.Scraping</class>
  <method>GetDataFromURL</method>
  <thread>17</thread>
  <message>String</message>
</record>
<record>
  <date>2022-05-21T01:53:34</date>
  <millis>1653065614681</millis>
  <sequence>1061</sequence>
  <logger>sample log</logger>
  <level>INFO</level>
  <class>scraping.Scraping</class>
  <method>GetDataFromURL</method>
  <thread>17</thread>
  <message>出力成功 : HokkaidoNipponHamFighters : Takuya Nakashima</message>
</record>
<record>
  <date>2022-05-21T01:53:34</date>
  <millis>1653065614681</millis>
  <sequence>1062</sequence>
  <logger>sample log</logger>
  <level>INFO</level>
  <class>scraping.Scraping</class>
  <method>GetDataFromURL</method>
  <thread>17</thread>
  <message>String</message>
</record>
<record>
  <date>2022-05-21T01:53:34</date>
  <millis>1653065614681</millis>
  <sequence>1063</sequence>
  <logger>sample log</logger>
  <level>INFO</level>
  <class>scraping.Scraping</class>
  <method>GetDataFromURL</method>
  <thread>17</thread>
  <message>出力成功 : HokkaidoNipponHamFighters : Yuki Nomura</message>
</record>
<record>
  <date>2022-05-21T01:53:34</date>
  <millis>1653065614681</millis>
  <sequence>1064</sequence>
  <logger>sample log</logger>
  <level>INFO</level>
  <class>scraping.Scraping</class>
  <method>GetDataFromURL</method>
  <thread>17</thread>
  <message>String</message>
</record>
<record>
  <date>2022-05-21T01:53:34</date>
  <millis>1653065614681</millis>
  <sequence>1065</sequence>
  <logger>sample log</logger>
  <level>INFO</level>
  <class>scraping.Scraping</class>
  <method>GetDataFromURL</method>
  <thread>17</thread>
  <message>出力成功 : HokkaidoNipponHamFighters : Renato Nunez</message>
</record>
<record>
  <date>2022-05-21T01:53:34</date>
  <millis>1653065614681</millis>
  <sequence>1066</sequence>
  <logger>sample log</logger>
  <level>INFO</level>
  <class>scraping.Scraping</class>
  <method>GetDataFromURL</method>
  <thread>17</thread>
  <message>String</message>
</record>
<record>
  <date>2022-05-21T01:53:34</date>
  <millis>1653065614681</millis>
  <sequence>1067</sequence>
  <logger>sample log</logger>
  <level>INFO</level>
  <class>scraping.Scraping</class>
  <method>GetDataFromURL</method>
  <thread>17</thread>
  <message>出力成功 : HokkaidoNipponHamFighters : Ryusei Satoh</message>
</record>
<record>
  <date>2022-05-21T01:53:34</date>
  <millis>1653065614682</millis>
  <sequence>1068</sequence>
  <logger>sample log</logger>
  <level>INFO</level>
  <class>scraping.Scraping</class>
  <method>GetDataFromURL</method>
  <thread>17</thread>
  <message>String</message>
</record>
<record>
  <date>2022-05-21T01:53:34</date>
  <millis>1653065614682</millis>
  <sequence>1069</sequence>
  <logger>sample log</logger>
  <level>INFO</level>
  <class>scraping.Scraping</class>
  <method>GetDataFromURL</method>
  <thread>17</thread>
  <message>出力成功 : HokkaidoNipponHamFighters : Yushi Shimizu</message>
</record>
<record>
  <date>2022-05-21T01:53:34</date>
  <millis>1653065614682</millis>
  <sequence>1070</sequence>
  <logger>sample log</logger>
  <level>INFO</level>
  <class>scraping.Scraping</class>
  <method>GetDataFromURL</method>
  <thread>17</thread>
  <message>String</message>
</record>
<record>
  <date>2022-05-21T01:53:34</date>
  <millis>1653065614682</millis>
  <sequence>1071</sequence>
  <logger>sample log</logger>
  <level>INFO</level>
  <class>scraping.Scraping</class>
  <method>GetDataFromURL</method>
  <thread>17</thread>
  <message>出力成功 : HokkaidoNipponHamFighters : Kenshi Sugiya</message>
</record>
<record>
  <date>2022-05-21T01:53:34</date>
  <millis>1653065614682</millis>
  <sequence>1072</sequence>
  <logger>sample log</logger>
  <level>INFO</level>
  <class>scraping.Scraping</class>
  <method>GetDataFromURL</method>
  <thread>17</thread>
  <message>String</message>
</record>
<record>
  <date>2022-05-21T01:53:34</date>
  <millis>1653065614682</millis>
  <sequence>1073</sequence>
  <logger>sample log</logger>
  <level>INFO</level>
  <class>scraping.Scraping</class>
  <method>GetDataFromURL</method>
  <thread>17</thread>
  <message>出力成功 : HokkaidoNipponHamFighters : Yuto Takahama</message>
</record>
<record>
  <date>2022-05-21T01:53:34</date>
  <millis>1653065614682</millis>
  <sequence>1074</sequence>
  <logger>sample log</logger>
  <level>INFO</level>
  <class>scraping.Scraping</class>
  <method>GetDataFromURL</method>
  <thread>17</thread>
  <message>String</message>
</record>
<record>
  <date>2022-05-21T01:53:34</date>
  <millis>1653065614682</millis>
  <sequence>1075</sequence>
  <logger>sample log</logger>
  <level>INFO</level>
  <class>scraping.Scraping</class>
  <method>GetDataFromURL</method>
  <thread>17</thread>
  <message>出力成功 : HokkaidoNipponHamFighters : Yua Tamiya</message>
</record>
<record>
  <date>2022-05-21T01:53:34</date>
  <millis>1653065614683</millis>
  <sequence>1076</sequence>
  <logger>sample log</logger>
  <level>INFO</level>
  <class>scraping.Scraping</class>
  <method>GetDataFromURL</method>
  <thread>17</thread>
  <message>String</message>
</record>
<record>
  <date>2022-05-21T01:53:34</date>
  <millis>1653065614683</millis>
  <sequence>1077</sequence>
  <logger>sample log</logger>
  <level>INFO</level>
  <class>scraping.Scraping</class>
  <method>GetDataFromURL</method>
  <thread>17</thread>
  <message>出力成功 : HokkaidoNipponHamFighters : Kyohei Ueno</message>
</record>
<record>
  <date>2022-05-21T01:53:34</date>
  <millis>1653065614683</millis>
  <sequence>1078</sequence>
  <logger>sample log</logger>
  <level>INFO</level>
  <class>scraping.Scraping</class>
  <method>GetDataFromURL</method>
  <thread>17</thread>
  <message>String</message>
</record>
<record>
  <date>2022-05-21T01:53:34</date>
  <millis>1653065614683</millis>
  <sequence>1079</sequence>
  <logger>sample log</logger>
  <level>INFO</level>
  <class>scraping.Scraping</class>
  <method>GetDataFromURL</method>
  <thread>17</thread>
  <message>出力成功 : HokkaidoNipponHamFighters : Yuki Umebayashi</message>
</record>
<record>
  <date>2022-05-21T01:53:34</date>
  <millis>1653065614683</millis>
  <sequence>1080</sequence>
  <logger>sample log</logger>
  <level>INFO</level>
  <class>scraping.Scraping</class>
  <method>GetDataFromURL</method>
  <thread>17</thread>
  <message>String</message>
</record>
<record>
  <date>2022-05-21T01:53:34</date>
  <millis>1653065614683</millis>
  <sequence>1081</sequence>
  <logger>sample log</logger>
  <level>INFO</level>
  <class>scraping.Scraping</class>
  <method>GetDataFromURL</method>
  <thread>17</thread>
  <message>出力成功 : HokkaidoNipponHamFighters : Shingo Usami</message>
</record>
<record>
  <date>2022-05-21T01:53:34</date>
  <millis>1653065614683</millis>
  <sequence>1082</sequence>
  <logger>sample log</logger>
  <level>INFO</level>
  <class>scraping.Scraping</class>
  <method>GetDataFromURL</method>
  <thread>17</thread>
  <message>String</message>
</record>
<record>
  <date>2022-05-21T01:53:34</date>
  <millis>1653065614683</millis>
  <sequence>1083</sequence>
  <logger>sample log</logger>
  <level>INFO</level>
  <class>scraping.Scraping</class>
  <method>GetDataFromURL</method>
  <thread>17</thread>
  <message>出力成功 : HokkaidoNipponHamFighters : Po-Jung Wang</message>
</record>
<record>
  <date>2022-05-21T01:53:34</date>
  <millis>1653065614683</millis>
  <sequence>1084</sequence>
  <logger>sample log</logger>
  <level>INFO</level>
  <class>scraping.Scraping</class>
  <method>GetDataFromURL</method>
  <thread>17</thread>
  <message>String</message>
</record>
<record>
  <date>2022-05-21T01:53:34</date>
  <millis>1653065614684</millis>
  <sequence>1085</sequence>
  <logger>sample log</logger>
  <level>INFO</level>
  <class>scraping.Scraping</class>
  <method>GetDataFromURL</method>
  <thread>17</thread>
  <message>出力成功 : HokkaidoNipponHamFighters : Ryo Watanabe</message>
</record>
<record>
  <date>2022-05-21T01:53:34</date>
  <millis>1653065614684</millis>
  <sequence>1086</sequence>
  <logger>sample log</logger>
  <level>INFO</level>
  <class>scraping.Scraping</class>
  <method>GetDataFromURL</method>
  <thread>17</thread>
  <message>String</message>
</record>
<record>
  <date>2022-05-21T01:53:34</date>
  <millis>1653065614684</millis>
  <sequence>1087</sequence>
  <logger>sample log</logger>
  <level>INFO</level>
  <class>scraping.Scraping</class>
  <method>GetDataFromURL</method>
  <thread>17</thread>
  <message>出力成功 : HokkaidoNipponHamFighters : Ryota Yachi</message>
</record>
<record>
  <date>2022-05-21T01:53:34</date>
  <millis>1653065614767</millis>
  <sequence>1088</sequence>
  <logger>sample log</logger>
  <level>INFO</level>
  <class>scraping.Scraping</class>
  <method>GetDataFromURL</method>
  <thread>17</thread>
  <message>String</message>
</record>
<record>
  <date>2022-05-21T01:53:34</date>
  <millis>1653065614767</millis>
  <sequence>1089</sequence>
  <logger>sample log</logger>
  <level>INFO</level>
  <class>scraping.Scraping</class>
  <method>GetDataFromURL</method>
  <thread>17</thread>
  <message>出力成功 : OrixBuffaloes : Ryoichi Adachi</message>
</record>
<record>
  <date>2022-05-21T01:53:34</date>
  <millis>1653065614768</millis>
  <sequence>1090</sequence>
  <logger>sample log</logger>
  <level>INFO</level>
  <class>scraping.Scraping</class>
  <method>GetDataFromURL</method>
  <thread>17</thread>
  <message>String</message>
</record>
<record>
  <date>2022-05-21T01:53:34</date>
  <millis>1653065614768</millis>
  <sequence>1091</sequence>
  <logger>sample log</logger>
  <level>INFO</level>
  <class>scraping.Scraping</class>
  <method>GetDataFromURL</method>
  <thread>17</thread>
  <message>出力成功 : OrixBuffaloes : Shuhei Fukuda</message>
</record>
<record>
  <date>2022-05-21T01:53:34</date>
  <millis>1653065614768</millis>
  <sequence>1092</sequence>
  <logger>sample log</logger>
  <level>INFO</level>
  <class>scraping.Scraping</class>
  <method>GetDataFromURL</method>
  <thread>17</thread>
  <message>String</message>
</record>
<record>
  <date>2022-05-21T01:53:34</date>
  <millis>1653065614768</millis>
  <sequence>1093</sequence>
  <logger>sample log</logger>
  <level>INFO</level>
  <class>scraping.Scraping</class>
  <method>GetDataFromURL</method>
  <thread>17</thread>
  <message>出力成功 : OrixBuffaloes : Sho Fukunaga</message>
</record>
<record>
  <date>2022-05-21T01:53:34</date>
  <millis>1653065614768</millis>
  <sequence>1094</sequence>
  <logger>sample log</logger>
  <level>INFO</level>
  <class>scraping.Scraping</class>
  <method>GetDataFromURL</method>
  <thread>17</thread>
  <message>String</message>
</record>
<record>
  <date>2022-05-21T01:53:34</date>
  <millis>1653065614768</millis>
  <sequence>1095</sequence>
  <logger>sample log</logger>
  <level>INFO</level>
  <class>scraping.Scraping</class>
  <method>GetDataFromURL</method>
  <thread>17</thread>
  <message>出力成功 : OrixBuffaloes : Torai Fushimi</message>
</record>
<record>
  <date>2022-05-21T01:53:34</date>
  <millis>1653065614769</millis>
  <sequence>1096</sequence>
  <logger>sample log</logger>
  <level>INFO</level>
  <class>scraping.Scraping</class>
  <method>GetDataFromURL</method>
  <thread>17</thread>
  <message>String</message>
</record>
<record>
  <date>2022-05-21T01:53:34</date>
  <millis>1653065614769</millis>
  <sequence>1097</sequence>
  <logger>sample log</logger>
  <level>INFO</level>
  <class>scraping.Scraping</class>
  <method>GetDataFromURL</method>
  <thread>17</thread>
  <message>出力成功 : OrixBuffaloes : Sho Gibo</message>
</record>
<record>
  <date>2022-05-21T01:53:34</date>
  <millis>1653065614769</millis>
  <sequence>1098</sequence>
  <logger>sample log</logger>
  <level>INFO</level>
  <class>scraping.Scraping</class>
  <method>GetDataFromURL</method>
  <thread>17</thread>
  <message>String</message>
</record>
<record>
  <date>2022-05-21T01:53:34</date>
  <millis>1653065614769</millis>
  <sequence>1099</sequence>
  <logger>sample log</logger>
  <level>INFO</level>
  <class>scraping.Scraping</class>
  <method>GetDataFromURL</method>
  <thread>17</thread>
  <message>出力成功 : OrixBuffaloes : Shunta Gotoh</message>
</record>
<record>
  <date>2022-05-21T01:53:34</date>
  <millis>1653065614769</millis>
  <sequence>1100</sequence>
  <logger>sample log</logger>
  <level>INFO</level>
  <class>scraping.Scraping</class>
  <method>GetDataFromURL</method>
  <thread>17</thread>
  <message>String</message>
</record>
<record>
  <date>2022-05-21T01:53:34</date>
  <millis>1653065614770</millis>
  <sequence>1101</sequence>
  <logger>sample log</logger>
  <level>INFO</level>
  <class>scraping.Scraping</class>
  <method>GetDataFromURL</method>
  <thread>17</thread>
  <message>出力成功 : OrixBuffaloes : Ryoma Ikeda</message>
</record>
<record>
  <date>2022-05-21T01:53:34</date>
  <millis>1653065614770</millis>
  <sequence>1102</sequence>
  <logger>sample log</logger>
  <level>INFO</level>
  <class>scraping.Scraping</class>
  <method>GetDataFromURL</method>
  <thread>17</thread>
  <message>String</message>
</record>
<record>
  <date>2022-05-21T01:53:34</date>
  <millis>1653065614770</millis>
  <sequence>1103</sequence>
  <logger>sample log</logger>
  <level>INFO</level>
  <class>scraping.Scraping</class>
  <method>GetDataFromURL</method>
  <thread>17</thread>
  <message>出力成功 : OrixBuffaloes : Ryoto Kita</message>
</record>
<record>
  <date>2022-05-21T01:53:34</date>
  <millis>1653065614770</millis>
  <sequence>1104</sequence>
  <logger>sample log</logger>
  <level>INFO</level>
  <class>scraping.Scraping</class>
  <method>GetDataFromURL</method>
  <thread>17</thread>
  <message>String</message>
</record>
<record>
  <date>2022-05-21T01:53:34</date>
  <millis>1653065614770</millis>
  <sequence>1105</sequence>
  <logger>sample log</logger>
  <level>INFO</level>
  <class>scraping.Scraping</class>
  <method>GetDataFromURL</method>
  <thread>17</thread>
  <message>出力成功 : OrixBuffaloes : Kotaro Kurebayashi</message>
</record>
<record>
  <date>2022-05-21T01:53:34</date>
  <millis>1653065614771</millis>
  <sequence>1106</sequence>
  <logger>sample log</logger>
  <level>INFO</level>
  <class>scraping.Scraping</class>
  <method>GetDataFromURL</method>
  <thread>17</thread>
  <message>String</message>
</record>
<record>
  <date>2022-05-21T01:53:34</date>
  <millis>1653065614771</millis>
  <sequence>1107</sequence>
  <logger>sample log</logger>
  <level>INFO</level>
  <class>scraping.Scraping</class>
  <method>GetDataFromURL</method>
  <thread>17</thread>
  <message>出力成功 : OrixBuffaloes : Yuma Mune</message>
</record>
<record>
  <date>2022-05-21T01:53:34</date>
  <millis>1653065614772</millis>
  <sequence>1108</sequence>
  <logger>sample log</logger>
  <level>INFO</level>
  <class>scraping.Scraping</class>
  <method>GetDataFromURL</method>
  <thread>17</thread>
  <message>String</message>
</record>
<record>
  <date>2022-05-21T01:53:34</date>
  <millis>1653065614772</millis>
  <sequence>1109</sequence>
  <logger>sample log</logger>
  <level>INFO</level>
  <class>scraping.Scraping</class>
  <method>GetDataFromURL</method>
  <thread>17</thread>
  <message>出力成功 : OrixBuffaloes : Keita Nakagawa</message>
</record>
<record>
  <date>2022-05-21T01:53:34</date>
  <millis>1653065614772</millis>
  <sequence>1110</sequence>
  <logger>sample log</logger>
  <level>INFO</level>
  <class>scraping.Scraping</class>
  <method>GetDataFromURL</method>
  <thread>17</thread>
  <message>String</message>
</record>
<record>
  <date>2022-05-21T01:53:34</date>
  <millis>1653065614772</millis>
  <sequence>1111</sequence>
  <logger>sample log</logger>
  <level>INFO</level>
  <class>scraping.Scraping</class>
  <method>GetDataFromURL</method>
  <thread>17</thread>
  <message>出力成功 : OrixBuffaloes : Ryo Nishimura</message>
</record>
<record>
  <date>2022-05-21T01:53:34</date>
  <millis>1653065614772</millis>
  <sequence>1112</sequence>
  <logger>sample log</logger>
  <level>INFO</level>
  <class>scraping.Scraping</class>
  <method>GetDataFromURL</method>
  <thread>17</thread>
  <message>String</message>
</record>
<record>
  <date>2022-05-21T01:53:34</date>
  <millis>1653065614772</millis>
  <sequence>1113</sequence>
  <logger>sample log</logger>
  <level>INFO</level>
  <class>scraping.Scraping</class>
  <method>GetDataFromURL</method>
  <thread>17</thread>
  <message>出力成功 : OrixBuffaloes : Masahiro Nishino</message>
</record>
<record>
  <date>2022-05-21T01:53:34</date>
  <millis>1653065614772</millis>
  <sequence>1114</sequence>
  <logger>sample log</logger>
  <level>INFO</level>
  <class>scraping.Scraping</class>
  <method>GetDataFromURL</method>
  <thread>17</thread>
  <message>String</message>
</record>
<record>
  <date>2022-05-21T01:53:34</date>
  <millis>1653065614772</millis>
  <sequence>1115</sequence>
  <logger>sample log</logger>
  <level>INFO</level>
  <class>scraping.Scraping</class>
  <method>GetDataFromURL</method>
  <thread>17</thread>
  <message>出力成功 : OrixBuffaloes : Tomoya Noguchi</message>
</record>
<record>
  <date>2022-05-21T01:53:34</date>
  <millis>1653065614772</millis>
  <sequence>1116</sequence>
  <logger>sample log</logger>
  <level>INFO</level>
  <class>scraping.Scraping</class>
  <method>GetDataFromURL</method>
  <thread>17</thread>
  <message>String</message>
</record>
<record>
  <date>2022-05-21T01:53:34</date>
  <millis>1653065614773</millis>
  <sequence>1117</sequence>
  <logger>sample log</logger>
  <level>INFO</level>
  <class>scraping.Scraping</class>
  <method>GetDataFromURL</method>
  <thread>17</thread>
  <message>出力成功 : OrixBuffaloes : Yuya Oda</message>
</record>
<record>
  <date>2022-05-21T01:53:34</date>
  <millis>1653065614773</millis>
  <sequence>1118</sequence>
  <logger>sample log</logger>
  <level>INFO</level>
  <class>scraping.Scraping</class>
  <method>GetDataFromURL</method>
  <thread>17</thread>
  <message>String</message>
</record>
<record>
  <date>2022-05-21T01:53:34</date>
  <millis>1653065614773</millis>
  <sequence>1119</sequence>
  <logger>sample log</logger>
  <level>INFO</level>
  <class>scraping.Scraping</class>
  <method>GetDataFromURL</method>
  <thread>17</thread>
  <message>出力成功 : OrixBuffaloes : Koji Ohshiro</message>
</record>
<record>
  <date>2022-05-21T01:53:34</date>
  <millis>1653065614773</millis>
  <sequence>1120</sequence>
  <logger>sample log</logger>
  <level>INFO</level>
  <class>scraping.Scraping</class>
  <method>GetDataFromURL</method>
  <thread>17</thread>
  <message>String</message>
</record>
<record>
  <date>2022-05-21T01:53:34</date>
  <millis>1653065614774</millis>
  <sequence>1121</sequence>
  <logger>sample log</logger>
  <level>INFO</level>
  <class>scraping.Scraping</class>
  <method>GetDataFromURL</method>
  <thread>17</thread>
  <message>出力成功 : OrixBuffaloes : Seiichiro Ohshita</message>
</record>
<record>
  <date>2022-05-21T01:53:34</date>
  <millis>1653065614774</millis>
  <sequence>1122</sequence>
  <logger>sample log</logger>
  <level>INFO</level>
  <class>scraping.Scraping</class>
  <method>GetDataFromURL</method>
  <thread>17</thread>
  <message>String</message>
</record>
<record>
  <date>2022-05-21T01:53:34</date>
  <millis>1653065614774</millis>
  <sequence>1123</sequence>
  <logger>sample log</logger>
  <level>INFO</level>
  <class>scraping.Scraping</class>
  <method>GetDataFromURL</method>
  <thread>17</thread>
  <message>出力成功 : OrixBuffaloes : Ryo Ohta</message>
</record>
<record>
  <date>2022-05-21T01:53:34</date>
  <millis>1653065614774</millis>
  <sequence>1124</sequence>
  <logger>sample log</logger>
  <level>INFO</level>
  <class>scraping.Scraping</class>
  <method>GetDataFromURL</method>
  <thread>17</thread>
  <message>String</message>
</record>
<record>
  <date>2022-05-21T01:53:34</date>
  <millis>1653065614774</millis>
  <sequence>1125</sequence>
  <logger>sample log</logger>
  <level>INFO</level>
  <class>scraping.Scraping</class>
  <method>GetDataFromURL</method>
  <thread>17</thread>
  <message>出力成功 : OrixBuffaloes : Rangel Ravelo</message>
</record>
<record>
  <date>2022-05-21T01:53:34</date>
  <millis>1653065614774</millis>
  <sequence>1126</sequence>
  <logger>sample log</logger>
  <level>INFO</level>
  <class>scraping.Scraping</class>
  <method>GetDataFromURL</method>
  <thread>17</thread>
  <message>String</message>
</record>
<record>
  <date>2022-05-21T01:53:34</date>
  <millis>1653065614774</millis>
  <sequence>1127</sequence>
  <logger>sample log</logger>
  <level>INFO</level>
  <class>scraping.Scraping</class>
  <method>GetDataFromURL</method>
  <thread>17</thread>
  <message>出力成功 : OrixBuffaloes : Kodai Sano</message>
</record>
<record>
  <date>2022-05-21T01:53:34</date>
  <millis>1653065614775</millis>
  <sequence>1128</sequence>
  <logger>sample log</logger>
  <level>INFO</level>
  <class>scraping.Scraping</class>
  <method>GetDataFromURL</method>
  <thread>17</thread>
  <message>String</message>
</record>
<record>
  <date>2022-05-21T01:53:34</date>
  <millis>1653065614775</millis>
  <sequence>1129</sequence>
  <logger>sample log</logger>
  <level>INFO</level>
  <class>scraping.Scraping</class>
  <method>GetDataFromURL</method>
  <thread>17</thread>
  <message>出力成功 : OrixBuffaloes : Yukikazu Sano</message>
</record>
<record>
  <date>2022-05-21T01:53:34</date>
  <millis>1653065614775</millis>
  <sequence>1130</sequence>
  <logger>sample log</logger>
  <level>INFO</level>
  <class>scraping.Scraping</class>
  <method>GetDataFromURL</method>
  <thread>17</thread>
  <message>String</message>
</record>
<record>
  <date>2022-05-21T01:53:34</date>
  <millis>1653065614776</millis>
  <sequence>1131</sequence>
  <logger>sample log</logger>
  <level>INFO</level>
  <class>scraping.Scraping</class>
  <method>GetDataFromURL</method>
  <thread>17</thread>
  <message>出力成功 : OrixBuffaloes : Yutaro Sugimoto</message>
</record>
<record>
  <date>2022-05-21T01:53:34</date>
  <millis>1653065614776</millis>
  <sequence>1132</sequence>
  <logger>sample log</logger>
  <level>INFO</level>
  <class>scraping.Scraping</class>
  <method>GetDataFromURL</method>
  <thread>17</thread>
  <message>String</message>
</record>
<record>
  <date>2022-05-21T01:53:34</date>
  <millis>1653065614776</millis>
  <sequence>1133</sequence>
  <logger>sample log</logger>
  <level>INFO</level>
  <class>scraping.Scraping</class>
  <method>GetDataFromURL</method>
  <thread>17</thread>
  <message>出力成功 : OrixBuffaloes : Yuma Tongu</message>
</record>
<record>
  <date>2022-05-21T01:53:34</date>
  <millis>1653065614776</millis>
  <sequence>1134</sequence>
  <logger>sample log</logger>
  <level>INFO</level>
  <class>scraping.Scraping</class>
  <method>GetDataFromURL</method>
  <thread>17</thread>
  <message>String</message>
</record>
<record>
  <date>2022-05-21T01:53:34</date>
  <millis>1653065614777</millis>
  <sequence>1135</sequence>
  <logger>sample log</logger>
  <level>INFO</level>
  <class>scraping.Scraping</class>
  <method>GetDataFromURL</method>
  <thread>17</thread>
  <message>出力成功 : OrixBuffaloes : Breyvic Valera</message>
</record>
<record>
  <date>2022-05-21T01:53:34</date>
  <millis>1653065614777</millis>
  <sequence>1136</sequence>
  <logger>sample log</logger>
  <level>INFO</level>
  <class>scraping.Scraping</class>
  <method>GetDataFromURL</method>
  <thread>17</thread>
  <message>String</message>
</record>
<record>
  <date>2022-05-21T01:53:34</date>
  <millis>1653065614777</millis>
  <sequence>1137</sequence>
  <logger>sample log</logger>
  <level>INFO</level>
  <class>scraping.Scraping</class>
  <method>GetDataFromURL</method>
  <thread>17</thread>
  <message>出力成功 : OrixBuffaloes : Kenya Wakatsuki</message>
</record>
<record>
  <date>2022-05-21T01:53:34</date>
  <millis>1653065614778</millis>
  <sequence>1138</sequence>
  <logger>sample log</logger>
  <level>INFO</level>
  <class>scraping.Scraping</class>
  <method>GetDataFromURL</method>
  <thread>17</thread>
  <message>String</message>
</record>
<record>
  <date>2022-05-21T01:53:34</date>
  <millis>1653065614778</millis>
  <sequence>1139</sequence>
  <logger>sample log</logger>
  <level>INFO</level>
  <class>scraping.Scraping</class>
  <method>GetDataFromURL</method>
  <thread>17</thread>
  <message>出力成功 : OrixBuffaloes : Haruto Watanabe</message>
</record>
<record>
  <date>2022-05-21T01:53:34</date>
  <millis>1653065614778</millis>
  <sequence>1140</sequence>
  <logger>sample log</logger>
  <level>INFO</level>
  <class>scraping.Scraping</class>
  <method>GetDataFromURL</method>
  <thread>17</thread>
  <message>String</message>
</record>
<record>
  <date>2022-05-21T01:53:34</date>
  <millis>1653065614779</millis>
  <sequence>1141</sequence>
  <logger>sample log</logger>
  <level>INFO</level>
  <class>scraping.Scraping</class>
  <method>GetDataFromURL</method>
  <thread>17</thread>
  <message>出力成功 : OrixBuffaloes : Tatsuya Yamaashi</message>
</record>
<record>
  <date>2022-05-21T01:53:34</date>
  <millis>1653065614779</millis>
  <sequence>1142</sequence>
  <logger>sample log</logger>
  <level>INFO</level>
  <class>scraping.Scraping</class>
  <method>GetDataFromURL</method>
  <thread>17</thread>
  <message>String</message>
</record>
<record>
  <date>2022-05-21T01:53:34</date>
  <millis>1653065614780</millis>
  <sequence>1143</sequence>
  <logger>sample log</logger>
  <level>INFO</level>
  <class>scraping.Scraping</class>
  <method>GetDataFromURL</method>
  <thread>17</thread>
  <message>出力成功 : OrixBuffaloes : Masataka Yoshida</message>
</record>
<record>
  <date>2022-05-21T01:53:34</date>
  <millis>1653065614865</millis>
  <sequence>1144</sequence>
  <logger>sample log</logger>
  <level>INFO</level>
  <class>scraping.Scraping</class>
  <method>GetDataFromURL</method>
  <thread>17</thread>
  <message>String</message>
</record>
<record>
  <date>2022-05-21T01:53:34</date>
  <millis>1653065614865</millis>
  <sequence>1145</sequence>
  <logger>sample log</logger>
  <level>INFO</level>
  <class>scraping.Scraping</class>
  <method>GetDataFromURL</method>
  <thread>17</thread>
  <message>出力成功 : SaitamaSeibuLions : Sosuke Genda</message>
</record>
<record>
  <date>2022-05-21T01:53:34</date>
  <millis>1653065614865</millis>
  <sequence>1146</sequence>
  <logger>sample log</logger>
  <level>INFO</level>
  <class>scraping.Scraping</class>
  <method>GetDataFromURL</method>
  <thread>17</thread>
  <message>String</message>
</record>
<record>
  <date>2022-05-21T01:53:34</date>
  <millis>1653065614865</millis>
  <sequence>1147</sequence>
  <logger>sample log</logger>
  <level>INFO</level>
  <class>scraping.Scraping</class>
  <method>GetDataFromURL</method>
  <thread>17</thread>
  <message>出力成功 : SaitamaSeibuLions : Yuji Kaneko</message>
</record>
<record>
  <date>2022-05-21T01:53:34</date>
  <millis>1653065614866</millis>
  <sequence>1148</sequence>
  <logger>sample log</logger>
  <level>INFO</level>
  <class>scraping.Scraping</class>
  <method>GetDataFromURL</method>
  <thread>17</thread>
  <message>String</message>
</record>
<record>
  <date>2022-05-21T01:53:34</date>
  <millis>1653065614866</millis>
  <sequence>1149</sequence>
  <logger>sample log</logger>
  <level>INFO</level>
  <class>scraping.Scraping</class>
  <method>GetDataFromURL</method>
  <thread>17</thread>
  <message>出力成功 : SaitamaSeibuLions : Seiji Kawagoe</message>
</record>
<record>
  <date>2022-05-21T01:53:34</date>
  <millis>1653065614866</millis>
  <sequence>1150</sequence>
  <logger>sample log</logger>
  <level>INFO</level>
  <class>scraping.Scraping</class>
  <method>GetDataFromURL</method>
  <thread>17</thread>
  <message>String</message>
</record>
<record>
  <date>2022-05-21T01:53:34</date>
  <millis>1653065614866</millis>
  <sequence>1151</sequence>
  <logger>sample log</logger>
  <level>INFO</level>
  <class>scraping.Scraping</class>
  <method>GetDataFromURL</method>
  <thread>17</thread>
  <message>出力成功 : SaitamaSeibuLions : Ryota Kawano</message>
</record>
<record>
  <date>2022-05-21T01:53:34</date>
  <millis>1653065614866</millis>
  <sequence>1152</sequence>
  <logger>sample log</logger>
  <level>INFO</level>
  <class>scraping.Scraping</class>
  <method>GetDataFromURL</method>
  <thread>17</thread>
  <message>String</message>
</record>
<record>
  <date>2022-05-21T01:53:34</date>
  <millis>1653065614866</millis>
  <sequence>1153</sequence>
  <logger>sample log</logger>
  <level>INFO</level>
  <class>scraping.Scraping</class>
  <method>GetDataFromURL</method>
  <thread>17</thread>
  <message>出力成功 : SaitamaSeibuLions : Junichiro Kishi</message>
</record>
<record>
  <date>2022-05-21T01:53:34</date>
  <millis>1653065614866</millis>
  <sequence>1154</sequence>
  <logger>sample log</logger>
  <level>INFO</level>
  <class>scraping.Scraping</class>
  <method>GetDataFromURL</method>
  <thread>17</thread>
  <message>String</message>
</record>
<record>
  <date>2022-05-21T01:53:34</date>
  <millis>1653065614866</millis>
  <sequence>1155</sequence>
  <logger>sample log</logger>
  <level>INFO</level>
  <class>scraping.Scraping</class>
  <method>GetDataFromURL</method>
  <thread>17</thread>
  <message>出力成功 : SaitamaSeibuLions : Yuto Koga</message>
</record>
<record>
  <date>2022-05-21T01:53:34</date>
  <millis>1653065614867</millis>
  <sequence>1156</sequence>
  <logger>sample log</logger>
  <level>INFO</level>
  <class>scraping.Scraping</class>
  <method>GetDataFromURL</method>
  <thread>17</thread>
  <message>String</message>
</record>
<record>
  <date>2022-05-21T01:53:34</date>
  <millis>1653065614867</millis>
  <sequence>1157</sequence>
  <logger>sample log</logger>
  <level>INFO</level>
  <class>scraping.Scraping</class>
  <method>GetDataFromURL</method>
  <thread>17</thread>
  <message>出力成功 : SaitamaSeibuLions : Masato Kumashiro</message>
</record>
<record>
  <date>2022-05-21T01:53:34</date>
  <millis>1653065614867</millis>
  <sequence>1158</sequence>
  <logger>sample log</logger>
  <level>INFO</level>
  <class>scraping.Scraping</class>
  <method>GetDataFromURL</method>
  <thread>17</thread>
  <message>String</message>
</record>
<record>
  <date>2022-05-21T01:53:34</date>
  <millis>1653065614867</millis>
  <sequence>1159</sequence>
  <logger>sample log</logger>
  <level>INFO</level>
  <class>scraping.Scraping</class>
  <method>GetDataFromURL</method>
  <thread>17</thread>
  <message>出力成功 : SaitamaSeibuLions : Takumi Kuriyama</message>
</record>
<record>
  <date>2022-05-21T01:53:34</date>
  <millis>1653065614867</millis>
  <sequence>1160</sequence>
  <logger>sample log</logger>
  <level>INFO</level>
  <class>scraping.Scraping</class>
  <method>GetDataFromURL</method>
  <thread>17</thread>
  <message>String</message>
</record>
<record>
  <date>2022-05-21T01:53:34</date>
  <millis>1653065614867</millis>
  <sequence>1161</sequence>
  <logger>sample log</logger>
  <level>INFO</level>
  <class>scraping.Scraping</class>
  <method>GetDataFromURL</method>
  <thread>17</thread>
  <message>出力成功 : SaitamaSeibuLions : Shoya Makino</message>
</record>
<record>
  <date>2022-05-21T01:53:34</date>
  <millis>1653065614867</millis>
  <sequence>1162</sequence>
  <logger>sample log</logger>
  <level>INFO</level>
  <class>scraping.Scraping</class>
  <method>GetDataFromURL</method>
  <thread>17</thread>
  <message>String</message>
</record>
<record>
  <date>2022-05-21T01:53:34</date>
  <millis>1653065614867</millis>
  <sequence>1163</sequence>
  <logger>sample log</logger>
  <level>INFO</level>
  <class>scraping.Scraping</class>
  <method>GetDataFromURL</method>
  <thread>17</thread>
  <message>出力成功 : SaitamaSeibuLions : Tomoya Mori</message>
</record>
<record>
  <date>2022-05-21T01:53:34</date>
  <millis>1653065614868</millis>
  <sequence>1164</sequence>
  <logger>sample log</logger>
  <level>INFO</level>
  <class>scraping.Scraping</class>
  <method>GetDataFromURL</method>
  <thread>17</thread>
  <message>String</message>
</record>
<record>
  <date>2022-05-21T01:53:34</date>
  <millis>1653065614868</millis>
  <sequence>1165</sequence>
  <logger>sample log</logger>
  <level>INFO</level>
  <class>scraping.Scraping</class>
  <method>GetDataFromURL</method>
  <thread>17</thread>
  <message>出力成功 : SaitamaSeibuLions : Takeya Nakamura</message>
</record>
<record>
  <date>2022-05-21T01:53:34</date>
  <millis>1653065614868</millis>
  <sequence>1166</sequence>
  <logger>sample log</logger>
  <level>INFO</level>
  <class>scraping.Scraping</class>
  <method>GetDataFromURL</method>
  <thread>17</thread>
  <message>String</message>
</record>
<record>
  <date>2022-05-21T01:53:34</date>
  <millis>1653065614868</millis>
  <sequence>1167</sequence>
  <logger>sample log</logger>
  <level>INFO</level>
  <class>scraping.Scraping</class>
  <method>GetDataFromURL</method>
  <thread>17</thread>
  <message>出力成功 : SaitamaSeibuLions : Seigo Nakayama</message>
</record>
<record>
  <date>2022-05-21T01:53:34</date>
  <millis>1653065614868</millis>
  <sequence>1168</sequence>
  <logger>sample log</logger>
  <level>INFO</level>
  <class>scraping.Scraping</class>
  <method>GetDataFromURL</method>
  <thread>17</thread>
  <message>String</message>
</record>
<record>
  <date>2022-05-21T01:53:34</date>
  <millis>1653065614868</millis>
  <sequence>1169</sequence>
  <logger>sample log</logger>
  <level>INFO</level>
  <class>scraping.Scraping</class>
  <method>GetDataFromURL</method>
  <thread>17</thread>
  <message>出力成功 : SaitamaSeibuLions : Brian O'Grady</message>
</record>
<record>
  <date>2022-05-21T01:53:34</date>
  <millis>1653065614869</millis>
  <sequence>1170</sequence>
  <logger>sample log</logger>
  <level>INFO</level>
  <class>scraping.Scraping</class>
  <method>GetDataFromURL</method>
  <thread>17</thread>
  <message>String</message>
</record>
<record>
  <date>2022-05-21T01:53:34</date>
  <millis>1653065614869</millis>
  <sequence>1171</sequence>
  <logger>sample log</logger>
  <level>INFO</level>
  <class>scraping.Scraping</class>
  <method>GetDataFromURL</method>
  <thread>17</thread>
  <message>出力成功 : SaitamaSeibuLions : Shohei Suzuki</message>
</record>
<record>
  <date>2022-05-21T01:53:34</date>
  <millis>1653065614869</millis>
  <sequence>1172</sequence>
  <logger>sample log</logger>
  <level>INFO</level>
  <class>scraping.Scraping</class>
  <method>GetDataFromURL</method>
  <thread>17</thread>
  <message>String</message>
</record>
<record>
  <date>2022-05-21T01:53:34</date>
  <millis>1653065614869</millis>
  <sequence>1173</sequence>
  <logger>sample log</logger>
  <level>INFO</level>
  <class>scraping.Scraping</class>
  <method>GetDataFromURL</method>
  <thread>17</thread>
  <message>出力成功 : SaitamaSeibuLions : Wataru Takagi</message>
</record>
<record>
  <date>2022-05-21T01:53:34</date>
  <millis>1653065614869</millis>
  <sequence>1174</sequence>
  <logger>sample log</logger>
  <level>INFO</level>
  <class>scraping.Scraping</class>
  <method>GetDataFromURL</method>
  <thread>17</thread>
  <message>String</message>
</record>
<record>
  <date>2022-05-21T01:53:34</date>
  <millis>1653065614869</millis>
  <sequence>1175</sequence>
  <logger>sample log</logger>
  <level>INFO</level>
  <class>scraping.Scraping</class>
  <method>GetDataFromURL</method>
  <thread>17</thread>
  <message>出力成功 : SaitamaSeibuLions : Aito Takeda</message>
</record>
<record>
  <date>2022-05-21T01:53:34</date>
  <millis>1653065614869</millis>
  <sequence>1176</sequence>
  <logger>sample log</logger>
  <level>INFO</level>
  <class>scraping.Scraping</class>
  <method>GetDataFromURL</method>
  <thread>17</thread>
  <message>String</message>
</record>
<record>
  <date>2022-05-21T01:53:34</date>
  <millis>1653065614870</millis>
  <sequence>1177</sequence>
  <logger>sample log</logger>
  <level>INFO</level>
  <class>scraping.Scraping</class>
  <method>GetDataFromURL</method>
  <thread>17</thread>
  <message>出力成功 : SaitamaSeibuLions : Natsuo Takizawa</message>
</record>
<record>
  <date>2022-05-21T01:53:34</date>
  <millis>1653065614870</millis>
  <sequence>1178</sequence>
  <logger>sample log</logger>
  <level>INFO</level>
  <class>scraping.Scraping</class>
  <method>GetDataFromURL</method>
  <thread>17</thread>
  <message>String</message>
</record>
<record>
  <date>2022-05-21T01:53:34</date>
  <millis>1653065614870</millis>
  <sequence>1179</sequence>
  <logger>sample log</logger>
  <level>INFO</level>
  <class>scraping.Scraping</class>
  <method>GetDataFromURL</method>
  <thread>17</thread>
  <message>出力成功 : SaitamaSeibuLions : Daisuke Togawa</message>
</record>
<record>
  <date>2022-05-21T01:53:34</date>
  <millis>1653065614870</millis>
  <sequence>1180</sequence>
  <logger>sample log</logger>
  <level>INFO</level>
  <class>scraping.Scraping</class>
  <method>GetDataFromURL</method>
  <thread>17</thread>
  <message>String</message>
</record>
<record>
  <date>2022-05-21T01:53:34</date>
  <millis>1653065614870</millis>
  <sequence>1181</sequence>
  <logger>sample log</logger>
  <level>INFO</level>
  <class>scraping.Scraping</class>
  <method>GetDataFromURL</method>
  <thread>17</thread>
  <message>出力成功 : SaitamaSeibuLions : Shuta Tonosaki</message>
</record>
<record>
  <date>2022-05-21T01:53:34</date>
  <millis>1653065614870</millis>
  <sequence>1182</sequence>
  <logger>sample log</logger>
  <level>INFO</level>
  <class>scraping.Scraping</class>
  <method>GetDataFromURL</method>
  <thread>17</thread>
  <message>String</message>
</record>
<record>
  <date>2022-05-21T01:53:34</date>
  <millis>1653065614870</millis>
  <sequence>1183</sequence>
  <logger>sample log</logger>
  <level>INFO</level>
  <class>scraping.Scraping</class>
  <method>GetDataFromURL</method>
  <thread>17</thread>
  <message>出力成功 : SaitamaSeibuLions : Sena Tsuge</message>
</record>
<record>
  <date>2022-05-21T01:53:34</date>
  <millis>1653065614870</millis>
  <sequence>1184</sequence>
  <logger>sample log</logger>
  <level>INFO</level>
  <class>scraping.Scraping</class>
  <method>GetDataFromURL</method>
  <thread>17</thread>
  <message>String</message>
</record>
<record>
  <date>2022-05-21T01:53:34</date>
  <millis>1653065614871</millis>
  <sequence>1185</sequence>
  <logger>sample log</logger>
  <level>INFO</level>
  <class>scraping.Scraping</class>
  <method>GetDataFromURL</method>
  <thread>17</thread>
  <message>出力成功 : SaitamaSeibuLions : Jantzen Witte</message>
</record>
<record>
  <date>2022-05-21T01:53:34</date>
  <millis>1653065614871</millis>
  <sequence>1186</sequence>
  <logger>sample log</logger>
  <level>INFO</level>
  <class>scraping.Scraping</class>
  <method>GetDataFromURL</method>
  <thread>17</thread>
  <message>String</message>
</record>
<record>
  <date>2022-05-21T01:53:34</date>
  <millis>1653065614871</millis>
  <sequence>1187</sequence>
  <logger>sample log</logger>
  <level>INFO</level>
  <class>scraping.Scraping</class>
  <method>GetDataFromURL</method>
  <thread>17</thread>
  <message>出力成功 : SaitamaSeibuLions : Nien Ting Wu</message>
</record>
<record>
  <date>2022-05-21T01:53:34</date>
  <millis>1653065614871</millis>
  <sequence>1188</sequence>
  <logger>sample log</logger>
  <level>INFO</level>
  <class>scraping.Scraping</class>
  <method>GetDataFromURL</method>
  <thread>17</thread>
  <message>String</message>
</record>
<record>
  <date>2022-05-21T01:53:34</date>
  <millis>1653065614871</millis>
  <sequence>1189</sequence>
  <logger>sample log</logger>
  <level>INFO</level>
  <class>scraping.Scraping</class>
  <method>GetDataFromURL</method>
  <thread>17</thread>
  <message>出力成功 : SaitamaSeibuLions : Haruka Yamada</message>
</record>
<record>
  <date>2022-05-21T01:53:34</date>
  <millis>1653065614871</millis>
  <sequence>1190</sequence>
  <logger>sample log</logger>
  <level>INFO</level>
  <class>scraping.Scraping</class>
  <method>GetDataFromURL</method>
  <thread>17</thread>
  <message>String</message>
</record>
<record>
  <date>2022-05-21T01:53:34</date>
  <millis>1653065614871</millis>
  <sequence>1191</sequence>
  <logger>sample log</logger>
  <level>INFO</level>
  <class>scraping.Scraping</class>
  <method>GetDataFromURL</method>
  <thread>17</thread>
  <message>出力成功 : SaitamaSeibuLions : Hotaka Yamakawa</message>
</record>
<record>
  <date>2022-05-21T01:53:34</date>
  <millis>1653065614872</millis>
  <sequence>1192</sequence>
  <logger>sample log</logger>
  <level>INFO</level>
  <class>scraping.Scraping</class>
  <method>GetDataFromURL</method>
  <thread>17</thread>
  <message>String</message>
</record>
<record>
  <date>2022-05-21T01:53:34</date>
  <millis>1653065614872</millis>
  <sequence>1193</sequence>
  <logger>sample log</logger>
  <level>INFO</level>
  <class>scraping.Scraping</class>
  <method>GetDataFromURL</method>
  <thread>17</thread>
  <message>出力成功 : SaitamaSeibuLions : Kakeru Yamanobe</message>
</record>
<record>
  <date>2022-05-21T01:53:34</date>
  <millis>1653065614947</millis>
  <sequence>1194</sequence>
  <logger>sample log</logger>
  <level>INFO</level>
  <class>scraping.Scraping</class>
  <method>GetDataFromURL</method>
  <thread>17</thread>
  <message>String</message>
</record>
<record>
  <date>2022-05-21T01:53:34</date>
  <millis>1653065614947</millis>
  <sequence>1195</sequence>
  <logger>sample log</logger>
  <level>INFO</level>
  <class>scraping.Scraping</class>
  <method>GetDataFromURL</method>
  <thread>17</thread>
  <message>出力成功 : TohokuRakutenGoldenEagles : Ginji Akaminai</message>
</record>
<record>
  <date>2022-05-21T01:53:34</date>
  <millis>1653065614947</millis>
  <sequence>1196</sequence>
  <logger>sample log</logger>
  <level>INFO</level>
  <class>scraping.Scraping</class>
  <method>GetDataFromURL</method>
  <thread>17</thread>
  <message>String</message>
</record>
<record>
  <date>2022-05-21T01:53:34</date>
  <millis>1653065614948</millis>
  <sequence>1197</sequence>
  <logger>sample log</logger>
  <level>INFO</level>
  <class>scraping.Scraping</class>
  <method>GetDataFromURL</method>
  <thread>17</thread>
  <message>出力成功 : TohokuRakutenGoldenEagles : Hideto Asamura</message>
</record>
<record>
  <date>2022-05-21T01:53:34</date>
  <millis>1653065614948</millis>
  <sequence>1198</sequence>
  <logger>sample log</logger>
  <level>INFO</level>
  <class>scraping.Scraping</class>
  <method>GetDataFromURL</method>
  <thread>17</thread>
  <message>String</message>
</record>
<record>
  <date>2022-05-21T01:53:34</date>
  <millis>1653065614948</millis>
  <sequence>1199</sequence>
  <logger>sample log</logger>
  <level>INFO</level>
  <class>scraping.Scraping</class>
  <method>GetDataFromURL</method>
  <thread>17</thread>
  <message>出力成功 : TohokuRakutenGoldenEagles : Chris Gittens</message>
</record>
<record>
  <date>2022-05-21T01:53:34</date>
  <millis>1653065614949</millis>
  <sequence>1200</sequence>
  <logger>sample log</logger>
  <level>INFO</level>
  <class>scraping.Scraping</class>
  <method>GetDataFromURL</method>
  <thread>17</thread>
  <message>String</message>
</record>
<record>
  <date>2022-05-21T01:53:34</date>
  <millis>1653065614949</millis>
  <sequence>1201</sequence>
  <logger>sample log</logger>
  <level>INFO</level>
  <class>scraping.Scraping</class>
  <method>GetDataFromURL</method>
  <thread>17</thread>
  <message>出力成功 : TohokuRakutenGoldenEagles : Kengo Horiuchi</message>
</record>
<record>
  <date>2022-05-21T01:53:34</date>
  <millis>1653065614950</millis>
  <sequence>1202</sequence>
  <logger>sample log</logger>
  <level>INFO</level>
  <class>scraping.Scraping</class>
  <method>GetDataFromURL</method>
  <thread>17</thread>
  <message>String</message>
</record>
<record>
  <date>2022-05-21T01:53:34</date>
  <millis>1653065614950</millis>
  <sequence>1203</sequence>
  <logger>sample log</logger>
  <level>INFO</level>
  <class>scraping.Scraping</class>
  <method>GetDataFromURL</method>
  <thread>17</thread>
  <message>出力成功 : TohokuRakutenGoldenEagles : Tsuyoshi Ishihara</message>
</record>
<record>
  <date>2022-05-21T01:53:34</date>
  <millis>1653065614951</millis>
  <sequence>1204</sequence>
  <logger>sample log</logger>
  <level>INFO</level>
  <class>scraping.Scraping</class>
  <method>GetDataFromURL</method>
  <thread>17</thread>
  <message>String</message>
</record>
<record>
  <date>2022-05-21T01:53:34</date>
  <millis>1653065614951</millis>
  <sequence>1205</sequence>
  <logger>sample log</logger>
  <level>INFO</level>
  <class>scraping.Scraping</class>
  <method>GetDataFromURL</method>
  <thread>17</thread>
  <message>出力成功 : TohokuRakutenGoldenEagles : Masaki Iwami</message>
</record>
<record>
  <date>2022-05-21T01:53:34</date>
  <millis>1653065614951</millis>
  <sequence>1206</sequence>
  <logger>sample log</logger>
  <level>INFO</level>
  <class>scraping.Scraping</class>
  <method>GetDataFromURL</method>
  <thread>17</thread>
  <message>String</message>
</record>
<record>
  <date>2022-05-21T01:53:34</date>
  <millis>1653065614952</millis>
  <sequence>1207</sequence>
  <logger>sample log</logger>
  <level>INFO</level>
  <class>scraping.Scraping</class>
  <method>GetDataFromURL</method>
  <thread>17</thread>
  <message>出力成功 : TohokuRakutenGoldenEagles : Hiroto Kobukata</message>
</record>
<record>
  <date>2022-05-21T01:53:34</date>
  <millis>1653065614952</millis>
  <sequence>1208</sequence>
  <logger>sample log</logger>
  <level>INFO</level>
  <class>scraping.Scraping</class>
  <method>GetDataFromURL</method>
  <thread>17</thread>
  <message>String</message>
</record>
<record>
  <date>2022-05-21T01:53:34</date>
  <millis>1653065614952</millis>
  <sequence>1209</sequence>
  <logger>sample log</logger>
  <level>INFO</level>
  <class>scraping.Scraping</class>
  <method>GetDataFromURL</method>
  <thread>17</thread>
  <message>出力成功 : TohokuRakutenGoldenEagles : Fumiya Kurokawa</message>
</record>
<record>
  <date>2022-05-21T01:53:34</date>
  <millis>1653065614953</millis>
  <sequence>1210</sequence>
  <logger>sample log</logger>
  <level>INFO</level>
  <class>scraping.Scraping</class>
  <method>GetDataFromURL</method>
  <thread>17</thread>
  <message>String</message>
</record>
<record>
  <date>2022-05-21T01:53:34</date>
  <millis>1653065614953</millis>
  <sequence>1211</sequence>
  <logger>sample log</logger>
  <level>INFO</level>
  <class>scraping.Scraping</class>
  <method>GetDataFromURL</method>
  <thread>17</thread>
  <message>出力成功 : TohokuRakutenGoldenEagles : Jose Marmolejos</message>
</record>
<record>
  <date>2022-05-21T01:53:34</date>
  <millis>1653065614953</millis>
  <sequence>1212</sequence>
  <logger>sample log</logger>
  <level>INFO</level>
  <class>scraping.Scraping</class>
  <method>GetDataFromURL</method>
  <thread>17</thread>
  <message>String</message>
</record>
<record>
  <date>2022-05-21T01:53:34</date>
  <millis>1653065614954</millis>
  <sequence>1213</sequence>
  <logger>sample log</logger>
  <level>INFO</level>
  <class>scraping.Scraping</class>
  <method>GetDataFromURL</method>
  <thread>17</thread>
  <message>出力成功 : TohokuRakutenGoldenEagles : Eigoro Mogi</message>
</record>
<record>
  <date>2022-05-21T01:53:34</date>
  <millis>1653065614954</millis>
  <sequence>1214</sequence>
  <logger>sample log</logger>
  <level>INFO</level>
  <class>scraping.Scraping</class>
  <method>GetDataFromURL</method>
  <thread>17</thread>
  <message>String</message>
</record>
<record>
  <date>2022-05-21T01:53:34</date>
  <millis>1653065614955</millis>
  <sequence>1215</sequence>
  <logger>sample log</logger>
  <level>INFO</level>
  <class>scraping.Scraping</class>
  <method>GetDataFromURL</method>
  <thread>17</thread>
  <message>出力成功 : TohokuRakutenGoldenEagles : Itsuki Murabayashi</message>
</record>
<record>
  <date>2022-05-21T01:53:34</date>
  <millis>1653065614955</millis>
  <sequence>1216</sequence>
  <logger>sample log</logger>
  <level>INFO</level>
  <class>scraping.Scraping</class>
  <method>GetDataFromURL</method>
  <thread>17</thread>
  <message>String</message>
</record>
<record>
  <date>2022-05-21T01:53:34</date>
  <millis>1653065614955</millis>
  <sequence>1217</sequence>
  <logger>sample log</logger>
  <level>INFO</level>
  <class>scraping.Scraping</class>
  <method>GetDataFromURL</method>
  <thread>17</thread>
  <message>出力成功 : TohokuRakutenGoldenEagles : Atsuki Mutoh</message>
</record>
<record>
  <date>2022-05-21T01:53:34</date>
  <millis>1653065614955</millis>
  <sequence>1218</sequence>
  <logger>sample log</logger>
  <level>INFO</level>
  <class>scraping.Scraping</class>
  <method>GetDataFromURL</method>
  <thread>17</thread>
  <message>String</message>
</record>
<record>
  <date>2022-05-21T01:53:34</date>
  <millis>1653065614955</millis>
  <sequence>1219</sequence>
  <logger>sample log</logger>
  <level>INFO</level>
  <class>scraping.Scraping</class>
  <method>GetDataFromURL</method>
  <thread>17</thread>
  <message>出力成功 : TohokuRakutenGoldenEagles : Haruki Nishikawa</message>
</record>
<record>
  <date>2022-05-21T01:53:34</date>
  <millis>1653065614956</millis>
  <sequence>1220</sequence>
  <logger>sample log</logger>
  <level>INFO</level>
  <class>scraping.Scraping</class>
  <method>GetDataFromURL</method>
  <thread>17</thread>
  <message>String</message>
</record>
<record>
  <date>2022-05-21T01:53:34</date>
  <millis>1653065614956</millis>
  <sequence>1221</sequence>
  <logger>sample log</logger>
  <level>INFO</level>
  <class>scraping.Scraping</class>
  <method>GetDataFromURL</method>
  <thread>17</thread>
  <message>出力成功 : TohokuRakutenGoldenEagles : Yuya Ogoh</message>
</record>
<record>
  <date>2022-05-21T01:53:34</date>
  <millis>1653065614957</millis>
  <sequence>1222</sequence>
  <logger>sample log</logger>
  <level>INFO</level>
  <class>scraping.Scraping</class>
  <method>GetDataFromURL</method>
  <thread>17</thread>
  <message>String</message>
</record>
<record>
  <date>2022-05-21T01:53:34</date>
  <millis>1653065614957</millis>
  <sequence>1223</sequence>
  <logger>sample log</logger>
  <level>INFO</level>
  <class>scraping.Scraping</class>
  <method>GetDataFromURL</method>
  <thread>17</thread>
  <message>出力成功 : TohokuRakutenGoldenEagles : Hikaru Ohta</message>
</record>
<record>
  <date>2022-05-21T01:53:34</date>
  <millis>1653065614957</millis>
  <sequence>1224</sequence>
  <logger>sample log</logger>
  <level>INFO</level>
  <class>scraping.Scraping</class>
  <method>GetDataFromURL</method>
  <thread>17</thread>
  <message>String</message>
</record>
<record>
  <date>2022-05-21T01:53:34</date>
  <millis>1653065614958</millis>
  <sequence>1225</sequence>
  <logger>sample log</logger>
  <level>INFO</level>
  <class>scraping.Scraping</class>
  <method>GetDataFromURL</method>
  <thread>17</thread>
  <message>出力成功 : TohokuRakutenGoldenEagles : Hiroaki Shimauchi</message>
</record>
<record>
  <date>2022-05-21T01:53:34</date>
  <millis>1653065614958</millis>
  <sequence>1226</sequence>
  <logger>sample log</logger>
  <level>INFO</level>
  <class>scraping.Scraping</class>
  <method>GetDataFromURL</method>
  <thread>17</thread>
  <message>String</message>
</record>
<record>
  <date>2022-05-21T01:53:34</date>
  <millis>1653065614958</millis>
  <sequence>1227</sequence>
  <logger>sample log</logger>
  <level>INFO</level>
  <class>scraping.Scraping</class>
  <method>GetDataFromURL</method>
  <thread>17</thread>
  <message>出力成功 : TohokuRakutenGoldenEagles : Ginjiro Sumitani</message>
</record>
<record>
  <date>2022-05-21T01:53:34</date>
  <millis>1653065614958</millis>
  <sequence>1228</sequence>
  <logger>sample log</logger>
  <level>INFO</level>
  <class>scraping.Scraping</class>
  <method>GetDataFromURL</method>
  <thread>17</thread>
  <message>String</message>
</record>
<record>
  <date>2022-05-21T01:53:34</date>
  <millis>1653065614958</millis>
  <sequence>1229</sequence>
  <logger>sample log</logger>
  <level>INFO</level>
  <class>scraping.Scraping</class>
  <method>GetDataFromURL</method>
  <thread>17</thread>
  <message>出力成功 : TohokuRakutenGoldenEagles : Daichi Suzuki</message>
</record>
<record>
  <date>2022-05-21T01:53:34</date>
  <millis>1653065614959</millis>
  <sequence>1230</sequence>
  <logger>sample log</logger>
  <level>INFO</level>
  <class>scraping.Scraping</class>
  <method>GetDataFromURL</method>
  <thread>17</thread>
  <message>String</message>
</record>
<record>
  <date>2022-05-21T01:53:34</date>
  <millis>1653065614959</millis>
  <sequence>1231</sequence>
  <logger>sample log</logger>
  <level>INFO</level>
  <class>scraping.Scraping</class>
  <method>GetDataFromURL</method>
  <thread>17</thread>
  <message>出力成功 : TohokuRakutenGoldenEagles : Kazuki Tanaka</message>
</record>
<record>
  <date>2022-05-21T01:53:34</date>
  <millis>1653065614960</millis>
  <sequence>1232</sequence>
  <logger>sample log</logger>
  <level>INFO</level>
  <class>scraping.Scraping</class>
  <method>GetDataFromURL</method>
  <thread>17</thread>
  <message>String</message>
</record>
<record>
  <date>2022-05-21T01:53:34</date>
  <millis>1653065614961</millis>
  <sequence>1233</sequence>
  <logger>sample log</logger>
  <level>INFO</level>
  <class>scraping.Scraping</class>
  <method>GetDataFromURL</method>
  <thread>17</thread>
  <message>出力成功 : TohokuRakutenGoldenEagles : Ryosuke Tatsumi</message>
</record>
<record>
  <date>2022-05-21T01:53:34</date>
  <millis>1653065614961</millis>
  <sequence>1234</sequence>
  <logger>sample log</logger>
  <level>INFO</level>
  <class>scraping.Scraping</class>
  <method>GetDataFromURL</method>
  <thread>17</thread>
  <message>String</message>
</record>
<record>
  <date>2022-05-21T01:53:34</date>
  <millis>1653065614961</millis>
  <sequence>1235</sequence>
  <logger>sample log</logger>
  <level>INFO</level>
  <class>scraping.Scraping</class>
  <method>GetDataFromURL</method>
  <thread>17</thread>
  <message>出力成功 : TohokuRakutenGoldenEagles : Ren Wada</message>
</record>
<record>
  <date>2022-05-21T01:53:34</date>
  <millis>1653065614962</millis>
  <sequence>1236</sequence>
  <logger>sample log</logger>
  <level>INFO</level>
  <class>scraping.Scraping</class>
  <method>GetDataFromURL</method>
  <thread>17</thread>
  <message>String</message>
</record>
<record>
  <date>2022-05-21T01:53:34</date>
  <millis>1653065614962</millis>
  <sequence>1237</sequence>
  <logger>sample log</logger>
  <level>INFO</level>
  <class>scraping.Scraping</class>
  <method>GetDataFromURL</method>
  <thread>17</thread>
  <message>出力成功 : TohokuRakutenGoldenEagles : Yoshiaki Watanabe</message>
</record>
<record>
  <date>2022-05-21T01:53:34</date>
  <millis>1653065614962</millis>
  <sequence>1238</sequence>
  <logger>sample log</logger>
  <level>INFO</level>
  <class>scraping.Scraping</class>
  <method>GetDataFromURL</method>
  <thread>17</thread>
  <message>String</message>
</record>
<record>
  <date>2022-05-21T01:53:34</date>
  <millis>1653065614963</millis>
  <sequence>1239</sequence>
  <logger>sample log</logger>
  <level>INFO</level>
  <class>scraping.Scraping</class>
  <method>GetDataFromURL</method>
  <thread>17</thread>
  <message>出力成功 : TohokuRakutenGoldenEagles : Tsuyoshi Yamasaki</message>
</record>
<record>
  <date>2022-05-21T01:53:34</date>
  <millis>1653065614963</millis>
  <sequence>1240</sequence>
  <logger>sample log</logger>
  <level>INFO</level>
  <class>scraping.Scraping</class>
  <method>GetDataFromURL</method>
  <thread>17</thread>
  <message>String</message>
</record>
<record>
  <date>2022-05-21T01:53:34</date>
  <millis>1653065614963</millis>
  <sequence>1241</sequence>
  <logger>sample log</logger>
  <level>INFO</level>
  <class>scraping.Scraping</class>
  <method>GetDataFromURL</method>
  <thread>17</thread>
  <message>出力成功 : TohokuRakutenGoldenEagles : Yuma Yasuda</message>
</record>
