<?xml version="1.0" encoding="UTF-8" standalone="no"?>
<!DOCTYPE log SYSTEM "logger.dtd">
<log>
<record>
  <date>2022-05-21T03:10:54</date>
  <millis>1653070254848</millis>
  <sequence>167</sequence>
  <logger>sample log</logger>
  <level>INFO</level>
  <class>scraping.Scraping</class>
  <method>GetDataFromURL</method>
  <thread>20</thread>
  <message>String</message>
</record>
<record>
  <date>2022-05-21T03:10:54</date>
  <millis>1653070254849</millis>
  <sequence>168</sequence>
  <logger>sample log</logger>
  <level>INFO</level>
  <class>scraping.Scraping</class>
  <method>GetDataFromURL</method>
  <thread>20</thread>
  <message>出力成功 : ChibaLotteMarines : Yudai Fujioka</message>
</record>
<record>
  <date>2022-05-21T03:10:54</date>
  <millis>1653070254861</millis>
  <sequence>169</sequence>
  <logger>sample log</logger>
  <level>INFO</level>
  <class>scraping.Scraping</class>
  <method>GetDataFromURL</method>
  <thread>20</thread>
  <message>String</message>
</record>
<record>
  <date>2022-05-21T03:10:54</date>
  <millis>1653070254861</millis>
  <sequence>170</sequence>
  <logger>sample log</logger>
  <level>INFO</level>
  <class>scraping.Scraping</class>
  <method>GetDataFromURL</method>
  <thread>20</thread>
  <message>出力成功 : ChibaLotteMarines : Kyota Fujiwara</message>
</record>
<record>
  <date>2022-05-21T03:10:54</date>
  <millis>1653070254865</millis>
  <sequence>171</sequence>
  <logger>sample log</logger>
  <level>INFO</level>
  <class>scraping.Scraping</class>
  <method>GetDataFromURL</method>
  <thread>20</thread>
  <message>String</message>
</record>
<record>
  <date>2022-05-21T03:10:54</date>
  <millis>1653070254866</millis>
  <sequence>172</sequence>
  <logger>sample log</logger>
  <level>INFO</level>
  <class>scraping.Scraping</class>
  <method>GetDataFromURL</method>
  <thread>20</thread>
  <message>出力成功 : ChibaLotteMarines : Koki Fukuda</message>
</record>
<record>
  <date>2022-05-21T03:10:54</date>
  <millis>1653070254869</millis>
  <sequence>173</sequence>
  <logger>sample log</logger>
  <level>INFO</level>
  <class>scraping.Scraping</class>
  <method>GetDataFromURL</method>
  <thread>20</thread>
  <message>String</message>
</record>
<record>
  <date>2022-05-21T03:10:54</date>
  <millis>1653070254870</millis>
  <sequence>174</sequence>
  <logger>sample log</logger>
  <level>INFO</level>
  <class>scraping.Scraping</class>
  <method>GetDataFromURL</method>
  <thread>20</thread>
  <message>出力成功 : ChibaLotteMarines : Shuhei Fukuda</message>
</record>
<record>
  <date>2022-05-21T03:10:54</date>
  <millis>1653070254886</millis>
  <sequence>175</sequence>
  <logger>sample log</logger>
  <level>INFO</level>
  <class>scraping.Scraping</class>
  <method>GetDataFromURL</method>
  <thread>20</thread>
  <message>String</message>
</record>
<record>
  <date>2022-05-21T03:10:54</date>
  <millis>1653070254886</millis>
  <sequence>176</sequence>
  <logger>sample log</logger>
  <level>INFO</level>
  <class>scraping.Scraping</class>
  <method>GetDataFromURL</method>
  <thread>20</thread>
  <message>出力成功 : ChibaLotteMarines : Adeiny Hechavarria</message>
</record>
<record>
  <date>2022-05-21T03:10:54</date>
  <millis>1653070254946</millis>
  <sequence>177</sequence>
  <logger>sample log</logger>
  <level>INFO</level>
  <class>scraping.Scraping</class>
  <method>GetDataFromURL</method>
  <thread>20</thread>
  <message>String</message>
</record>
<record>
  <date>2022-05-21T03:10:54</date>
  <millis>1653070254947</millis>
  <sequence>178</sequence>
  <logger>sample log</logger>
  <level>INFO</level>
  <class>scraping.Scraping</class>
  <method>GetDataFromURL</method>
  <thread>20</thread>
  <message>出力成功 : ChibaLotteMarines : Taiga Hirasawa</message>
</record>
<record>
  <date>2022-05-21T03:10:54</date>
  <millis>1653070254996</millis>
  <sequence>179</sequence>
  <logger>sample log</logger>
  <level>INFO</level>
  <class>scraping.Scraping</class>
  <method>GetDataFromURL</method>
  <thread>20</thread>
  <message>String</message>
</record>
<record>
  <date>2022-05-21T03:10:54</date>
  <millis>1653070254997</millis>
  <sequence>180</sequence>
  <logger>sample log</logger>
  <level>INFO</level>
  <class>scraping.Scraping</class>
  <method>GetDataFromURL</method>
  <thread>20</thread>
  <message>出力成功 : ChibaLotteMarines : Raito Ikeda</message>
</record>
<record>
  <date>2022-05-21T03:10:55</date>
  <millis>1653070255043</millis>
  <sequence>181</sequence>
  <logger>sample log</logger>
  <level>INFO</level>
  <class>scraping.Scraping</class>
  <method>GetDataFromURL</method>
  <thread>20</thread>
  <message>String</message>
</record>
<record>
  <date>2022-05-21T03:10:55</date>
  <millis>1653070255044</millis>
  <sequence>182</sequence>
  <logger>sample log</logger>
  <level>INFO</level>
  <class>scraping.Scraping</class>
  <method>GetDataFromURL</method>
  <thread>20</thread>
  <message>出力成功 : ChibaLotteMarines : Tomoya Kakinuma</message>
</record>
<record>
  <date>2022-05-21T03:10:55</date>
  <millis>1653070255053</millis>
  <sequence>183</sequence>
  <logger>sample log</logger>
  <level>INFO</level>
  <class>scraping.Scraping</class>
  <method>GetDataFromURL</method>
  <thread>20</thread>
  <message>String</message>
</record>
<record>
  <date>2022-05-21T03:10:55</date>
  <millis>1653070255054</millis>
  <sequence>184</sequence>
  <logger>sample log</logger>
  <level>INFO</level>
  <class>scraping.Scraping</class>
  <method>GetDataFromURL</method>
  <thread>20</thread>
  <message>出力成功 : ChibaLotteMarines : Brandon Laird</message>
</record>
<record>
  <date>2022-05-21T03:10:55</date>
  <millis>1653070255059</millis>
  <sequence>185</sequence>
  <logger>sample log</logger>
  <level>INFO</level>
  <class>scraping.Scraping</class>
  <method>GetDataFromURL</method>
  <thread>20</thread>
  <message>String</message>
</record>
<record>
  <date>2022-05-21T03:10:55</date>
  <millis>1653070255060</millis>
  <sequence>186</sequence>
  <logger>sample log</logger>
  <level>INFO</level>
  <class>scraping.Scraping</class>
  <method>GetDataFromURL</method>
  <thread>20</thread>
  <message>出力成功 : ChibaLotteMarines : Leonys Martín</message>
</record>
<record>
  <date>2022-05-21T03:10:55</date>
  <millis>1653070255067</millis>
  <sequence>187</sequence>
  <logger>sample log</logger>
  <level>INFO</level>
  <class>scraping.Scraping</class>
  <method>GetDataFromURL</method>
  <thread>20</thread>
  <message>String</message>
</record>
<record>
  <date>2022-05-21T03:10:55</date>
  <millis>1653070255068</millis>
  <sequence>188</sequence>
  <logger>sample log</logger>
  <level>INFO</level>
  <class>scraping.Scraping</class>
  <method>GetDataFromURL</method>
  <thread>20</thread>
  <message>出力成功 : ChibaLotteMarines : Kou Matsukawa</message>
</record>
<record>
  <date>2022-05-21T03:10:55</date>
  <millis>1653070255072</millis>
  <sequence>189</sequence>
  <logger>sample log</logger>
  <level>INFO</level>
  <class>scraping.Scraping</class>
  <method>GetDataFromURL</method>
  <thread>20</thread>
  <message>String</message>
</record>
<record>
  <date>2022-05-21T03:10:55</date>
  <millis>1653070255073</millis>
  <sequence>190</sequence>
  <logger>sample log</logger>
  <level>INFO</level>
  <class>scraping.Scraping</class>
  <method>GetDataFromURL</method>
  <thread>20</thread>
  <message>出力成功 : ChibaLotteMarines : Ryo Miki</message>
</record>
<record>
  <date>2022-05-21T03:10:55</date>
  <millis>1653070255079</millis>
  <sequence>191</sequence>
  <logger>sample log</logger>
  <level>INFO</level>
  <class>scraping.Scraping</class>
  <method>GetDataFromURL</method>
  <thread>20</thread>
  <message>String</message>
</record>
<record>
  <date>2022-05-21T03:10:55</date>
  <millis>1653070255080</millis>
  <sequence>192</sequence>
  <logger>sample log</logger>
  <level>INFO</level>
  <class>scraping.Scraping</class>
  <method>GetDataFromURL</method>
  <thread>20</thread>
  <message>出力成功 : ChibaLotteMarines : Shogo Nakamura</message>
</record>
<record>
  <date>2022-05-21T03:10:55</date>
  <millis>1653070255084</millis>
  <sequence>193</sequence>
  <logger>sample log</logger>
  <level>INFO</level>
  <class>scraping.Scraping</class>
  <method>GetDataFromURL</method>
  <thread>20</thread>
  <message>String</message>
</record>
<record>
  <date>2022-05-21T03:10:55</date>
  <millis>1653070255085</millis>
  <sequence>194</sequence>
  <logger>sample log</logger>
  <level>INFO</level>
  <class>scraping.Scraping</class>
  <method>GetDataFromURL</method>
  <thread>20</thread>
  <message>出力成功 : ChibaLotteMarines : Ryusei Ogawa</message>
</record>
<record>
  <date>2022-05-21T03:10:55</date>
  <millis>1653070255089</millis>
  <sequence>195</sequence>
  <logger>sample log</logger>
  <level>INFO</level>
  <class>scraping.Scraping</class>
  <method>GetDataFromURL</method>
  <thread>20</thread>
  <message>String</message>
</record>
<record>
  <date>2022-05-21T03:10:55</date>
  <millis>1653070255090</millis>
  <sequence>196</sequence>
  <logger>sample log</logger>
  <level>INFO</level>
  <class>scraping.Scraping</class>
  <method>GetDataFromURL</method>
  <thread>20</thread>
  <message>出力成功 : ChibaLotteMarines : Hiromi Oka</message>
</record>
<record>
  <date>2022-05-21T03:10:55</date>
  <millis>1653070255095</millis>
  <sequence>197</sequence>
  <logger>sample log</logger>
  <level>INFO</level>
  <class>scraping.Scraping</class>
  <method>GetDataFromURL</method>
  <thread>20</thread>
  <message>String</message>
</record>
<record>
  <date>2022-05-21T03:10:55</date>
  <millis>1653070255096</millis>
  <sequence>198</sequence>
  <logger>sample log</logger>
  <level>INFO</level>
  <class>scraping.Scraping</class>
  <method>GetDataFromURL</method>
  <thread>20</thread>
  <message>出力成功 : ChibaLotteMarines : Toshiya Satoh</message>
</record>
<record>
  <date>2022-05-21T03:10:55</date>
  <millis>1653070255101</millis>
  <sequence>199</sequence>
  <logger>sample log</logger>
  <level>INFO</level>
  <class>scraping.Scraping</class>
  <method>GetDataFromURL</method>
  <thread>20</thread>
  <message>String</message>
</record>
<record>
  <date>2022-05-21T03:10:55</date>
  <millis>1653070255101</millis>
  <sequence>200</sequence>
  <logger>sample log</logger>
  <level>INFO</level>
  <class>scraping.Scraping</class>
  <method>GetDataFromURL</method>
  <thread>20</thread>
  <message>出力成功 : ChibaLotteMarines : Tsuyoshi Sugano</message>
</record>
<record>
  <date>2022-05-21T03:10:55</date>
  <millis>1653070255105</millis>
  <sequence>201</sequence>
  <logger>sample log</logger>
  <level>INFO</level>
  <class>scraping.Scraping</class>
  <method>GetDataFromURL</method>
  <thread>20</thread>
  <message>String</message>
</record>
<record>
  <date>2022-05-21T03:10:55</date>
  <millis>1653070255106</millis>
  <sequence>202</sequence>
  <logger>sample log</logger>
  <level>INFO</level>
  <class>scraping.Scraping</class>
  <method>GetDataFromURL</method>
  <thread>20</thread>
  <message>出力成功 : ChibaLotteMarines : Akito Takabe</message>
</record>
<record>
  <date>2022-05-21T03:10:55</date>
  <millis>1653070255114</millis>
  <sequence>203</sequence>
  <logger>sample log</logger>
  <level>INFO</level>
  <class>scraping.Scraping</class>
  <method>GetDataFromURL</method>
  <thread>20</thread>
  <message>String</message>
</record>
<record>
  <date>2022-05-21T03:10:55</date>
  <millis>1653070255115</millis>
  <sequence>204</sequence>
  <logger>sample log</logger>
  <level>INFO</level>
  <class>scraping.Scraping</class>
  <method>GetDataFromURL</method>
  <thread>20</thread>
  <message>出力成功 : ChibaLotteMarines : Koshiro Wada</message>
</record>
<record>
  <date>2022-05-21T03:10:55</date>
  <millis>1653070255120</millis>
  <sequence>205</sequence>
  <logger>sample log</logger>
  <level>INFO</level>
  <class>scraping.Scraping</class>
  <method>GetDataFromURL</method>
  <thread>20</thread>
  <message>String</message>
</record>
<record>
  <date>2022-05-21T03:10:55</date>
  <millis>1653070255121</millis>
  <sequence>206</sequence>
  <logger>sample log</logger>
  <level>INFO</level>
  <class>scraping.Scraping</class>
  <method>GetDataFromURL</method>
  <thread>20</thread>
  <message>出力成功 : ChibaLotteMarines : Koki Yamaguchi</message>
</record>
<record>
  <date>2022-05-21T03:10:55</date>
  <millis>1653070255125</millis>
  <sequence>207</sequence>
  <logger>sample log</logger>
  <level>INFO</level>
  <class>scraping.Scraping</class>
  <method>GetDataFromURL</method>
  <thread>20</thread>
  <message>String</message>
</record>
<record>
  <date>2022-05-21T03:10:55</date>
  <millis>1653070255126</millis>
  <sequence>208</sequence>
  <logger>sample log</logger>
  <level>INFO</level>
  <class>scraping.Scraping</class>
  <method>GetDataFromURL</method>
  <thread>20</thread>
  <message>出力成功 : ChibaLotteMarines : Hisanori Yasuda</message>
</record>
<record>
  <date>2022-05-21T03:10:55</date>
  <millis>1653070255232</millis>
  <sequence>209</sequence>
  <logger>sample log</logger>
  <level>INFO</level>
  <class>scraping.Scraping</class>
  <method>GetDataFromURL</method>
  <thread>20</thread>
  <message>String</message>
</record>
<record>
  <date>2022-05-21T03:10:55</date>
  <millis>1653070255232</millis>
  <sequence>210</sequence>
  <logger>sample log</logger>
  <level>INFO</level>
  <class>scraping.Scraping</class>
  <method>GetDataFromURL</method>
  <thread>20</thread>
  <message>出力成功 : FukuokaSoftbankHawks : Alfredo Despaigne</message>
</record>
<record>
  <date>2022-05-21T03:10:55</date>
  <millis>1653070255235</millis>
  <sequence>211</sequence>
  <logger>sample log</logger>
  <level>INFO</level>
  <class>scraping.Scraping</class>
  <method>GetDataFromURL</method>
  <thread>20</thread>
  <message>String</message>
</record>
<record>
  <date>2022-05-21T03:10:55</date>
  <millis>1653070255235</millis>
  <sequence>212</sequence>
  <logger>sample log</logger>
  <level>INFO</level>
  <class>scraping.Scraping</class>
  <method>GetDataFromURL</method>
  <thread>20</thread>
  <message>出力成功 : FukuokaSoftbankHawks : Freddy Galvis</message>
</record>
<record>
  <date>2022-05-21T03:10:55</date>
  <millis>1653070255238</millis>
  <sequence>213</sequence>
  <logger>sample log</logger>
  <level>INFO</level>
  <class>scraping.Scraping</class>
  <method>GetDataFromURL</method>
  <thread>20</thread>
  <message>String</message>
</record>
<record>
  <date>2022-05-21T03:10:55</date>
  <millis>1653070255239</millis>
  <sequence>214</sequence>
  <logger>sample log</logger>
  <level>INFO</level>
  <class>scraping.Scraping</class>
  <method>GetDataFromURL</method>
  <thread>20</thread>
  <message>出力成功 : FukuokaSoftbankHawks : Yurisbel Gracial</message>
</record>
<record>
  <date>2022-05-21T03:10:55</date>
  <millis>1653070255244</millis>
  <sequence>215</sequence>
  <logger>sample log</logger>
  <level>INFO</level>
  <class>scraping.Scraping</class>
  <method>GetDataFromURL</method>
  <thread>20</thread>
  <message>String</message>
</record>
<record>
  <date>2022-05-21T03:10:55</date>
  <millis>1653070255244</millis>
  <sequence>216</sequence>
  <logger>sample log</logger>
  <level>INFO</level>
  <class>scraping.Scraping</class>
  <method>GetDataFromURL</method>
  <thread>20</thread>
  <message>出力成功 : FukuokaSoftbankHawks : Kenta Imamiya</message>
</record>
<record>
  <date>2022-05-21T03:10:55</date>
  <millis>1653070255247</millis>
  <sequence>217</sequence>
  <logger>sample log</logger>
  <level>INFO</level>
  <class>scraping.Scraping</class>
  <method>GetDataFromURL</method>
  <thread>20</thread>
  <message>String</message>
</record>
<record>
  <date>2022-05-21T03:10:55</date>
  <millis>1653070255247</millis>
  <sequence>218</sequence>
  <logger>sample log</logger>
  <level>INFO</level>
  <class>scraping.Scraping</class>
  <method>GetDataFromURL</method>
  <thread>20</thread>
  <message>出力成功 : FukuokaSoftbankHawks : Takuya Kai</message>
</record>
<record>
  <date>2022-05-21T03:10:55</date>
  <millis>1653070255250</millis>
  <sequence>219</sequence>
  <logger>sample log</logger>
  <level>INFO</level>
  <class>scraping.Scraping</class>
  <method>GetDataFromURL</method>
  <thread>20</thread>
  <message>String</message>
</record>
<record>
  <date>2022-05-21T03:10:55</date>
  <millis>1653070255250</millis>
  <sequence>220</sequence>
  <logger>sample log</logger>
  <level>INFO</level>
  <class>scraping.Scraping</class>
  <method>GetDataFromURL</method>
  <thread>20</thread>
  <message>出力成功 : FukuokaSoftbankHawks : Hikaru Kawase</message>
</record>
<record>
  <date>2022-05-21T03:10:55</date>
  <millis>1653070255253</millis>
  <sequence>221</sequence>
  <logger>sample log</logger>
  <level>INFO</level>
  <class>scraping.Scraping</class>
  <method>GetDataFromURL</method>
  <thread>20</thread>
  <message>String</message>
</record>
<record>
  <date>2022-05-21T03:10:55</date>
  <millis>1653070255253</millis>
  <sequence>222</sequence>
  <logger>sample log</logger>
  <level>INFO</level>
  <class>scraping.Scraping</class>
  <method>GetDataFromURL</method>
  <thread>20</thread>
  <message>出力成功 : FukuokaSoftbankHawks : Ryoya Kurihara</message>
</record>
<record>
  <date>2022-05-21T03:10:55</date>
  <millis>1653070255256</millis>
  <sequence>223</sequence>
  <logger>sample log</logger>
  <level>INFO</level>
  <class>scraping.Scraping</class>
  <method>GetDataFromURL</method>
  <thread>20</thread>
  <message>String</message>
</record>
<record>
  <date>2022-05-21T03:10:55</date>
  <millis>1653070255257</millis>
  <sequence>224</sequence>
  <logger>sample log</logger>
  <level>INFO</level>
  <class>scraping.Scraping</class>
  <method>GetDataFromURL</method>
  <thread>20</thread>
  <message>出力成功 : FukuokaSoftbankHawks : Taisei Makihara</message>
</record>
<record>
  <date>2022-05-21T03:10:55</date>
  <millis>1653070255260</millis>
  <sequence>225</sequence>
  <logger>sample log</logger>
  <level>INFO</level>
  <class>scraping.Scraping</class>
  <method>GetDataFromURL</method>
  <thread>20</thread>
  <message>String</message>
</record>
<record>
  <date>2022-05-21T03:10:55</date>
  <millis>1653070255261</millis>
  <sequence>226</sequence>
  <logger>sample log</logger>
  <level>INFO</level>
  <class>scraping.Scraping</class>
  <method>GetDataFromURL</method>
  <thread>20</thread>
  <message>出力成功 : FukuokaSoftbankHawks : Yusuke Masago</message>
</record>
<record>
  <date>2022-05-21T03:10:55</date>
  <millis>1653070255263</millis>
  <sequence>227</sequence>
  <logger>sample log</logger>
  <level>INFO</level>
  <class>scraping.Scraping</class>
  <method>GetDataFromURL</method>
  <thread>20</thread>
  <message>String</message>
</record>
<record>
  <date>2022-05-21T03:10:55</date>
  <millis>1653070255264</millis>
  <sequence>228</sequence>
  <logger>sample log</logger>
  <level>INFO</level>
  <class>scraping.Scraping</class>
  <method>GetDataFromURL</method>
  <thread>20</thread>
  <message>出力成功 : FukuokaSoftbankHawks : Tomoya Masaki</message>
</record>
<record>
  <date>2022-05-21T03:10:55</date>
  <millis>1653070255267</millis>
  <sequence>229</sequence>
  <logger>sample log</logger>
  <level>INFO</level>
  <class>scraping.Scraping</class>
  <method>GetDataFromURL</method>
  <thread>20</thread>
  <message>String</message>
</record>
<record>
  <date>2022-05-21T03:10:55</date>
  <millis>1653070255267</millis>
  <sequence>230</sequence>
  <logger>sample log</logger>
  <level>INFO</level>
  <class>scraping.Scraping</class>
  <method>GetDataFromURL</method>
  <thread>20</thread>
  <message>出力成功 : FukuokaSoftbankHawks : Nobuhiro Matsuda</message>
</record>
<record>
  <date>2022-05-21T03:10:55</date>
  <millis>1653070255271</millis>
  <sequence>231</sequence>
  <logger>sample log</logger>
  <level>INFO</level>
  <class>scraping.Scraping</class>
  <method>GetDataFromURL</method>
  <thread>20</thread>
  <message>String</message>
</record>
<record>
  <date>2022-05-21T03:10:55</date>
  <millis>1653070255271</millis>
  <sequence>232</sequence>
  <logger>sample log</logger>
  <level>INFO</level>
  <class>scraping.Scraping</class>
  <method>GetDataFromURL</method>
  <thread>20</thread>
  <message>出力成功 : FukuokaSoftbankHawks : Masaki Mimori</message>
</record>
<record>
  <date>2022-05-21T03:10:55</date>
  <millis>1653070255276</millis>
  <sequence>233</sequence>
  <logger>sample log</logger>
  <level>INFO</level>
  <class>scraping.Scraping</class>
  <method>GetDataFromURL</method>
  <thread>20</thread>
  <message>String</message>
</record>
<record>
  <date>2022-05-21T03:10:55</date>
  <millis>1653070255277</millis>
  <sequence>234</sequence>
  <logger>sample log</logger>
  <level>INFO</level>
  <class>scraping.Scraping</class>
  <method>GetDataFromURL</method>
  <thread>20</thread>
  <message>出力成功 : FukuokaSoftbankHawks : Akira Nakamura</message>
</record>
<record>
  <date>2022-05-21T03:10:55</date>
  <millis>1653070255279</millis>
  <sequence>235</sequence>
  <logger>sample log</logger>
  <level>INFO</level>
  <class>scraping.Scraping</class>
  <method>GetDataFromURL</method>
  <thread>20</thread>
  <message>String</message>
</record>
<record>
  <date>2022-05-21T03:10:55</date>
  <millis>1653070255280</millis>
  <sequence>236</sequence>
  <logger>sample log</logger>
  <level>INFO</level>
  <class>scraping.Scraping</class>
  <method>GetDataFromURL</method>
  <thread>20</thread>
  <message>出力成功 : FukuokaSoftbankHawks : Masahiro Nakatani</message>
</record>
<record>
  <date>2022-05-21T03:10:55</date>
  <millis>1653070255282</millis>
  <sequence>237</sequence>
  <logger>sample log</logger>
  <level>INFO</level>
  <class>scraping.Scraping</class>
  <method>GetDataFromURL</method>
  <thread>20</thread>
  <message>String</message>
</record>
<record>
  <date>2022-05-21T03:10:55</date>
  <millis>1653070255282</millis>
  <sequence>238</sequence>
  <logger>sample log</logger>
  <level>INFO</level>
  <class>scraping.Scraping</class>
  <method>GetDataFromURL</method>
  <thread>20</thread>
  <message>出力成功 : FukuokaSoftbankHawks : Daiju Nomura</message>
</record>
<record>
  <date>2022-05-21T03:10:55</date>
  <millis>1653070255284</millis>
  <sequence>239</sequence>
  <logger>sample log</logger>
  <level>INFO</level>
  <class>scraping.Scraping</class>
  <method>GetDataFromURL</method>
  <thread>20</thread>
  <message>String</message>
</record>
<record>
  <date>2022-05-21T03:10:55</date>
  <millis>1653070255284</millis>
  <sequence>240</sequence>
  <logger>sample log</logger>
  <level>INFO</level>
  <class>scraping.Scraping</class>
  <method>GetDataFromURL</method>
  <thread>20</thread>
  <message>出力成功 : FukuokaSoftbankHawks : Isami Nomura</message>
</record>
<record>
  <date>2022-05-21T03:10:55</date>
  <millis>1653070255287</millis>
  <sequence>241</sequence>
  <logger>sample log</logger>
  <level>INFO</level>
  <class>scraping.Scraping</class>
  <method>GetDataFromURL</method>
  <thread>20</thread>
  <message>String</message>
</record>
<record>
  <date>2022-05-21T03:10:55</date>
  <millis>1653070255287</millis>
  <sequence>242</sequence>
  <logger>sample log</logger>
  <level>INFO</level>
  <class>scraping.Scraping</class>
  <method>GetDataFromURL</method>
  <thread>20</thread>
  <message>出力成功 : FukuokaSoftbankHawks : Naoki Satoh</message>
</record>
<record>
  <date>2022-05-21T03:10:55</date>
  <millis>1653070255290</millis>
  <sequence>243</sequence>
  <logger>sample log</logger>
  <level>INFO</level>
  <class>scraping.Scraping</class>
  <method>GetDataFromURL</method>
  <thread>20</thread>
  <message>String</message>
</record>
<record>
  <date>2022-05-21T03:10:55</date>
  <millis>1653070255291</millis>
  <sequence>244</sequence>
  <logger>sample log</logger>
  <level>INFO</level>
  <class>scraping.Scraping</class>
  <method>GetDataFromURL</method>
  <thread>20</thread>
  <message>出力成功 : FukuokaSoftbankHawks : Richard Sunagawa</message>
</record>
<record>
  <date>2022-05-21T03:10:55</date>
  <millis>1653070255294</millis>
  <sequence>245</sequence>
  <logger>sample log</logger>
  <level>INFO</level>
  <class>scraping.Scraping</class>
  <method>GetDataFromURL</method>
  <thread>20</thread>
  <message>String</message>
</record>
<record>
  <date>2022-05-21T03:10:55</date>
  <millis>1653070255295</millis>
  <sequence>246</sequence>
  <logger>sample log</logger>
  <level>INFO</level>
  <class>scraping.Scraping</class>
  <method>GetDataFromURL</method>
  <thread>20</thread>
  <message>出力成功 : FukuokaSoftbankHawks : Tomoki Takata</message>
</record>
<record>
  <date>2022-05-21T03:10:55</date>
  <millis>1653070255297</millis>
  <sequence>247</sequence>
  <logger>sample log</logger>
  <level>INFO</level>
  <class>scraping.Scraping</class>
  <method>GetDataFromURL</method>
  <thread>20</thread>
  <message>String</message>
</record>
<record>
  <date>2022-05-21T03:10:55</date>
  <millis>1653070255297</millis>
  <sequence>248</sequence>
  <logger>sample log</logger>
  <level>INFO</level>
  <class>scraping.Scraping</class>
  <method>GetDataFromURL</method>
  <thread>20</thread>
  <message>出力成功 : FukuokaSoftbankHawks : Kenta Tanigawara</message>
</record>
<record>
  <date>2022-05-21T03:10:55</date>
  <millis>1653070255300</millis>
  <sequence>249</sequence>
  <logger>sample log</logger>
  <level>INFO</level>
  <class>scraping.Scraping</class>
  <method>GetDataFromURL</method>
  <thread>20</thread>
  <message>String</message>
</record>
<record>
  <date>2022-05-21T03:10:55</date>
  <millis>1653070255300</millis>
  <sequence>250</sequence>
  <logger>sample log</logger>
  <level>INFO</level>
  <class>scraping.Scraping</class>
  <method>GetDataFromURL</method>
  <thread>20</thread>
  <message>出力成功 : FukuokaSoftbankHawks : Seiji Uebayashi</message>
</record>
<record>
  <date>2022-05-21T03:10:55</date>
  <millis>1653070255302</millis>
  <sequence>251</sequence>
  <logger>sample log</logger>
  <level>INFO</level>
  <class>scraping.Scraping</class>
  <method>GetDataFromURL</method>
  <thread>20</thread>
  <message>String</message>
</record>
<record>
  <date>2022-05-21T03:10:55</date>
  <millis>1653070255303</millis>
  <sequence>252</sequence>
  <logger>sample log</logger>
  <level>INFO</level>
  <class>scraping.Scraping</class>
  <method>GetDataFromURL</method>
  <thread>20</thread>
  <message>出力成功 : FukuokaSoftbankHawks : Takashi Umino</message>
</record>
<record>
  <date>2022-05-21T03:10:55</date>
  <millis>1653070255305</millis>
  <sequence>253</sequence>
  <logger>sample log</logger>
  <level>INFO</level>
  <class>scraping.Scraping</class>
  <method>GetDataFromURL</method>
  <thread>20</thread>
  <message>String</message>
</record>
<record>
  <date>2022-05-21T03:10:55</date>
  <millis>1653070255306</millis>
  <sequence>254</sequence>
  <logger>sample log</logger>
  <level>INFO</level>
  <class>scraping.Scraping</class>
  <method>GetDataFromURL</method>
  <thread>20</thread>
  <message>出力成功 : FukuokaSoftbankHawks : Tatsuru Yanagimachi</message>
</record>
<record>
  <date>2022-05-21T03:10:55</date>
  <millis>1653070255309</millis>
  <sequence>255</sequence>
  <logger>sample log</logger>
  <level>INFO</level>
  <class>scraping.Scraping</class>
  <method>GetDataFromURL</method>
  <thread>20</thread>
  <message>String</message>
</record>
<record>
  <date>2022-05-21T03:10:55</date>
  <millis>1653070255309</millis>
  <sequence>256</sequence>
  <logger>sample log</logger>
  <level>INFO</level>
  <class>scraping.Scraping</class>
  <method>GetDataFromURL</method>
  <thread>20</thread>
  <message>出力成功 : FukuokaSoftbankHawks : Yuki Yanagita</message>
</record>
<record>
  <date>2022-05-21T03:10:55</date>
  <millis>1653070255490</millis>
  <sequence>257</sequence>
  <logger>sample log</logger>
  <level>INFO</level>
  <class>scraping.Scraping</class>
  <method>GetDataFromURL</method>
  <thread>20</thread>
  <message>String</message>
</record>
<record>
  <date>2022-05-21T03:10:55</date>
  <millis>1653070255491</millis>
  <sequence>258</sequence>
  <logger>sample log</logger>
  <level>INFO</level>
  <class>scraping.Scraping</class>
  <method>GetDataFromURL</method>
  <thread>20</thread>
  <message>出力成功 : HokkaidoNipponHamFighters : Arismendy Alcantara</message>
</record>
<record>
  <date>2022-05-21T03:10:55</date>
  <millis>1653070255496</millis>
  <sequence>259</sequence>
  <logger>sample log</logger>
  <level>INFO</level>
  <class>scraping.Scraping</class>
  <method>GetDataFromURL</method>
  <thread>20</thread>
  <message>String</message>
</record>
<record>
  <date>2022-05-21T03:10:55</date>
  <millis>1653070255497</millis>
  <sequence>260</sequence>
  <logger>sample log</logger>
  <level>INFO</level>
  <class>scraping.Scraping</class>
  <method>GetDataFromURL</method>
  <thread>20</thread>
  <message>出力成功 : HokkaidoNipponHamFighters : Daiki Asama</message>
</record>
<record>
  <date>2022-05-21T03:10:55</date>
  <millis>1653070255506</millis>
  <sequence>261</sequence>
  <logger>sample log</logger>
  <level>INFO</level>
  <class>scraping.Scraping</class>
  <method>GetDataFromURL</method>
  <thread>20</thread>
  <message>String</message>
</record>
<record>
  <date>2022-05-21T03:10:55</date>
  <millis>1653070255506</millis>
  <sequence>262</sequence>
  <logger>sample log</logger>
  <level>INFO</level>
  <class>scraping.Scraping</class>
  <method>GetDataFromURL</method>
  <thread>20</thread>
  <message>出力成功 : HokkaidoNipponHamFighters : Yudai Furukawa</message>
</record>
<record>
  <date>2022-05-21T03:10:55</date>
  <millis>1653070255510</millis>
  <sequence>263</sequence>
  <logger>sample log</logger>
  <level>INFO</level>
  <class>scraping.Scraping</class>
  <method>GetDataFromURL</method>
  <thread>20</thread>
  <message>String</message>
</record>
<record>
  <date>2022-05-21T03:10:55</date>
  <millis>1653070255511</millis>
  <sequence>264</sequence>
  <logger>sample log</logger>
  <level>INFO</level>
  <class>scraping.Scraping</class>
  <method>GetDataFromURL</method>
  <thread>20</thread>
  <message>出力成功 : HokkaidoNipponHamFighters : Ryohei Hosokawa</message>
</record>
<record>
  <date>2022-05-21T03:10:55</date>
  <millis>1653070255515</millis>
  <sequence>265</sequence>
  <logger>sample log</logger>
  <level>INFO</level>
  <class>scraping.Scraping</class>
  <method>GetDataFromURL</method>
  <thread>20</thread>
  <message>String</message>
</record>
<record>
  <date>2022-05-21T03:10:55</date>
  <millis>1653070255515</millis>
  <sequence>266</sequence>
  <logger>sample log</logger>
  <level>INFO</level>
  <class>scraping.Scraping</class>
  <method>GetDataFromURL</method>
  <thread>20</thread>
  <message>出力成功 : HokkaidoNipponHamFighters : Yuma Imagawa</message>
</record>
<record>
  <date>2022-05-21T03:10:55</date>
  <millis>1653070255988</millis>
  <sequence>271</sequence>
  <logger>sample log</logger>
  <level>INFO</level>
  <class>scraping.Scraping</class>
  <method>GetDataFromURL</method>
  <thread>20</thread>
  <message>String</message>
</record>
<record>
  <date>2022-05-21T03:10:55</date>
  <millis>1653070255988</millis>
  <sequence>272</sequence>
  <logger>sample log</logger>
  <level>INFO</level>
  <class>scraping.Scraping</class>
  <method>GetDataFromURL</method>
  <thread>20</thread>
  <message>出力成功 : OrixBuffaloes : Ryoichi Adachi</message>
</record>
<record>
  <date>2022-05-21T03:10:56</date>
  <millis>1653070256084</millis>
  <sequence>277</sequence>
  <logger>sample log</logger>
  <level>INFO</level>
  <class>scraping.Scraping</class>
  <method>GetDataFromURL</method>
  <thread>20</thread>
  <message>String</message>
</record>
<record>
  <date>2022-05-21T03:10:56</date>
  <millis>1653070256084</millis>
  <sequence>278</sequence>
  <logger>sample log</logger>
  <level>INFO</level>
  <class>scraping.Scraping</class>
  <method>GetDataFromURL</method>
  <thread>20</thread>
  <message>出力成功 : SaitamaSeibuLions : Sosuke Genda</message>
</record>
<record>
  <date>2022-05-21T03:10:56</date>
  <millis>1653070256166</millis>
  <sequence>283</sequence>
  <logger>sample log</logger>
  <level>INFO</level>
  <class>scraping.Scraping</class>
  <method>GetDataFromURL</method>
  <thread>20</thread>
  <message>String</message>
</record>
<record>
  <date>2022-05-21T03:10:56</date>
  <millis>1653070256166</millis>
  <sequence>284</sequence>
  <logger>sample log</logger>
  <level>INFO</level>
  <class>scraping.Scraping</class>
  <method>GetDataFromURL</method>
  <thread>20</thread>
  <message>出力成功 : TohokuRakutenGoldenEagles : Ginji Akaminai</message>
</record>
