<?xml version="1.0" encoding="UTF-8" standalone="no"?>
<!DOCTYPE log SYSTEM "logger.dtd">
<log>
<record>
  <date>2022-05-21T18:49:32</date>
  <millis>1653126572694</millis>
  <sequence>43</sequence>
  <logger>sample log</logger>
  <level>INFO</level>
  <class>scraping.Scraping</class>
  <method>GetDataFromURL</method>
  <thread>18</thread>
  <message>出力成功 : ChibaLotteMarines : Yudai Fujioka</message>
</record>
<record>
  <date>2022-05-21T18:49:32</date>
  <millis>1653126572695</millis>
  <sequence>44</sequence>
  <logger>sample log</logger>
  <level>INFO</level>
  <class>scraping.Scraping</class>
  <method>GetDataFromURL</method>
  <thread>18</thread>
  <message>-45</message>
</record>
<record>
  <date>2022-05-21T18:49:32</date>
  <millis>1653126572697</millis>
  <sequence>45</sequence>
  <logger>sample log</logger>
  <level>INFO</level>
  <class>scraping.Scraping</class>
  <method>GetDataFromURL</method>
  <thread>18</thread>
  <message>出力成功 : ChibaLotteMarines : Kyota Fujiwara</message>
</record>
<record>
  <date>2022-05-21T18:49:32</date>
  <millis>1653126572698</millis>
  <sequence>46</sequence>
  <logger>sample log</logger>
  <level>INFO</level>
  <class>scraping.Scraping</class>
  <method>GetDataFromURL</method>
  <thread>18</thread>
  <message>-44</message>
</record>
<record>
  <date>2022-05-21T18:49:32</date>
  <millis>1653126572701</millis>
  <sequence>47</sequence>
  <logger>sample log</logger>
  <level>INFO</level>
  <class>scraping.Scraping</class>
  <method>GetDataFromURL</method>
  <thread>18</thread>
  <message>出力成功 : ChibaLotteMarines : Koki Fukuda</message>
</record>
<record>
  <date>2022-05-21T18:49:32</date>
  <millis>1653126572701</millis>
  <sequence>48</sequence>
  <logger>sample log</logger>
  <level>INFO</level>
  <class>scraping.Scraping</class>
  <method>GetDataFromURL</method>
  <thread>18</thread>
  <message>-43</message>
</record>
<record>
  <date>2022-05-21T18:49:32</date>
  <millis>1653126572705</millis>
  <sequence>49</sequence>
  <logger>sample log</logger>
  <level>INFO</level>
  <class>scraping.Scraping</class>
  <method>GetDataFromURL</method>
  <thread>18</thread>
  <message>出力成功 : ChibaLotteMarines : Shuhei Fukuda</message>
</record>
<record>
  <date>2022-05-21T18:49:32</date>
  <millis>1653126572705</millis>
  <sequence>50</sequence>
  <logger>sample log</logger>
  <level>INFO</level>
  <class>scraping.Scraping</class>
  <method>GetDataFromURL</method>
  <thread>18</thread>
  <message>-42</message>
</record>
<record>
  <date>2022-05-21T18:49:32</date>
  <millis>1653126572706</millis>
  <sequence>51</sequence>
  <logger>sample log</logger>
  <level>INFO</level>
  <class>scraping.Scraping</class>
  <method>GetDataFromURL</method>
  <thread>18</thread>
  <message>出力成功 : ChibaLotteMarines : Adeiny Hechavarria</message>
</record>
<record>
  <date>2022-05-21T18:49:32</date>
  <millis>1653126572707</millis>
  <sequence>52</sequence>
  <logger>sample log</logger>
  <level>INFO</level>
  <class>scraping.Scraping</class>
  <method>GetDataFromURL</method>
  <thread>18</thread>
  <message>-41</message>
</record>
<record>
  <date>2022-05-21T18:49:32</date>
  <millis>1653126572708</millis>
  <sequence>53</sequence>
  <logger>sample log</logger>
  <level>INFO</level>
  <class>scraping.Scraping</class>
  <method>GetDataFromURL</method>
  <thread>18</thread>
  <message>出力成功 : ChibaLotteMarines : Taiga Hirasawa</message>
</record>
<record>
  <date>2022-05-21T18:49:32</date>
  <millis>1653126572708</millis>
  <sequence>54</sequence>
  <logger>sample log</logger>
  <level>INFO</level>
  <class>scraping.Scraping</class>
  <method>GetDataFromURL</method>
  <thread>18</thread>
  <message>-40</message>
</record>
<record>
  <date>2022-05-21T18:49:32</date>
  <millis>1653126572710</millis>
  <sequence>55</sequence>
  <logger>sample log</logger>
  <level>INFO</level>
  <class>scraping.Scraping</class>
  <method>GetDataFromURL</method>
  <thread>18</thread>
  <message>出力成功 : ChibaLotteMarines : Raito Ikeda</message>
</record>
<record>
  <date>2022-05-21T18:49:32</date>
  <millis>1653126572710</millis>
  <sequence>56</sequence>
  <logger>sample log</logger>
  <level>INFO</level>
  <class>scraping.Scraping</class>
  <method>GetDataFromURL</method>
  <thread>18</thread>
  <message>-39</message>
</record>
<record>
  <date>2022-05-21T18:49:32</date>
  <millis>1653126572711</millis>
  <sequence>57</sequence>
  <logger>sample log</logger>
  <level>INFO</level>
  <class>scraping.Scraping</class>
  <method>GetDataFromURL</method>
  <thread>18</thread>
  <message>出力成功 : ChibaLotteMarines : Tomoya Kakinuma</message>
</record>
<record>
  <date>2022-05-21T18:49:32</date>
  <millis>1653126572711</millis>
  <sequence>58</sequence>
  <logger>sample log</logger>
  <level>INFO</level>
  <class>scraping.Scraping</class>
  <method>GetDataFromURL</method>
  <thread>18</thread>
  <message>-38</message>
</record>
<record>
  <date>2022-05-21T18:49:32</date>
  <millis>1653126572714</millis>
  <sequence>59</sequence>
  <logger>sample log</logger>
  <level>INFO</level>
  <class>scraping.Scraping</class>
  <method>GetDataFromURL</method>
  <thread>18</thread>
  <message>出力成功 : ChibaLotteMarines : Brandon Laird</message>
</record>
<record>
  <date>2022-05-21T18:49:32</date>
  <millis>1653126572715</millis>
  <sequence>60</sequence>
  <logger>sample log</logger>
  <level>INFO</level>
  <class>scraping.Scraping</class>
  <method>GetDataFromURL</method>
  <thread>18</thread>
  <message>-37</message>
</record>
<record>
  <date>2022-05-21T18:49:32</date>
  <millis>1653126572717</millis>
  <sequence>61</sequence>
  <logger>sample log</logger>
  <level>INFO</level>
  <class>scraping.Scraping</class>
  <method>GetDataFromURL</method>
  <thread>18</thread>
  <message>出力成功 : ChibaLotteMarines : Leonys Martín</message>
</record>
<record>
  <date>2022-05-21T18:49:32</date>
  <millis>1653126572717</millis>
  <sequence>62</sequence>
  <logger>sample log</logger>
  <level>INFO</level>
  <class>scraping.Scraping</class>
  <method>GetDataFromURL</method>
  <thread>18</thread>
  <message>-36</message>
</record>
<record>
  <date>2022-05-21T18:49:32</date>
  <millis>1653126572718</millis>
  <sequence>63</sequence>
  <logger>sample log</logger>
  <level>INFO</level>
  <class>scraping.Scraping</class>
  <method>GetDataFromURL</method>
  <thread>18</thread>
  <message>出力成功 : ChibaLotteMarines : Kou Matsukawa</message>
</record>
<record>
  <date>2022-05-21T18:49:32</date>
  <millis>1653126572718</millis>
  <sequence>64</sequence>
  <logger>sample log</logger>
  <level>INFO</level>
  <class>scraping.Scraping</class>
  <method>GetDataFromURL</method>
  <thread>18</thread>
  <message>-35</message>
</record>
<record>
  <date>2022-05-21T18:49:32</date>
  <millis>1653126572719</millis>
  <sequence>65</sequence>
  <logger>sample log</logger>
  <level>INFO</level>
  <class>scraping.Scraping</class>
  <method>GetDataFromURL</method>
  <thread>18</thread>
  <message>出力成功 : ChibaLotteMarines : Ryo Miki</message>
</record>
<record>
  <date>2022-05-21T18:49:32</date>
  <millis>1653126572720</millis>
  <sequence>66</sequence>
  <logger>sample log</logger>
  <level>INFO</level>
  <class>scraping.Scraping</class>
  <method>GetDataFromURL</method>
  <thread>18</thread>
  <message>-34</message>
</record>
<record>
  <date>2022-05-21T18:49:32</date>
  <millis>1653126572721</millis>
  <sequence>67</sequence>
  <logger>sample log</logger>
  <level>INFO</level>
  <class>scraping.Scraping</class>
  <method>GetDataFromURL</method>
  <thread>18</thread>
  <message>出力成功 : ChibaLotteMarines : Shogo Nakamura</message>
</record>
<record>
  <date>2022-05-21T18:49:32</date>
  <millis>1653126572721</millis>
  <sequence>68</sequence>
  <logger>sample log</logger>
  <level>INFO</level>
  <class>scraping.Scraping</class>
  <method>GetDataFromURL</method>
  <thread>18</thread>
  <message>-33</message>
</record>
<record>
  <date>2022-05-21T18:49:32</date>
  <millis>1653126572722</millis>
  <sequence>69</sequence>
  <logger>sample log</logger>
  <level>INFO</level>
  <class>scraping.Scraping</class>
  <method>GetDataFromURL</method>
  <thread>18</thread>
  <message>出力成功 : ChibaLotteMarines : Ryusei Ogawa</message>
</record>
<record>
  <date>2022-05-21T18:49:32</date>
  <millis>1653126572722</millis>
  <sequence>70</sequence>
  <logger>sample log</logger>
  <level>INFO</level>
  <class>scraping.Scraping</class>
  <method>GetDataFromURL</method>
  <thread>18</thread>
  <message>-32</message>
</record>
<record>
  <date>2022-05-21T18:49:32</date>
  <millis>1653126572723</millis>
  <sequence>71</sequence>
  <logger>sample log</logger>
  <level>INFO</level>
  <class>scraping.Scraping</class>
  <method>GetDataFromURL</method>
  <thread>18</thread>
  <message>出力成功 : ChibaLotteMarines : Hiromi Oka</message>
</record>
<record>
  <date>2022-05-21T18:49:32</date>
  <millis>1653126572724</millis>
  <sequence>72</sequence>
  <logger>sample log</logger>
  <level>INFO</level>
  <class>scraping.Scraping</class>
  <method>GetDataFromURL</method>
  <thread>18</thread>
  <message>-31</message>
</record>
<record>
  <date>2022-05-21T18:49:32</date>
  <millis>1653126572725</millis>
  <sequence>73</sequence>
  <logger>sample log</logger>
  <level>INFO</level>
  <class>scraping.Scraping</class>
  <method>GetDataFromURL</method>
  <thread>18</thread>
  <message>出力成功 : ChibaLotteMarines : Toshiya Satoh</message>
</record>
<record>
  <date>2022-05-21T18:49:32</date>
  <millis>1653126572725</millis>
  <sequence>74</sequence>
  <logger>sample log</logger>
  <level>INFO</level>
  <class>scraping.Scraping</class>
  <method>GetDataFromURL</method>
  <thread>18</thread>
  <message>-30</message>
</record>
<record>
  <date>2022-05-21T18:49:32</date>
  <millis>1653126572726</millis>
  <sequence>75</sequence>
  <logger>sample log</logger>
  <level>INFO</level>
  <class>scraping.Scraping</class>
  <method>GetDataFromURL</method>
  <thread>18</thread>
  <message>出力成功 : ChibaLotteMarines : Tsuyoshi Sugano</message>
</record>
<record>
  <date>2022-05-21T18:49:32</date>
  <millis>1653126572726</millis>
  <sequence>76</sequence>
  <logger>sample log</logger>
  <level>INFO</level>
  <class>scraping.Scraping</class>
  <method>GetDataFromURL</method>
  <thread>18</thread>
  <message>-29</message>
</record>
<record>
  <date>2022-05-21T18:49:32</date>
  <millis>1653126572727</millis>
  <sequence>77</sequence>
  <logger>sample log</logger>
  <level>INFO</level>
  <class>scraping.Scraping</class>
  <method>GetDataFromURL</method>
  <thread>18</thread>
  <message>出力成功 : ChibaLotteMarines : Akito Takabe</message>
</record>
<record>
  <date>2022-05-21T18:49:32</date>
  <millis>1653126572727</millis>
  <sequence>78</sequence>
  <logger>sample log</logger>
  <level>INFO</level>
  <class>scraping.Scraping</class>
  <method>GetDataFromURL</method>
  <thread>18</thread>
  <message>-28</message>
</record>
<record>
  <date>2022-05-21T18:49:32</date>
  <millis>1653126572728</millis>
  <sequence>79</sequence>
  <logger>sample log</logger>
  <level>INFO</level>
  <class>scraping.Scraping</class>
  <method>GetDataFromURL</method>
  <thread>18</thread>
  <message>出力成功 : ChibaLotteMarines : Koshiro Wada</message>
</record>
<record>
  <date>2022-05-21T18:49:32</date>
  <millis>1653126572728</millis>
  <sequence>80</sequence>
  <logger>sample log</logger>
  <level>INFO</level>
  <class>scraping.Scraping</class>
  <method>GetDataFromURL</method>
  <thread>18</thread>
  <message>-27</message>
</record>
<record>
  <date>2022-05-21T18:49:32</date>
  <millis>1653126572730</millis>
  <sequence>81</sequence>
  <logger>sample log</logger>
  <level>INFO</level>
  <class>scraping.Scraping</class>
  <method>GetDataFromURL</method>
  <thread>18</thread>
  <message>出力成功 : ChibaLotteMarines : Koki Yamaguchi</message>
</record>
<record>
  <date>2022-05-21T18:49:32</date>
  <millis>1653126572730</millis>
  <sequence>82</sequence>
  <logger>sample log</logger>
  <level>INFO</level>
  <class>scraping.Scraping</class>
  <method>GetDataFromURL</method>
  <thread>18</thread>
  <message>-26</message>
</record>
<record>
  <date>2022-05-21T18:49:32</date>
  <millis>1653126572731</millis>
  <sequence>83</sequence>
  <logger>sample log</logger>
  <level>INFO</level>
  <class>scraping.Scraping</class>
  <method>GetDataFromURL</method>
  <thread>18</thread>
  <message>出力成功 : ChibaLotteMarines : Hisanori Yasuda</message>
</record>
<record>
  <date>2022-05-21T18:49:32</date>
  <millis>1653126572731</millis>
  <sequence>84</sequence>
  <logger>sample log</logger>
  <level>INFO</level>
  <class>scraping.Scraping</class>
  <method>GetDataFromURL</method>
  <thread>18</thread>
  <message>-25</message>
</record>
<record>
  <date>2022-05-21T18:49:34</date>
  <millis>1653126574712</millis>
  <sequence>85</sequence>
  <logger>sample log</logger>
  <level>INFO</level>
  <class>scraping.Scraping</class>
  <method>GetDataFromURL</method>
  <thread>18</thread>
  <message>出力成功 : FukuokaSoftbankHawks : Alfredo Despaigne</message>
</record>
<record>
  <date>2022-05-21T18:49:34</date>
  <millis>1653126574713</millis>
  <sequence>86</sequence>
  <logger>sample log</logger>
  <level>INFO</level>
  <class>scraping.Scraping</class>
  <method>GetDataFromURL</method>
  <thread>18</thread>
  <message>-24</message>
</record>
<record>
  <date>2022-05-21T18:49:34</date>
  <millis>1653126574714</millis>
  <sequence>87</sequence>
  <logger>sample log</logger>
  <level>INFO</level>
  <class>scraping.Scraping</class>
  <method>GetDataFromURL</method>
  <thread>18</thread>
  <message>出力成功 : FukuokaSoftbankHawks : Freddy Galvis</message>
</record>
<record>
  <date>2022-05-21T18:49:34</date>
  <millis>1653126574715</millis>
  <sequence>88</sequence>
  <logger>sample log</logger>
  <level>INFO</level>
  <class>scraping.Scraping</class>
  <method>GetDataFromURL</method>
  <thread>18</thread>
  <message>-23</message>
</record>
<record>
  <date>2022-05-21T18:49:34</date>
  <millis>1653126574715</millis>
  <sequence>89</sequence>
  <logger>sample log</logger>
  <level>INFO</level>
  <class>scraping.Scraping</class>
  <method>GetDataFromURL</method>
  <thread>18</thread>
  <message>出力成功 : FukuokaSoftbankHawks : Yurisbel Gracial</message>
</record>
<record>
  <date>2022-05-21T18:49:34</date>
  <millis>1653126574716</millis>
  <sequence>90</sequence>
  <logger>sample log</logger>
  <level>INFO</level>
  <class>scraping.Scraping</class>
  <method>GetDataFromURL</method>
  <thread>18</thread>
  <message>-22</message>
</record>
<record>
  <date>2022-05-21T18:49:34</date>
  <millis>1653126574718</millis>
  <sequence>91</sequence>
  <logger>sample log</logger>
  <level>INFO</level>
  <class>scraping.Scraping</class>
  <method>GetDataFromURL</method>
  <thread>18</thread>
  <message>出力成功 : FukuokaSoftbankHawks : Kenta Imamiya</message>
</record>
<record>
  <date>2022-05-21T18:49:34</date>
  <millis>1653126574719</millis>
  <sequence>92</sequence>
  <logger>sample log</logger>
  <level>INFO</level>
  <class>scraping.Scraping</class>
  <method>GetDataFromURL</method>
  <thread>18</thread>
  <message>-21</message>
</record>
<record>
  <date>2022-05-21T18:49:34</date>
  <millis>1653126574722</millis>
  <sequence>93</sequence>
  <logger>sample log</logger>
  <level>INFO</level>
  <class>scraping.Scraping</class>
  <method>GetDataFromURL</method>
  <thread>18</thread>
  <message>出力成功 : FukuokaSoftbankHawks : Takuya Kai</message>
</record>
<record>
  <date>2022-05-21T18:49:34</date>
  <millis>1653126574723</millis>
  <sequence>94</sequence>
  <logger>sample log</logger>
  <level>INFO</level>
  <class>scraping.Scraping</class>
  <method>GetDataFromURL</method>
  <thread>18</thread>
  <message>-20</message>
</record>
<record>
  <date>2022-05-21T18:49:34</date>
  <millis>1653126574724</millis>
  <sequence>95</sequence>
  <logger>sample log</logger>
  <level>INFO</level>
  <class>scraping.Scraping</class>
  <method>GetDataFromURL</method>
  <thread>18</thread>
  <message>出力成功 : FukuokaSoftbankHawks : Hikaru Kawase</message>
</record>
<record>
  <date>2022-05-21T18:49:34</date>
  <millis>1653126574724</millis>
  <sequence>96</sequence>
  <logger>sample log</logger>
  <level>INFO</level>
  <class>scraping.Scraping</class>
  <method>GetDataFromURL</method>
  <thread>18</thread>
  <message>-19</message>
</record>
<record>
  <date>2022-05-21T18:49:36</date>
  <millis>1653126576787</millis>
  <sequence>97</sequence>
  <logger>sample log</logger>
  <level>INFO</level>
  <class>scraping.Scraping</class>
  <method>GetDataFromURL</method>
  <thread>18</thread>
  <message>出力成功 : HokkaidoNipponHamFighters : Arismendy Alcantara</message>
</record>
<record>
  <date>2022-05-21T18:49:36</date>
  <millis>1653126576788</millis>
  <sequence>98</sequence>
  <logger>sample log</logger>
  <level>INFO</level>
  <class>scraping.Scraping</class>
  <method>GetDataFromURL</method>
  <thread>18</thread>
  <message>-18</message>
</record>
<record>
  <date>2022-05-21T18:49:36</date>
  <millis>1653126576788</millis>
  <sequence>99</sequence>
  <logger>sample log</logger>
  <level>INFO</level>
  <class>scraping.Scraping</class>
  <method>GetDataFromURL</method>
  <thread>18</thread>
  <message>出力成功 : HokkaidoNipponHamFighters : Daiki Asama</message>
</record>
<record>
  <date>2022-05-21T18:49:36</date>
  <millis>1653126576789</millis>
  <sequence>100</sequence>
  <logger>sample log</logger>
  <level>INFO</level>
  <class>scraping.Scraping</class>
  <method>GetDataFromURL</method>
  <thread>18</thread>
  <message>-17</message>
</record>
<record>
  <date>2022-05-21T18:49:36</date>
  <millis>1653126576790</millis>
  <sequence>101</sequence>
  <logger>sample log</logger>
  <level>INFO</level>
  <class>scraping.Scraping</class>
  <method>GetDataFromURL</method>
  <thread>18</thread>
  <message>出力成功 : HokkaidoNipponHamFighters : Yudai Furukawa</message>
</record>
<record>
  <date>2022-05-21T18:49:36</date>
  <millis>1653126576790</millis>
  <sequence>102</sequence>
  <logger>sample log</logger>
  <level>INFO</level>
  <class>scraping.Scraping</class>
  <method>GetDataFromURL</method>
  <thread>18</thread>
  <message>-16</message>
</record>
<record>
  <date>2022-05-21T18:49:36</date>
  <millis>1653126576791</millis>
  <sequence>103</sequence>
  <logger>sample log</logger>
  <level>INFO</level>
  <class>scraping.Scraping</class>
  <method>GetDataFromURL</method>
  <thread>18</thread>
  <message>出力成功 : HokkaidoNipponHamFighters : Ryohei Hosokawa</message>
</record>
<record>
  <date>2022-05-21T18:49:36</date>
  <millis>1653126576791</millis>
  <sequence>104</sequence>
  <logger>sample log</logger>
  <level>INFO</level>
  <class>scraping.Scraping</class>
  <method>GetDataFromURL</method>
  <thread>18</thread>
  <message>-15</message>
</record>
<record>
  <date>2022-05-21T18:49:36</date>
  <millis>1653126576792</millis>
  <sequence>105</sequence>
  <logger>sample log</logger>
  <level>INFO</level>
  <class>scraping.Scraping</class>
  <method>GetDataFromURL</method>
  <thread>18</thread>
  <message>出力成功 : HokkaidoNipponHamFighters : Yuma Imagawa</message>
</record>
<record>
  <date>2022-05-21T18:49:36</date>
  <millis>1653126576793</millis>
  <sequence>106</sequence>
  <logger>sample log</logger>
  <level>INFO</level>
  <class>scraping.Scraping</class>
  <method>GetDataFromURL</method>
  <thread>18</thread>
  <message>-14</message>
</record>
<record>
  <date>2022-05-21T18:49:36</date>
  <millis>1653126576794</millis>
  <sequence>107</sequence>
  <logger>sample log</logger>
  <level>INFO</level>
  <class>scraping.Scraping</class>
  <method>GetDataFromURL</method>
  <thread>18</thread>
  <message>出力成功 : HokkaidoNipponHamFighters : Kazunari Ishii</message>
</record>
<record>
  <date>2022-05-21T18:49:36</date>
  <millis>1653126576797</millis>
  <sequence>108</sequence>
  <logger>sample log</logger>
  <level>INFO</level>
  <class>scraping.Scraping</class>
  <method>GetDataFromURL</method>
  <thread>18</thread>
  <message>-13</message>
</record>
<record>
  <date>2022-05-21T18:49:36</date>
  <millis>1653126576799</millis>
  <sequence>109</sequence>
  <logger>sample log</logger>
  <level>INFO</level>
  <class>scraping.Scraping</class>
  <method>GetDataFromURL</method>
  <thread>18</thread>
  <message>出力成功 : HokkaidoNipponHamFighters : Shoto Kataoka</message>
</record>
<record>
  <date>2022-05-21T18:49:36</date>
  <millis>1653126576800</millis>
  <sequence>110</sequence>
  <logger>sample log</logger>
  <level>INFO</level>
  <class>scraping.Scraping</class>
  <method>GetDataFromURL</method>
  <thread>18</thread>
  <message>-12</message>
</record>
<record>
  <date>2022-05-21T18:49:36</date>
  <millis>1653126576801</millis>
  <sequence>111</sequence>
  <logger>sample log</logger>
  <level>INFO</level>
  <class>scraping.Scraping</class>
  <method>GetDataFromURL</method>
  <thread>18</thread>
  <message>出力成功 : HokkaidoNipponHamFighters : Kotaro Kiyomiya</message>
</record>
<record>
  <date>2022-05-21T18:49:36</date>
  <millis>1653126576801</millis>
  <sequence>112</sequence>
  <logger>sample log</logger>
  <level>INFO</level>
  <class>scraping.Scraping</class>
  <method>GetDataFromURL</method>
  <thread>18</thread>
  <message>-11</message>
</record>
<record>
  <date>2022-05-21T18:49:36</date>
  <millis>1653126576802</millis>
  <sequence>113</sequence>
  <logger>sample log</logger>
  <level>INFO</level>
  <class>scraping.Scraping</class>
  <method>GetDataFromURL</method>
  <thread>18</thread>
  <message>出力成功 : HokkaidoNipponHamFighters : Takuya Kohri</message>
</record>
<record>
  <date>2022-05-21T18:49:36</date>
  <millis>1653126576803</millis>
  <sequence>114</sequence>
  <logger>sample log</logger>
  <level>INFO</level>
  <class>scraping.Scraping</class>
  <method>GetDataFromURL</method>
  <thread>18</thread>
  <message>-10</message>
</record>
<record>
  <date>2022-05-21T18:49:36</date>
  <millis>1653126576803</millis>
  <sequence>115</sequence>
  <logger>sample log</logger>
  <level>INFO</level>
  <class>scraping.Scraping</class>
  <method>GetDataFromURL</method>
  <thread>18</thread>
  <message>出力成功 : HokkaidoNipponHamFighters : Kensuke Kondoh</message>
</record>
<record>
  <date>2022-05-21T18:49:36</date>
  <millis>1653126576804</millis>
  <sequence>116</sequence>
  <logger>sample log</logger>
  <level>INFO</level>
  <class>scraping.Scraping</class>
  <method>GetDataFromURL</method>
  <thread>18</thread>
  <message>-9</message>
</record>
<record>
  <date>2022-05-21T18:49:36</date>
  <millis>1653126576805</millis>
  <sequence>117</sequence>
  <logger>sample log</logger>
  <level>INFO</level>
  <class>scraping.Scraping</class>
  <method>GetDataFromURL</method>
  <thread>18</thread>
  <message>出力成功 : HokkaidoNipponHamFighters : Chusei Mannami</message>
</record>
<record>
  <date>2022-05-21T18:49:36</date>
  <millis>1653126576805</millis>
  <sequence>118</sequence>
  <logger>sample log</logger>
  <level>INFO</level>
  <class>scraping.Scraping</class>
  <method>GetDataFromURL</method>
  <thread>18</thread>
  <message>-8</message>
</record>
<record>
  <date>2022-05-21T18:49:36</date>
  <millis>1653126576806</millis>
  <sequence>119</sequence>
  <logger>sample log</logger>
  <level>INFO</level>
  <class>scraping.Scraping</class>
  <method>GetDataFromURL</method>
  <thread>18</thread>
  <message>出力成功 : HokkaidoNipponHamFighters : Go Matsumoto</message>
</record>
<record>
  <date>2022-05-21T18:49:36</date>
  <millis>1653126576807</millis>
  <sequence>120</sequence>
  <logger>sample log</logger>
  <level>INFO</level>
  <class>scraping.Scraping</class>
  <method>GetDataFromURL</method>
  <thread>18</thread>
  <message>-7</message>
</record>
<record>
  <date>2022-05-21T18:49:36</date>
  <millis>1653126576808</millis>
  <sequence>121</sequence>
  <logger>sample log</logger>
  <level>INFO</level>
  <class>scraping.Scraping</class>
  <method>GetDataFromURL</method>
  <thread>18</thread>
  <message>出力成功 : HokkaidoNipponHamFighters : Tatsuki Mizuno</message>
</record>
<record>
  <date>2022-05-21T18:49:36</date>
  <millis>1653126576808</millis>
  <sequence>122</sequence>
  <logger>sample log</logger>
  <level>INFO</level>
  <class>scraping.Scraping</class>
  <method>GetDataFromURL</method>
  <thread>18</thread>
  <message>-6</message>
</record>
<record>
  <date>2022-05-21T18:49:36</date>
  <millis>1653126576809</millis>
  <sequence>123</sequence>
  <logger>sample log</logger>
  <level>INFO</level>
  <class>scraping.Scraping</class>
  <method>GetDataFromURL</method>
  <thread>18</thread>
  <message>出力成功 : HokkaidoNipponHamFighters : Takuya Nakashima</message>
</record>
<record>
  <date>2022-05-21T18:49:36</date>
  <millis>1653126576809</millis>
  <sequence>124</sequence>
  <logger>sample log</logger>
  <level>INFO</level>
  <class>scraping.Scraping</class>
  <method>GetDataFromURL</method>
  <thread>18</thread>
  <message>-5</message>
</record>
<record>
  <date>2022-05-21T18:49:36</date>
  <millis>1653126576810</millis>
  <sequence>125</sequence>
  <logger>sample log</logger>
  <level>INFO</level>
  <class>scraping.Scraping</class>
  <method>GetDataFromURL</method>
  <thread>18</thread>
  <message>出力成功 : HokkaidoNipponHamFighters : Yuki Nomura</message>
</record>
<record>
  <date>2022-05-21T18:49:36</date>
  <millis>1653126576810</millis>
  <sequence>126</sequence>
  <logger>sample log</logger>
  <level>INFO</level>
  <class>scraping.Scraping</class>
  <method>GetDataFromURL</method>
  <thread>18</thread>
  <message>-4</message>
</record>
<record>
  <date>2022-05-21T18:49:36</date>
  <millis>1653126576812</millis>
  <sequence>127</sequence>
  <logger>sample log</logger>
  <level>INFO</level>
  <class>scraping.Scraping</class>
  <method>GetDataFromURL</method>
  <thread>18</thread>
  <message>出力成功 : HokkaidoNipponHamFighters : Renato Nunez</message>
</record>
<record>
  <date>2022-05-21T18:49:36</date>
  <millis>1653126576812</millis>
  <sequence>128</sequence>
  <logger>sample log</logger>
  <level>INFO</level>
  <class>scraping.Scraping</class>
  <method>GetDataFromURL</method>
  <thread>18</thread>
  <message>-3</message>
</record>
<record>
  <date>2022-05-21T18:49:36</date>
  <millis>1653126576816</millis>
  <sequence>129</sequence>
  <logger>sample log</logger>
  <level>INFO</level>
  <class>scraping.Scraping</class>
  <method>GetDataFromURL</method>
  <thread>18</thread>
  <message>出力成功 : HokkaidoNipponHamFighters : Ryusei Satoh</message>
</record>
<record>
  <date>2022-05-21T18:49:36</date>
  <millis>1653126576816</millis>
  <sequence>130</sequence>
  <logger>sample log</logger>
  <level>INFO</level>
  <class>scraping.Scraping</class>
  <method>GetDataFromURL</method>
  <thread>18</thread>
  <message>-2</message>
</record>
<record>
  <date>2022-05-21T18:49:36</date>
  <millis>1653126576817</millis>
  <sequence>131</sequence>
  <logger>sample log</logger>
  <level>INFO</level>
  <class>scraping.Scraping</class>
  <method>GetDataFromURL</method>
  <thread>18</thread>
  <message>出力成功 : HokkaidoNipponHamFighters : Yushi Shimizu</message>
</record>
<record>
  <date>2022-05-21T18:49:36</date>
  <millis>1653126576818</millis>
  <sequence>132</sequence>
  <logger>sample log</logger>
  <level>INFO</level>
  <class>scraping.Scraping</class>
  <method>GetDataFromURL</method>
  <thread>18</thread>
  <message>-1</message>
</record>
<record>
  <date>2022-05-21T18:49:36</date>
  <millis>1653126576818</millis>
  <sequence>133</sequence>
  <logger>sample log</logger>
  <level>INFO</level>
  <class>scraping.Scraping</class>
  <method>GetDataFromURL</method>
  <thread>18</thread>
  <message>出力成功 : HokkaidoNipponHamFighters : Kenshi Sugiya</message>
</record>
<record>
  <date>2022-05-21T18:49:36</date>
  <millis>1653126576819</millis>
  <sequence>134</sequence>
  <logger>sample log</logger>
  <level>INFO</level>
  <class>scraping.Scraping</class>
  <method>GetDataFromURL</method>
  <thread>18</thread>
  <message>0</message>
</record>
<record>
  <date>2022-05-21T18:49:36</date>
  <millis>1653126576819</millis>
  <sequence>135</sequence>
  <logger>sample log</logger>
  <level>INFO</level>
  <class>scraping.Scraping</class>
  <method>GetDataFromURL</method>
  <thread>18</thread>
  <message>出力成功 : HokkaidoNipponHamFighters : Yuto Takahama</message>
</record>
<record>
  <date>2022-05-21T18:49:36</date>
  <millis>1653126576820</millis>
  <sequence>136</sequence>
  <logger>sample log</logger>
  <level>INFO</level>
  <class>scraping.Scraping</class>
  <method>GetDataFromURL</method>
  <thread>18</thread>
  <message>1</message>
</record>
<record>
  <date>2022-05-21T18:49:36</date>
  <millis>1653126576821</millis>
  <sequence>137</sequence>
  <logger>sample log</logger>
  <level>INFO</level>
  <class>scraping.Scraping</class>
  <method>GetDataFromURL</method>
  <thread>18</thread>
  <message>出力成功 : HokkaidoNipponHamFighters : Yua Tamiya</message>
</record>
<record>
  <date>2022-05-21T18:49:36</date>
  <millis>1653126576822</millis>
  <sequence>138</sequence>
  <logger>sample log</logger>
  <level>INFO</level>
  <class>scraping.Scraping</class>
  <method>GetDataFromURL</method>
  <thread>18</thread>
  <message>2</message>
</record>
<record>
  <date>2022-05-21T18:49:36</date>
  <millis>1653126576823</millis>
  <sequence>139</sequence>
  <logger>sample log</logger>
  <level>INFO</level>
  <class>scraping.Scraping</class>
  <method>GetDataFromURL</method>
  <thread>18</thread>
  <message>出力成功 : HokkaidoNipponHamFighters : Kyohei Ueno</message>
</record>
<record>
  <date>2022-05-21T18:49:36</date>
  <millis>1653126576824</millis>
  <sequence>140</sequence>
  <logger>sample log</logger>
  <level>INFO</level>
  <class>scraping.Scraping</class>
  <method>GetDataFromURL</method>
  <thread>18</thread>
  <message>3</message>
</record>
<record>
  <date>2022-05-21T18:49:36</date>
  <millis>1653126576825</millis>
  <sequence>141</sequence>
  <logger>sample log</logger>
  <level>INFO</level>
  <class>scraping.Scraping</class>
  <method>GetDataFromURL</method>
  <thread>18</thread>
  <message>出力成功 : HokkaidoNipponHamFighters : Yuki Umebayashi</message>
</record>
<record>
  <date>2022-05-21T18:49:36</date>
  <millis>1653126576825</millis>
  <sequence>142</sequence>
  <logger>sample log</logger>
  <level>INFO</level>
  <class>scraping.Scraping</class>
  <method>GetDataFromURL</method>
  <thread>18</thread>
  <message>4</message>
</record>
