<?xml version="1.0" encoding="UTF-8" standalone="no"?>
<!DOCTYPE log SYSTEM "logger.dtd">
<log>
<record>
  <date>2022-05-21T02:46:57</date>
  <millis>1653068817216</millis>
  <sequence>43</sequence>
  <logger>sample log</logger>
  <level>INFO</level>
  <class>scraping.Scraping</class>
  <method>GetDataFromURL</method>
  <thread>18</thread>
  <message>String</message>
</record>
<record>
  <date>2022-05-21T02:46:57</date>
  <millis>1653068817217</millis>
  <sequence>44</sequence>
  <logger>sample log</logger>
  <level>INFO</level>
  <class>scraping.Scraping</class>
  <method>GetDataFromURL</method>
  <thread>18</thread>
  <message>出力成功 : ChibaLotteMarines : Yudai Fujioka</message>
</record>
<record>
  <date>2022-05-21T02:46:57</date>
  <millis>1653068817466</millis>
  <sequence>45</sequence>
  <logger>sample log</logger>
  <level>INFO</level>
  <class>scraping.Scraping</class>
  <method>GetDataFromURL</method>
  <thread>18</thread>
  <message>String</message>
</record>
<record>
  <date>2022-05-21T02:46:57</date>
  <millis>1653068817467</millis>
  <sequence>46</sequence>
  <logger>sample log</logger>
  <level>INFO</level>
  <class>scraping.Scraping</class>
  <method>GetDataFromURL</method>
  <thread>18</thread>
  <message>出力成功 : ChibaLotteMarines : Kyota Fujiwara</message>
</record>
<record>
  <date>2022-05-21T02:46:57</date>
  <millis>1653068817473</millis>
  <sequence>47</sequence>
  <logger>sample log</logger>
  <level>INFO</level>
  <class>scraping.Scraping</class>
  <method>GetDataFromURL</method>
  <thread>18</thread>
  <message>String</message>
</record>
<record>
  <date>2022-05-21T02:46:57</date>
  <millis>1653068817474</millis>
  <sequence>48</sequence>
  <logger>sample log</logger>
  <level>INFO</level>
  <class>scraping.Scraping</class>
  <method>GetDataFromURL</method>
  <thread>18</thread>
  <message>出力成功 : ChibaLotteMarines : Koki Fukuda</message>
</record>
<record>
  <date>2022-05-21T02:46:57</date>
  <millis>1653068817478</millis>
  <sequence>49</sequence>
  <logger>sample log</logger>
  <level>INFO</level>
  <class>scraping.Scraping</class>
  <method>GetDataFromURL</method>
  <thread>18</thread>
  <message>String</message>
</record>
<record>
  <date>2022-05-21T02:46:57</date>
  <millis>1653068817478</millis>
  <sequence>50</sequence>
  <logger>sample log</logger>
  <level>INFO</level>
  <class>scraping.Scraping</class>
  <method>GetDataFromURL</method>
  <thread>18</thread>
  <message>出力成功 : ChibaLotteMarines : Shuhei Fukuda</message>
</record>
<record>
  <date>2022-05-21T02:46:57</date>
  <millis>1653068817482</millis>
  <sequence>51</sequence>
  <logger>sample log</logger>
  <level>INFO</level>
  <class>scraping.Scraping</class>
  <method>GetDataFromURL</method>
  <thread>18</thread>
  <message>String</message>
</record>
<record>
  <date>2022-05-21T02:46:57</date>
  <millis>1653068817483</millis>
  <sequence>52</sequence>
  <logger>sample log</logger>
  <level>INFO</level>
  <class>scraping.Scraping</class>
  <method>GetDataFromURL</method>
  <thread>18</thread>
  <message>出力成功 : ChibaLotteMarines : Adeiny Hechavarria</message>
</record>
<record>
  <date>2022-05-21T02:46:57</date>
  <millis>1653068817494</millis>
  <sequence>53</sequence>
  <logger>sample log</logger>
  <level>INFO</level>
  <class>scraping.Scraping</class>
  <method>GetDataFromURL</method>
  <thread>18</thread>
  <message>String</message>
</record>
<record>
  <date>2022-05-21T02:46:57</date>
  <millis>1653068817494</millis>
  <sequence>54</sequence>
  <logger>sample log</logger>
  <level>INFO</level>
  <class>scraping.Scraping</class>
  <method>GetDataFromURL</method>
  <thread>18</thread>
  <message>出力成功 : ChibaLotteMarines : Taiga Hirasawa</message>
</record>
<record>
  <date>2022-05-21T02:46:57</date>
  <millis>1653068817498</millis>
  <sequence>55</sequence>
  <logger>sample log</logger>
  <level>INFO</level>
  <class>scraping.Scraping</class>
  <method>GetDataFromURL</method>
  <thread>18</thread>
  <message>String</message>
</record>
<record>
  <date>2022-05-21T02:46:57</date>
  <millis>1653068817499</millis>
  <sequence>56</sequence>
  <logger>sample log</logger>
  <level>INFO</level>
  <class>scraping.Scraping</class>
  <method>GetDataFromURL</method>
  <thread>18</thread>
  <message>出力成功 : ChibaLotteMarines : Raito Ikeda</message>
</record>
<record>
  <date>2022-05-21T02:46:57</date>
  <millis>1653068817502</millis>
  <sequence>57</sequence>
  <logger>sample log</logger>
  <level>INFO</level>
  <class>scraping.Scraping</class>
  <method>GetDataFromURL</method>
  <thread>18</thread>
  <message>String</message>
</record>
<record>
  <date>2022-05-21T02:46:57</date>
  <millis>1653068817502</millis>
  <sequence>58</sequence>
  <logger>sample log</logger>
  <level>INFO</level>
  <class>scraping.Scraping</class>
  <method>GetDataFromURL</method>
  <thread>18</thread>
  <message>出力成功 : ChibaLotteMarines : Tomoya Kakinuma</message>
</record>
<record>
  <date>2022-05-21T02:46:57</date>
  <millis>1653068817505</millis>
  <sequence>59</sequence>
  <logger>sample log</logger>
  <level>INFO</level>
  <class>scraping.Scraping</class>
  <method>GetDataFromURL</method>
  <thread>18</thread>
  <message>String</message>
</record>
<record>
  <date>2022-05-21T02:46:57</date>
  <millis>1653068817506</millis>
  <sequence>60</sequence>
  <logger>sample log</logger>
  <level>INFO</level>
  <class>scraping.Scraping</class>
  <method>GetDataFromURL</method>
  <thread>18</thread>
  <message>出力成功 : ChibaLotteMarines : Brandon Laird</message>
</record>
<record>
  <date>2022-05-21T02:46:57</date>
  <millis>1653068817509</millis>
  <sequence>61</sequence>
  <logger>sample log</logger>
  <level>INFO</level>
  <class>scraping.Scraping</class>
  <method>GetDataFromURL</method>
  <thread>18</thread>
  <message>String</message>
</record>
<record>
  <date>2022-05-21T02:46:57</date>
  <millis>1653068817509</millis>
  <sequence>62</sequence>
  <logger>sample log</logger>
  <level>INFO</level>
  <class>scraping.Scraping</class>
  <method>GetDataFromURL</method>
  <thread>18</thread>
  <message>出力成功 : ChibaLotteMarines : Leonys Martín</message>
</record>
<record>
  <date>2022-05-21T02:46:57</date>
  <millis>1653068817512</millis>
  <sequence>63</sequence>
  <logger>sample log</logger>
  <level>INFO</level>
  <class>scraping.Scraping</class>
  <method>GetDataFromURL</method>
  <thread>18</thread>
  <message>String</message>
</record>
<record>
  <date>2022-05-21T02:46:57</date>
  <millis>1653068817512</millis>
  <sequence>64</sequence>
  <logger>sample log</logger>
  <level>INFO</level>
  <class>scraping.Scraping</class>
  <method>GetDataFromURL</method>
  <thread>18</thread>
  <message>出力成功 : ChibaLotteMarines : Kou Matsukawa</message>
</record>
<record>
  <date>2022-05-21T02:46:57</date>
  <millis>1653068817516</millis>
  <sequence>65</sequence>
  <logger>sample log</logger>
  <level>INFO</level>
  <class>scraping.Scraping</class>
  <method>GetDataFromURL</method>
  <thread>18</thread>
  <message>String</message>
</record>
<record>
  <date>2022-05-21T02:46:57</date>
  <millis>1653068817516</millis>
  <sequence>66</sequence>
  <logger>sample log</logger>
  <level>INFO</level>
  <class>scraping.Scraping</class>
  <method>GetDataFromURL</method>
  <thread>18</thread>
  <message>出力成功 : ChibaLotteMarines : Ryo Miki</message>
</record>
<record>
  <date>2022-05-21T02:46:57</date>
  <millis>1653068817519</millis>
  <sequence>67</sequence>
  <logger>sample log</logger>
  <level>INFO</level>
  <class>scraping.Scraping</class>
  <method>GetDataFromURL</method>
  <thread>18</thread>
  <message>String</message>
</record>
<record>
  <date>2022-05-21T02:46:57</date>
  <millis>1653068817519</millis>
  <sequence>68</sequence>
  <logger>sample log</logger>
  <level>INFO</level>
  <class>scraping.Scraping</class>
  <method>GetDataFromURL</method>
  <thread>18</thread>
  <message>出力成功 : ChibaLotteMarines : Shogo Nakamura</message>
</record>
<record>
  <date>2022-05-21T02:46:57</date>
  <millis>1653068817523</millis>
  <sequence>69</sequence>
  <logger>sample log</logger>
  <level>INFO</level>
  <class>scraping.Scraping</class>
  <method>GetDataFromURL</method>
  <thread>18</thread>
  <message>String</message>
</record>
<record>
  <date>2022-05-21T02:46:57</date>
  <millis>1653068817524</millis>
  <sequence>70</sequence>
  <logger>sample log</logger>
  <level>INFO</level>
  <class>scraping.Scraping</class>
  <method>GetDataFromURL</method>
  <thread>18</thread>
  <message>出力成功 : ChibaLotteMarines : Ryusei Ogawa</message>
</record>
<record>
  <date>2022-05-21T02:46:57</date>
  <millis>1653068817527</millis>
  <sequence>71</sequence>
  <logger>sample log</logger>
  <level>INFO</level>
  <class>scraping.Scraping</class>
  <method>GetDataFromURL</method>
  <thread>18</thread>
  <message>String</message>
</record>
<record>
  <date>2022-05-21T02:46:57</date>
  <millis>1653068817528</millis>
  <sequence>72</sequence>
  <logger>sample log</logger>
  <level>INFO</level>
  <class>scraping.Scraping</class>
  <method>GetDataFromURL</method>
  <thread>18</thread>
  <message>出力成功 : ChibaLotteMarines : Hiromi Oka</message>
</record>
<record>
  <date>2022-05-21T02:46:57</date>
  <millis>1653068817531</millis>
  <sequence>73</sequence>
  <logger>sample log</logger>
  <level>INFO</level>
  <class>scraping.Scraping</class>
  <method>GetDataFromURL</method>
  <thread>18</thread>
  <message>String</message>
</record>
<record>
  <date>2022-05-21T02:46:57</date>
  <millis>1653068817531</millis>
  <sequence>74</sequence>
  <logger>sample log</logger>
  <level>INFO</level>
  <class>scraping.Scraping</class>
  <method>GetDataFromURL</method>
  <thread>18</thread>
  <message>出力成功 : ChibaLotteMarines : Toshiya Satoh</message>
</record>
<record>
  <date>2022-05-21T02:46:57</date>
  <millis>1653068817534</millis>
  <sequence>75</sequence>
  <logger>sample log</logger>
  <level>INFO</level>
  <class>scraping.Scraping</class>
  <method>GetDataFromURL</method>
  <thread>18</thread>
  <message>String</message>
</record>
<record>
  <date>2022-05-21T02:46:57</date>
  <millis>1653068817534</millis>
  <sequence>76</sequence>
  <logger>sample log</logger>
  <level>INFO</level>
  <class>scraping.Scraping</class>
  <method>GetDataFromURL</method>
  <thread>18</thread>
  <message>出力成功 : ChibaLotteMarines : Tsuyoshi Sugano</message>
</record>
<record>
  <date>2022-05-21T02:46:57</date>
  <millis>1653068817538</millis>
  <sequence>77</sequence>
  <logger>sample log</logger>
  <level>INFO</level>
  <class>scraping.Scraping</class>
  <method>GetDataFromURL</method>
  <thread>18</thread>
  <message>String</message>
</record>
<record>
  <date>2022-05-21T02:46:57</date>
  <millis>1653068817539</millis>
  <sequence>78</sequence>
  <logger>sample log</logger>
  <level>INFO</level>
  <class>scraping.Scraping</class>
  <method>GetDataFromURL</method>
  <thread>18</thread>
  <message>出力成功 : ChibaLotteMarines : Akito Takabe</message>
</record>
<record>
  <date>2022-05-21T02:46:57</date>
  <millis>1653068817544</millis>
  <sequence>79</sequence>
  <logger>sample log</logger>
  <level>INFO</level>
  <class>scraping.Scraping</class>
  <method>GetDataFromURL</method>
  <thread>18</thread>
  <message>String</message>
</record>
<record>
  <date>2022-05-21T02:46:57</date>
  <millis>1653068817544</millis>
  <sequence>80</sequence>
  <logger>sample log</logger>
  <level>INFO</level>
  <class>scraping.Scraping</class>
  <method>GetDataFromURL</method>
  <thread>18</thread>
  <message>出力成功 : ChibaLotteMarines : Koshiro Wada</message>
</record>
<record>
  <date>2022-05-21T02:46:57</date>
  <millis>1653068817547</millis>
  <sequence>81</sequence>
  <logger>sample log</logger>
  <level>INFO</level>
  <class>scraping.Scraping</class>
  <method>GetDataFromURL</method>
  <thread>18</thread>
  <message>String</message>
</record>
<record>
  <date>2022-05-21T02:46:57</date>
  <millis>1653068817548</millis>
  <sequence>82</sequence>
  <logger>sample log</logger>
  <level>INFO</level>
  <class>scraping.Scraping</class>
  <method>GetDataFromURL</method>
  <thread>18</thread>
  <message>出力成功 : ChibaLotteMarines : Koki Yamaguchi</message>
</record>
<record>
  <date>2022-05-21T02:46:57</date>
  <millis>1653068817551</millis>
  <sequence>83</sequence>
  <logger>sample log</logger>
  <level>INFO</level>
  <class>scraping.Scraping</class>
  <method>GetDataFromURL</method>
  <thread>18</thread>
  <message>String</message>
</record>
<record>
  <date>2022-05-21T02:46:57</date>
  <millis>1653068817551</millis>
  <sequence>84</sequence>
  <logger>sample log</logger>
  <level>INFO</level>
  <class>scraping.Scraping</class>
  <method>GetDataFromURL</method>
  <thread>18</thread>
  <message>出力成功 : ChibaLotteMarines : Hisanori Yasuda</message>
</record>
<record>
  <date>2022-05-21T02:46:57</date>
  <millis>1653068817925</millis>
  <sequence>85</sequence>
  <logger>sample log</logger>
  <level>INFO</level>
  <class>scraping.Scraping</class>
  <method>GetDataFromURL</method>
  <thread>18</thread>
  <message>String</message>
</record>
<record>
  <date>2022-05-21T02:46:57</date>
  <millis>1653068817926</millis>
  <sequence>86</sequence>
  <logger>sample log</logger>
  <level>INFO</level>
  <class>scraping.Scraping</class>
  <method>GetDataFromURL</method>
  <thread>18</thread>
  <message>出力成功 : FukuokaSoftbankHawks : Alfredo Despaigne</message>
</record>
<record>
  <date>2022-05-21T02:46:57</date>
  <millis>1653068817931</millis>
  <sequence>87</sequence>
  <logger>sample log</logger>
  <level>INFO</level>
  <class>scraping.Scraping</class>
  <method>GetDataFromURL</method>
  <thread>18</thread>
  <message>String</message>
</record>
<record>
  <date>2022-05-21T02:46:57</date>
  <millis>1653068817931</millis>
  <sequence>88</sequence>
  <logger>sample log</logger>
  <level>INFO</level>
  <class>scraping.Scraping</class>
  <method>GetDataFromURL</method>
  <thread>18</thread>
  <message>出力成功 : FukuokaSoftbankHawks : Freddy Galvis</message>
</record>
<record>
  <date>2022-05-21T02:46:57</date>
  <millis>1653068817935</millis>
  <sequence>89</sequence>
  <logger>sample log</logger>
  <level>INFO</level>
  <class>scraping.Scraping</class>
  <method>GetDataFromURL</method>
  <thread>18</thread>
  <message>String</message>
</record>
<record>
  <date>2022-05-21T02:46:57</date>
  <millis>1653068817935</millis>
  <sequence>90</sequence>
  <logger>sample log</logger>
  <level>INFO</level>
  <class>scraping.Scraping</class>
  <method>GetDataFromURL</method>
  <thread>18</thread>
  <message>出力成功 : FukuokaSoftbankHawks : Yurisbel Gracial</message>
</record>
<record>
  <date>2022-05-21T02:46:57</date>
  <millis>1653068817940</millis>
  <sequence>91</sequence>
  <logger>sample log</logger>
  <level>INFO</level>
  <class>scraping.Scraping</class>
  <method>GetDataFromURL</method>
  <thread>18</thread>
  <message>String</message>
</record>
<record>
  <date>2022-05-21T02:46:57</date>
  <millis>1653068817940</millis>
  <sequence>92</sequence>
  <logger>sample log</logger>
  <level>INFO</level>
  <class>scraping.Scraping</class>
  <method>GetDataFromURL</method>
  <thread>18</thread>
  <message>出力成功 : FukuokaSoftbankHawks : Kenta Imamiya</message>
</record>
<record>
  <date>2022-05-21T02:46:57</date>
  <millis>1653068817944</millis>
  <sequence>93</sequence>
  <logger>sample log</logger>
  <level>INFO</level>
  <class>scraping.Scraping</class>
  <method>GetDataFromURL</method>
  <thread>18</thread>
  <message>String</message>
</record>
<record>
  <date>2022-05-21T02:46:57</date>
  <millis>1653068817944</millis>
  <sequence>94</sequence>
  <logger>sample log</logger>
  <level>INFO</level>
  <class>scraping.Scraping</class>
  <method>GetDataFromURL</method>
  <thread>18</thread>
  <message>出力成功 : FukuokaSoftbankHawks : Takuya Kai</message>
</record>
<record>
  <date>2022-05-21T02:46:57</date>
  <millis>1653068817948</millis>
  <sequence>95</sequence>
  <logger>sample log</logger>
  <level>INFO</level>
  <class>scraping.Scraping</class>
  <method>GetDataFromURL</method>
  <thread>18</thread>
  <message>String</message>
</record>
<record>
  <date>2022-05-21T02:46:57</date>
  <millis>1653068817949</millis>
  <sequence>96</sequence>
  <logger>sample log</logger>
  <level>INFO</level>
  <class>scraping.Scraping</class>
  <method>GetDataFromURL</method>
  <thread>18</thread>
  <message>出力成功 : FukuokaSoftbankHawks : Hikaru Kawase</message>
</record>
<record>
  <date>2022-05-21T02:46:57</date>
  <millis>1653068817954</millis>
  <sequence>97</sequence>
  <logger>sample log</logger>
  <level>INFO</level>
  <class>scraping.Scraping</class>
  <method>GetDataFromURL</method>
  <thread>18</thread>
  <message>String</message>
</record>
<record>
  <date>2022-05-21T02:46:57</date>
  <millis>1653068817956</millis>
  <sequence>98</sequence>
  <logger>sample log</logger>
  <level>INFO</level>
  <class>scraping.Scraping</class>
  <method>GetDataFromURL</method>
  <thread>18</thread>
  <message>出力成功 : FukuokaSoftbankHawks : Ryoya Kurihara</message>
</record>
<record>
  <date>2022-05-21T02:46:57</date>
  <millis>1653068817974</millis>
  <sequence>99</sequence>
  <logger>sample log</logger>
  <level>INFO</level>
  <class>scraping.Scraping</class>
  <method>GetDataFromURL</method>
  <thread>18</thread>
  <message>String</message>
</record>
<record>
  <date>2022-05-21T02:46:57</date>
  <millis>1653068817974</millis>
  <sequence>100</sequence>
  <logger>sample log</logger>
  <level>INFO</level>
  <class>scraping.Scraping</class>
  <method>GetDataFromURL</method>
  <thread>18</thread>
  <message>出力成功 : FukuokaSoftbankHawks : Taisei Makihara</message>
</record>
<record>
  <date>2022-05-21T02:46:57</date>
  <millis>1653068817980</millis>
  <sequence>101</sequence>
  <logger>sample log</logger>
  <level>INFO</level>
  <class>scraping.Scraping</class>
  <method>GetDataFromURL</method>
  <thread>18</thread>
  <message>String</message>
</record>
<record>
  <date>2022-05-21T02:46:57</date>
  <millis>1653068817981</millis>
  <sequence>102</sequence>
  <logger>sample log</logger>
  <level>INFO</level>
  <class>scraping.Scraping</class>
  <method>GetDataFromURL</method>
  <thread>18</thread>
  <message>出力成功 : FukuokaSoftbankHawks : Yusuke Masago</message>
</record>
<record>
  <date>2022-05-21T02:46:57</date>
  <millis>1653068817985</millis>
  <sequence>103</sequence>
  <logger>sample log</logger>
  <level>INFO</level>
  <class>scraping.Scraping</class>
  <method>GetDataFromURL</method>
  <thread>18</thread>
  <message>String</message>
</record>
<record>
  <date>2022-05-21T02:46:57</date>
  <millis>1653068817986</millis>
  <sequence>104</sequence>
  <logger>sample log</logger>
  <level>INFO</level>
  <class>scraping.Scraping</class>
  <method>GetDataFromURL</method>
  <thread>18</thread>
  <message>出力成功 : FukuokaSoftbankHawks : Tomoya Masaki</message>
</record>
<record>
  <date>2022-05-21T02:46:57</date>
  <millis>1653068817990</millis>
  <sequence>105</sequence>
  <logger>sample log</logger>
  <level>INFO</level>
  <class>scraping.Scraping</class>
  <method>GetDataFromURL</method>
  <thread>18</thread>
  <message>String</message>
</record>
<record>
  <date>2022-05-21T02:46:57</date>
  <millis>1653068817992</millis>
  <sequence>106</sequence>
  <logger>sample log</logger>
  <level>INFO</level>
  <class>scraping.Scraping</class>
  <method>GetDataFromURL</method>
  <thread>18</thread>
  <message>出力成功 : FukuokaSoftbankHawks : Nobuhiro Matsuda</message>
</record>
<record>
  <date>2022-05-21T02:46:57</date>
  <millis>1653068817995</millis>
  <sequence>107</sequence>
  <logger>sample log</logger>
  <level>INFO</level>
  <class>scraping.Scraping</class>
  <method>GetDataFromURL</method>
  <thread>18</thread>
  <message>String</message>
</record>
<record>
  <date>2022-05-21T02:46:57</date>
  <millis>1653068817996</millis>
  <sequence>108</sequence>
  <logger>sample log</logger>
  <level>INFO</level>
  <class>scraping.Scraping</class>
  <method>GetDataFromURL</method>
  <thread>18</thread>
  <message>出力成功 : FukuokaSoftbankHawks : Masaki Mimori</message>
</record>
<record>
  <date>2022-05-21T02:46:57</date>
  <millis>1653068817999</millis>
  <sequence>109</sequence>
  <logger>sample log</logger>
  <level>INFO</level>
  <class>scraping.Scraping</class>
  <method>GetDataFromURL</method>
  <thread>18</thread>
  <message>String</message>
</record>
<record>
  <date>2022-05-21T02:46:57</date>
  <millis>1653068817999</millis>
  <sequence>110</sequence>
  <logger>sample log</logger>
  <level>INFO</level>
  <class>scraping.Scraping</class>
  <method>GetDataFromURL</method>
  <thread>18</thread>
  <message>出力成功 : FukuokaSoftbankHawks : Akira Nakamura</message>
</record>
<record>
  <date>2022-05-21T02:46:58</date>
  <millis>1653068818002</millis>
  <sequence>111</sequence>
  <logger>sample log</logger>
  <level>INFO</level>
  <class>scraping.Scraping</class>
  <method>GetDataFromURL</method>
  <thread>18</thread>
  <message>String</message>
</record>
<record>
  <date>2022-05-21T02:46:58</date>
  <millis>1653068818003</millis>
  <sequence>112</sequence>
  <logger>sample log</logger>
  <level>INFO</level>
  <class>scraping.Scraping</class>
  <method>GetDataFromURL</method>
  <thread>18</thread>
  <message>出力成功 : FukuokaSoftbankHawks : Masahiro Nakatani</message>
</record>
<record>
  <date>2022-05-21T02:46:58</date>
  <millis>1653068818006</millis>
  <sequence>113</sequence>
  <logger>sample log</logger>
  <level>INFO</level>
  <class>scraping.Scraping</class>
  <method>GetDataFromURL</method>
  <thread>18</thread>
  <message>String</message>
</record>
<record>
  <date>2022-05-21T02:46:58</date>
  <millis>1653068818007</millis>
  <sequence>114</sequence>
  <logger>sample log</logger>
  <level>INFO</level>
  <class>scraping.Scraping</class>
  <method>GetDataFromURL</method>
  <thread>18</thread>
  <message>出力成功 : FukuokaSoftbankHawks : Daiju Nomura</message>
</record>
<record>
  <date>2022-05-21T02:46:58</date>
  <millis>1653068818010</millis>
  <sequence>115</sequence>
  <logger>sample log</logger>
  <level>INFO</level>
  <class>scraping.Scraping</class>
  <method>GetDataFromURL</method>
  <thread>18</thread>
  <message>String</message>
</record>
<record>
  <date>2022-05-21T02:46:58</date>
  <millis>1653068818011</millis>
  <sequence>116</sequence>
  <logger>sample log</logger>
  <level>INFO</level>
  <class>scraping.Scraping</class>
  <method>GetDataFromURL</method>
  <thread>18</thread>
  <message>出力成功 : FukuokaSoftbankHawks : Isami Nomura</message>
</record>
<record>
  <date>2022-05-21T02:46:58</date>
  <millis>1653068818015</millis>
  <sequence>117</sequence>
  <logger>sample log</logger>
  <level>INFO</level>
  <class>scraping.Scraping</class>
  <method>GetDataFromURL</method>
  <thread>18</thread>
  <message>String</message>
</record>
<record>
  <date>2022-05-21T02:46:58</date>
  <millis>1653068818015</millis>
  <sequence>118</sequence>
  <logger>sample log</logger>
  <level>INFO</level>
  <class>scraping.Scraping</class>
  <method>GetDataFromURL</method>
  <thread>18</thread>
  <message>出力成功 : FukuokaSoftbankHawks : Naoki Satoh</message>
</record>
<record>
  <date>2022-05-21T02:46:58</date>
  <millis>1653068818019</millis>
  <sequence>119</sequence>
  <logger>sample log</logger>
  <level>INFO</level>
  <class>scraping.Scraping</class>
  <method>GetDataFromURL</method>
  <thread>18</thread>
  <message>String</message>
</record>
<record>
  <date>2022-05-21T02:46:58</date>
  <millis>1653068818019</millis>
  <sequence>120</sequence>
  <logger>sample log</logger>
  <level>INFO</level>
  <class>scraping.Scraping</class>
  <method>GetDataFromURL</method>
  <thread>18</thread>
  <message>出力成功 : FukuokaSoftbankHawks : Richard Sunagawa</message>
</record>
<record>
  <date>2022-05-21T02:46:58</date>
  <millis>1653068818023</millis>
  <sequence>121</sequence>
  <logger>sample log</logger>
  <level>INFO</level>
  <class>scraping.Scraping</class>
  <method>GetDataFromURL</method>
  <thread>18</thread>
  <message>String</message>
</record>
<record>
  <date>2022-05-21T02:46:58</date>
  <millis>1653068818023</millis>
  <sequence>122</sequence>
  <logger>sample log</logger>
  <level>INFO</level>
  <class>scraping.Scraping</class>
  <method>GetDataFromURL</method>
  <thread>18</thread>
  <message>出力成功 : FukuokaSoftbankHawks : Tomoki Takata</message>
</record>
<record>
  <date>2022-05-21T02:46:58</date>
  <millis>1653068818026</millis>
  <sequence>123</sequence>
  <logger>sample log</logger>
  <level>INFO</level>
  <class>scraping.Scraping</class>
  <method>GetDataFromURL</method>
  <thread>18</thread>
  <message>String</message>
</record>
<record>
  <date>2022-05-21T02:46:58</date>
  <millis>1653068818027</millis>
  <sequence>124</sequence>
  <logger>sample log</logger>
  <level>INFO</level>
  <class>scraping.Scraping</class>
  <method>GetDataFromURL</method>
  <thread>18</thread>
  <message>出力成功 : FukuokaSoftbankHawks : Kenta Tanigawara</message>
</record>
<record>
  <date>2022-05-21T02:46:58</date>
  <millis>1653068818029</millis>
  <sequence>125</sequence>
  <logger>sample log</logger>
  <level>INFO</level>
  <class>scraping.Scraping</class>
  <method>GetDataFromURL</method>
  <thread>18</thread>
  <message>String</message>
</record>
<record>
  <date>2022-05-21T02:46:58</date>
  <millis>1653068818030</millis>
  <sequence>126</sequence>
  <logger>sample log</logger>
  <level>INFO</level>
  <class>scraping.Scraping</class>
  <method>GetDataFromURL</method>
  <thread>18</thread>
  <message>出力成功 : FukuokaSoftbankHawks : Seiji Uebayashi</message>
</record>
<record>
  <date>2022-05-21T02:46:58</date>
  <millis>1653068818033</millis>
  <sequence>127</sequence>
  <logger>sample log</logger>
  <level>INFO</level>
  <class>scraping.Scraping</class>
  <method>GetDataFromURL</method>
  <thread>18</thread>
  <message>String</message>
</record>
<record>
  <date>2022-05-21T02:46:58</date>
  <millis>1653068818033</millis>
  <sequence>128</sequence>
  <logger>sample log</logger>
  <level>INFO</level>
  <class>scraping.Scraping</class>
  <method>GetDataFromURL</method>
  <thread>18</thread>
  <message>出力成功 : FukuokaSoftbankHawks : Takashi Umino</message>
</record>
<record>
  <date>2022-05-21T02:46:58</date>
  <millis>1653068818036</millis>
  <sequence>129</sequence>
  <logger>sample log</logger>
  <level>INFO</level>
  <class>scraping.Scraping</class>
  <method>GetDataFromURL</method>
  <thread>18</thread>
  <message>String</message>
</record>
<record>
  <date>2022-05-21T02:46:58</date>
  <millis>1653068818037</millis>
  <sequence>130</sequence>
  <logger>sample log</logger>
  <level>INFO</level>
  <class>scraping.Scraping</class>
  <method>GetDataFromURL</method>
  <thread>18</thread>
  <message>出力成功 : FukuokaSoftbankHawks : Tatsuru Yanagimachi</message>
</record>
<record>
  <date>2022-05-21T02:46:58</date>
  <millis>1653068818040</millis>
  <sequence>131</sequence>
  <logger>sample log</logger>
  <level>INFO</level>
  <class>scraping.Scraping</class>
  <method>GetDataFromURL</method>
  <thread>18</thread>
  <message>String</message>
</record>
<record>
  <date>2022-05-21T02:46:58</date>
  <millis>1653068818041</millis>
  <sequence>132</sequence>
  <logger>sample log</logger>
  <level>INFO</level>
  <class>scraping.Scraping</class>
  <method>GetDataFromURL</method>
  <thread>18</thread>
  <message>出力成功 : FukuokaSoftbankHawks : Yuki Yanagita</message>
</record>
<record>
  <date>2022-05-21T02:46:58</date>
  <millis>1653068818195</millis>
  <sequence>133</sequence>
  <logger>sample log</logger>
  <level>INFO</level>
  <class>scraping.Scraping</class>
  <method>GetDataFromURL</method>
  <thread>18</thread>
  <message>String</message>
</record>
<record>
  <date>2022-05-21T02:46:58</date>
  <millis>1653068818196</millis>
  <sequence>134</sequence>
  <logger>sample log</logger>
  <level>INFO</level>
  <class>scraping.Scraping</class>
  <method>GetDataFromURL</method>
  <thread>18</thread>
  <message>出力成功 : HokkaidoNipponHamFighters : Arismendy Alcantara</message>
</record>
<record>
  <date>2022-05-21T02:46:58</date>
  <millis>1653068818200</millis>
  <sequence>135</sequence>
  <logger>sample log</logger>
  <level>INFO</level>
  <class>scraping.Scraping</class>
  <method>GetDataFromURL</method>
  <thread>18</thread>
  <message>String</message>
</record>
<record>
  <date>2022-05-21T02:46:58</date>
  <millis>1653068818200</millis>
  <sequence>136</sequence>
  <logger>sample log</logger>
  <level>INFO</level>
  <class>scraping.Scraping</class>
  <method>GetDataFromURL</method>
  <thread>18</thread>
  <message>出力成功 : HokkaidoNipponHamFighters : Daiki Asama</message>
</record>
<record>
  <date>2022-05-21T02:46:58</date>
  <millis>1653068818204</millis>
  <sequence>137</sequence>
  <logger>sample log</logger>
  <level>INFO</level>
  <class>scraping.Scraping</class>
  <method>GetDataFromURL</method>
  <thread>18</thread>
  <message>String</message>
</record>
<record>
  <date>2022-05-21T02:46:58</date>
  <millis>1653068818205</millis>
  <sequence>138</sequence>
  <logger>sample log</logger>
  <level>INFO</level>
  <class>scraping.Scraping</class>
  <method>GetDataFromURL</method>
  <thread>18</thread>
  <message>出力成功 : HokkaidoNipponHamFighters : Yudai Furukawa</message>
</record>
<record>
  <date>2022-05-21T02:46:58</date>
  <millis>1653068818209</millis>
  <sequence>139</sequence>
  <logger>sample log</logger>
  <level>INFO</level>
  <class>scraping.Scraping</class>
  <method>GetDataFromURL</method>
  <thread>18</thread>
  <message>String</message>
</record>
<record>
  <date>2022-05-21T02:46:58</date>
  <millis>1653068818210</millis>
  <sequence>140</sequence>
  <logger>sample log</logger>
  <level>INFO</level>
  <class>scraping.Scraping</class>
  <method>GetDataFromURL</method>
  <thread>18</thread>
  <message>出力成功 : HokkaidoNipponHamFighters : Ryohei Hosokawa</message>
</record>
<record>
  <date>2022-05-21T02:46:58</date>
  <millis>1653068818214</millis>
  <sequence>141</sequence>
  <logger>sample log</logger>
  <level>INFO</level>
  <class>scraping.Scraping</class>
  <method>GetDataFromURL</method>
  <thread>18</thread>
  <message>String</message>
</record>
<record>
  <date>2022-05-21T02:46:58</date>
  <millis>1653068818214</millis>
  <sequence>142</sequence>
  <logger>sample log</logger>
  <level>INFO</level>
  <class>scraping.Scraping</class>
  <method>GetDataFromURL</method>
  <thread>18</thread>
  <message>出力成功 : HokkaidoNipponHamFighters : Yuma Imagawa</message>
</record>
<record>
  <date>2022-05-21T02:46:58</date>
  <millis>1653068818218</millis>
  <sequence>143</sequence>
  <logger>sample log</logger>
  <level>INFO</level>
  <class>scraping.Scraping</class>
  <method>GetDataFromURL</method>
  <thread>18</thread>
  <message>String</message>
</record>
<record>
  <date>2022-05-21T02:46:58</date>
  <millis>1653068818219</millis>
  <sequence>144</sequence>
  <logger>sample log</logger>
  <level>INFO</level>
  <class>scraping.Scraping</class>
  <method>GetDataFromURL</method>
  <thread>18</thread>
  <message>出力成功 : HokkaidoNipponHamFighters : Kazunari Ishii</message>
</record>
<record>
  <date>2022-05-21T02:46:58</date>
  <millis>1653068818353</millis>
  <sequence>149</sequence>
  <logger>sample log</logger>
  <level>INFO</level>
  <class>scraping.Scraping</class>
  <method>GetDataFromURL</method>
  <thread>18</thread>
  <message>String</message>
</record>
<record>
  <date>2022-05-21T02:46:58</date>
  <millis>1653068818353</millis>
  <sequence>150</sequence>
  <logger>sample log</logger>
  <level>INFO</level>
  <class>scraping.Scraping</class>
  <method>GetDataFromURL</method>
  <thread>18</thread>
  <message>出力成功 : OrixBuffaloes : Ryoichi Adachi</message>
</record>
<record>
  <date>2022-05-21T02:46:58</date>
  <millis>1653068818457</millis>
  <sequence>155</sequence>
  <logger>sample log</logger>
  <level>INFO</level>
  <class>scraping.Scraping</class>
  <method>GetDataFromURL</method>
  <thread>18</thread>
  <message>String</message>
</record>
<record>
  <date>2022-05-21T02:46:58</date>
  <millis>1653068818458</millis>
  <sequence>156</sequence>
  <logger>sample log</logger>
  <level>INFO</level>
  <class>scraping.Scraping</class>
  <method>GetDataFromURL</method>
  <thread>18</thread>
  <message>出力成功 : SaitamaSeibuLions : Sosuke Genda</message>
</record>
<record>
  <date>2022-05-21T02:46:58</date>
  <millis>1653068818558</millis>
  <sequence>161</sequence>
  <logger>sample log</logger>
  <level>INFO</level>
  <class>scraping.Scraping</class>
  <method>GetDataFromURL</method>
  <thread>18</thread>
  <message>String</message>
</record>
<record>
  <date>2022-05-21T02:46:58</date>
  <millis>1653068818558</millis>
  <sequence>162</sequence>
  <logger>sample log</logger>
  <level>INFO</level>
  <class>scraping.Scraping</class>
  <method>GetDataFromURL</method>
  <thread>18</thread>
  <message>出力成功 : TohokuRakutenGoldenEagles : Ginji Akaminai</message>
</record>
