<?xml version="1.0" encoding="UTF-8" standalone="no"?>
<!DOCTYPE log SYSTEM "logger.dtd">
<log>
<record>
  <date>2022-05-21T02:41:45</date>
  <millis>1653068505822</millis>
  <sequence>43</sequence>
  <logger>sample log</logger>
  <level>INFO</level>
  <class>scraping.Scraping</class>
  <method>GetDataFromURL</method>
  <thread>17</thread>
  <message>String</message>
</record>
<record>
  <date>2022-05-21T02:41:45</date>
  <millis>1653068505823</millis>
  <sequence>44</sequence>
  <logger>sample log</logger>
  <level>INFO</level>
  <class>scraping.Scraping</class>
  <method>GetDataFromURL</method>
  <thread>17</thread>
  <message>出力成功 : ChibaLotteMarines : Yudai Fujioka</message>
</record>
<record>
  <date>2022-05-21T02:41:46</date>
  <millis>1653068506295</millis>
  <sequence>47</sequence>
  <logger>sample log</logger>
  <level>INFO</level>
  <class>scraping.Scraping</class>
  <method>GetDataFromURL</method>
  <thread>17</thread>
  <message>String</message>
</record>
<record>
  <date>2022-05-21T02:41:46</date>
  <millis>1653068506296</millis>
  <sequence>48</sequence>
  <logger>sample log</logger>
  <level>INFO</level>
  <class>scraping.Scraping</class>
  <method>GetDataFromURL</method>
  <thread>17</thread>
  <message>出力成功 : FukuokaSoftbankHawks : Alfredo Despaigne</message>
</record>
<record>
  <date>2022-05-21T02:41:46</date>
  <millis>1653068506541</millis>
  <sequence>51</sequence>
  <logger>sample log</logger>
  <level>INFO</level>
  <class>scraping.Scraping</class>
  <method>GetDataFromURL</method>
  <thread>17</thread>
  <message>String</message>
</record>
<record>
  <date>2022-05-21T02:41:46</date>
  <millis>1653068506542</millis>
  <sequence>52</sequence>
  <logger>sample log</logger>
  <level>INFO</level>
  <class>scraping.Scraping</class>
  <method>GetDataFromURL</method>
  <thread>17</thread>
  <message>出力成功 : HokkaidoNipponHamFighters : Arismendy Alcantara</message>
</record>
<record>
  <date>2022-05-21T02:41:46</date>
  <millis>1653068506777</millis>
  <sequence>55</sequence>
  <logger>sample log</logger>
  <level>INFO</level>
  <class>scraping.Scraping</class>
  <method>GetDataFromURL</method>
  <thread>17</thread>
  <message>String</message>
</record>
<record>
  <date>2022-05-21T02:41:46</date>
  <millis>1653068506777</millis>
  <sequence>56</sequence>
  <logger>sample log</logger>
  <level>INFO</level>
  <class>scraping.Scraping</class>
  <method>GetDataFromURL</method>
  <thread>17</thread>
  <message>出力成功 : OrixBuffaloes : Ryoichi Adachi</message>
</record>
<record>
  <date>2022-05-21T02:41:46</date>
  <millis>1653068506986</millis>
  <sequence>59</sequence>
  <logger>sample log</logger>
  <level>INFO</level>
  <class>scraping.Scraping</class>
  <method>GetDataFromURL</method>
  <thread>17</thread>
  <message>String</message>
</record>
<record>
  <date>2022-05-21T02:41:46</date>
  <millis>1653068506987</millis>
  <sequence>60</sequence>
  <logger>sample log</logger>
  <level>INFO</level>
  <class>scraping.Scraping</class>
  <method>GetDataFromURL</method>
  <thread>17</thread>
  <message>出力成功 : SaitamaSeibuLions : Sosuke Genda</message>
</record>
<record>
  <date>2022-05-21T02:41:47</date>
  <millis>1653068507156</millis>
  <sequence>63</sequence>
  <logger>sample log</logger>
  <level>INFO</level>
  <class>scraping.Scraping</class>
  <method>GetDataFromURL</method>
  <thread>17</thread>
  <message>String</message>
</record>
<record>
  <date>2022-05-21T02:41:47</date>
  <millis>1653068507157</millis>
  <sequence>64</sequence>
  <logger>sample log</logger>
  <level>INFO</level>
  <class>scraping.Scraping</class>
  <method>GetDataFromURL</method>
  <thread>17</thread>
  <message>出力成功 : TohokuRakutenGoldenEagles : Ginji Akaminai</message>
</record>
<record>
  <date>2022-05-21T02:42:40</date>
  <millis>1653068560687</millis>
  <sequence>67</sequence>
  <logger>sample log</logger>
  <level>INFO</level>
  <class>scraping.Scraping</class>
  <method>GetDataFromURL</method>
  <thread>18</thread>
  <message>String</message>
</record>
<record>
  <date>2022-05-21T02:42:40</date>
  <millis>1653068560689</millis>
  <sequence>68</sequence>
  <logger>sample log</logger>
  <level>INFO</level>
  <class>scraping.Scraping</class>
  <method>GetDataFromURL</method>
  <thread>18</thread>
  <message>出力成功 : ChibaLotteMarines : Yudai Fujioka</message>
</record>
<record>
  <date>2022-05-21T02:42:40</date>
  <millis>1653068560928</millis>
  <sequence>71</sequence>
  <logger>sample log</logger>
  <level>INFO</level>
  <class>scraping.Scraping</class>
  <method>GetDataFromURL</method>
  <thread>18</thread>
  <message>String</message>
</record>
<record>
  <date>2022-05-21T02:42:40</date>
  <millis>1653068560929</millis>
  <sequence>72</sequence>
  <logger>sample log</logger>
  <level>INFO</level>
  <class>scraping.Scraping</class>
  <method>GetDataFromURL</method>
  <thread>18</thread>
  <message>出力成功 : FukuokaSoftbankHawks : Alfredo Despaigne</message>
</record>
<record>
  <date>2022-05-21T02:42:41</date>
  <millis>1653068561101</millis>
  <sequence>75</sequence>
  <logger>sample log</logger>
  <level>INFO</level>
  <class>scraping.Scraping</class>
  <method>GetDataFromURL</method>
  <thread>18</thread>
  <message>String</message>
</record>
<record>
  <date>2022-05-21T02:42:41</date>
  <millis>1653068561103</millis>
  <sequence>76</sequence>
  <logger>sample log</logger>
  <level>INFO</level>
  <class>scraping.Scraping</class>
  <method>GetDataFromURL</method>
  <thread>18</thread>
  <message>出力成功 : HokkaidoNipponHamFighters : Arismendy Alcantara</message>
</record>
<record>
  <date>2022-05-21T02:42:41</date>
  <millis>1653068561224</millis>
  <sequence>79</sequence>
  <logger>sample log</logger>
  <level>INFO</level>
  <class>scraping.Scraping</class>
  <method>GetDataFromURL</method>
  <thread>18</thread>
  <message>String</message>
</record>
<record>
  <date>2022-05-21T02:42:41</date>
  <millis>1653068561225</millis>
  <sequence>80</sequence>
  <logger>sample log</logger>
  <level>INFO</level>
  <class>scraping.Scraping</class>
  <method>GetDataFromURL</method>
  <thread>18</thread>
  <message>出力成功 : OrixBuffaloes : Ryoichi Adachi</message>
</record>
<record>
  <date>2022-05-21T02:42:41</date>
  <millis>1653068561340</millis>
  <sequence>83</sequence>
  <logger>sample log</logger>
  <level>INFO</level>
  <class>scraping.Scraping</class>
  <method>GetDataFromURL</method>
  <thread>18</thread>
  <message>String</message>
</record>
<record>
  <date>2022-05-21T02:42:41</date>
  <millis>1653068561341</millis>
  <sequence>84</sequence>
  <logger>sample log</logger>
  <level>INFO</level>
  <class>scraping.Scraping</class>
  <method>GetDataFromURL</method>
  <thread>18</thread>
  <message>出力成功 : SaitamaSeibuLions : Sosuke Genda</message>
</record>
<record>
  <date>2022-05-21T02:42:41</date>
  <millis>1653068561531</millis>
  <sequence>87</sequence>
  <logger>sample log</logger>
  <level>INFO</level>
  <class>scraping.Scraping</class>
  <method>GetDataFromURL</method>
  <thread>18</thread>
  <message>String</message>
</record>
<record>
  <date>2022-05-21T02:42:41</date>
  <millis>1653068561532</millis>
  <sequence>88</sequence>
  <logger>sample log</logger>
  <level>INFO</level>
  <class>scraping.Scraping</class>
  <method>GetDataFromURL</method>
  <thread>18</thread>
  <message>出力成功 : TohokuRakutenGoldenEagles : Ginji Akaminai</message>
</record>
