<?xml version="1.0" encoding="UTF-8" standalone="no"?>
<!DOCTYPE log SYSTEM "logger.dtd">
<log>
<record>
  <date>2022-05-21T02:03:27</date>
  <millis>1653066207547</millis>
  <sequence>341</sequence>
  <logger>sample log</logger>
  <level>INFO</level>
  <class>scraping.Scraping</class>
  <method>GetDataFromURL</method>
  <thread>26</thread>
  <message>String</message>
</record>
<record>
  <date>2022-05-21T02:03:27</date>
  <millis>1653066207548</millis>
  <sequence>342</sequence>
  <logger>sample log</logger>
  <level>INFO</level>
  <class>scraping.Scraping</class>
  <method>GetDataFromURL</method>
  <thread>26</thread>
  <message>出力成功 : ChibaLotteMarines : Yudai Fujioka</message>
</record>
<record>
  <date>2022-05-21T02:03:27</date>
  <millis>1653066207549</millis>
  <sequence>343</sequence>
  <logger>sample log</logger>
  <level>INFO</level>
  <class>scraping.Scraping</class>
  <method>GetDataFromURL</method>
  <thread>26</thread>
  <message>String</message>
</record>
<record>
  <date>2022-05-21T02:03:27</date>
  <millis>1653066207549</millis>
  <sequence>344</sequence>
  <logger>sample log</logger>
  <level>INFO</level>
  <class>scraping.Scraping</class>
  <method>GetDataFromURL</method>
  <thread>26</thread>
  <message>出力成功 : ChibaLotteMarines : Kyota Fujiwara</message>
</record>
<record>
  <date>2022-05-21T02:03:27</date>
  <millis>1653066207549</millis>
  <sequence>345</sequence>
  <logger>sample log</logger>
  <level>INFO</level>
  <class>scraping.Scraping</class>
  <method>GetDataFromURL</method>
  <thread>26</thread>
  <message>String</message>
</record>
<record>
  <date>2022-05-21T02:03:27</date>
  <millis>1653066207550</millis>
  <sequence>346</sequence>
  <logger>sample log</logger>
  <level>INFO</level>
  <class>scraping.Scraping</class>
  <method>GetDataFromURL</method>
  <thread>26</thread>
  <message>出力成功 : ChibaLotteMarines : Koki Fukuda</message>
</record>
<record>
  <date>2022-05-21T02:03:27</date>
  <millis>1653066207550</millis>
  <sequence>347</sequence>
  <logger>sample log</logger>
  <level>INFO</level>
  <class>scraping.Scraping</class>
  <method>GetDataFromURL</method>
  <thread>26</thread>
  <message>String</message>
</record>
<record>
  <date>2022-05-21T02:03:27</date>
  <millis>1653066207550</millis>
  <sequence>348</sequence>
  <logger>sample log</logger>
  <level>INFO</level>
  <class>scraping.Scraping</class>
  <method>GetDataFromURL</method>
  <thread>26</thread>
  <message>出力成功 : ChibaLotteMarines : Shuhei Fukuda</message>
</record>
<record>
  <date>2022-05-21T02:03:27</date>
  <millis>1653066207550</millis>
  <sequence>349</sequence>
  <logger>sample log</logger>
  <level>INFO</level>
  <class>scraping.Scraping</class>
  <method>GetDataFromURL</method>
  <thread>26</thread>
  <message>String</message>
</record>
<record>
  <date>2022-05-21T02:03:27</date>
  <millis>1653066207551</millis>
  <sequence>350</sequence>
  <logger>sample log</logger>
  <level>INFO</level>
  <class>scraping.Scraping</class>
  <method>GetDataFromURL</method>
  <thread>26</thread>
  <message>出力成功 : ChibaLotteMarines : Adeiny Hechavarria</message>
</record>
<record>
  <date>2022-05-21T02:03:27</date>
  <millis>1653066207551</millis>
  <sequence>351</sequence>
  <logger>sample log</logger>
  <level>INFO</level>
  <class>scraping.Scraping</class>
  <method>GetDataFromURL</method>
  <thread>26</thread>
  <message>String</message>
</record>
<record>
  <date>2022-05-21T02:03:27</date>
  <millis>1653066207551</millis>
  <sequence>352</sequence>
  <logger>sample log</logger>
  <level>INFO</level>
  <class>scraping.Scraping</class>
  <method>GetDataFromURL</method>
  <thread>26</thread>
  <message>出力成功 : ChibaLotteMarines : Taiga Hirasawa</message>
</record>
<record>
  <date>2022-05-21T02:03:27</date>
  <millis>1653066207551</millis>
  <sequence>353</sequence>
  <logger>sample log</logger>
  <level>INFO</level>
  <class>scraping.Scraping</class>
  <method>GetDataFromURL</method>
  <thread>26</thread>
  <message>String</message>
</record>
<record>
  <date>2022-05-21T02:03:27</date>
  <millis>1653066207551</millis>
  <sequence>354</sequence>
  <logger>sample log</logger>
  <level>INFO</level>
  <class>scraping.Scraping</class>
  <method>GetDataFromURL</method>
  <thread>26</thread>
  <message>出力成功 : ChibaLotteMarines : Raito Ikeda</message>
</record>
<record>
  <date>2022-05-21T02:03:27</date>
  <millis>1653066207552</millis>
  <sequence>355</sequence>
  <logger>sample log</logger>
  <level>INFO</level>
  <class>scraping.Scraping</class>
  <method>GetDataFromURL</method>
  <thread>26</thread>
  <message>String</message>
</record>
<record>
  <date>2022-05-21T02:03:27</date>
  <millis>1653066207552</millis>
  <sequence>356</sequence>
  <logger>sample log</logger>
  <level>INFO</level>
  <class>scraping.Scraping</class>
  <method>GetDataFromURL</method>
  <thread>26</thread>
  <message>出力成功 : ChibaLotteMarines : Tomoya Kakinuma</message>
</record>
<record>
  <date>2022-05-21T02:03:27</date>
  <millis>1653066207552</millis>
  <sequence>357</sequence>
  <logger>sample log</logger>
  <level>INFO</level>
  <class>scraping.Scraping</class>
  <method>GetDataFromURL</method>
  <thread>26</thread>
  <message>String</message>
</record>
<record>
  <date>2022-05-21T02:03:27</date>
  <millis>1653066207553</millis>
  <sequence>358</sequence>
  <logger>sample log</logger>
  <level>INFO</level>
  <class>scraping.Scraping</class>
  <method>GetDataFromURL</method>
  <thread>26</thread>
  <message>出力成功 : ChibaLotteMarines : Brandon Laird</message>
</record>
<record>
  <date>2022-05-21T02:03:27</date>
  <millis>1653066207553</millis>
  <sequence>359</sequence>
  <logger>sample log</logger>
  <level>INFO</level>
  <class>scraping.Scraping</class>
  <method>GetDataFromURL</method>
  <thread>26</thread>
  <message>String</message>
</record>
<record>
  <date>2022-05-21T02:03:27</date>
  <millis>1653066207553</millis>
  <sequence>360</sequence>
  <logger>sample log</logger>
  <level>INFO</level>
  <class>scraping.Scraping</class>
  <method>GetDataFromURL</method>
  <thread>26</thread>
  <message>出力成功 : ChibaLotteMarines : Leonys Martín</message>
</record>
<record>
  <date>2022-05-21T02:03:27</date>
  <millis>1653066207553</millis>
  <sequence>361</sequence>
  <logger>sample log</logger>
  <level>INFO</level>
  <class>scraping.Scraping</class>
  <method>GetDataFromURL</method>
  <thread>26</thread>
  <message>String</message>
</record>
<record>
  <date>2022-05-21T02:03:27</date>
  <millis>1653066207553</millis>
  <sequence>362</sequence>
  <logger>sample log</logger>
  <level>INFO</level>
  <class>scraping.Scraping</class>
  <method>GetDataFromURL</method>
  <thread>26</thread>
  <message>出力成功 : ChibaLotteMarines : Kou Matsukawa</message>
</record>
<record>
  <date>2022-05-21T02:03:27</date>
  <millis>1653066207554</millis>
  <sequence>363</sequence>
  <logger>sample log</logger>
  <level>INFO</level>
  <class>scraping.Scraping</class>
  <method>GetDataFromURL</method>
  <thread>26</thread>
  <message>String</message>
</record>
<record>
  <date>2022-05-21T02:03:27</date>
  <millis>1653066207554</millis>
  <sequence>364</sequence>
  <logger>sample log</logger>
  <level>INFO</level>
  <class>scraping.Scraping</class>
  <method>GetDataFromURL</method>
  <thread>26</thread>
  <message>出力成功 : ChibaLotteMarines : Ryo Miki</message>
</record>
<record>
  <date>2022-05-21T02:03:27</date>
  <millis>1653066207554</millis>
  <sequence>365</sequence>
  <logger>sample log</logger>
  <level>INFO</level>
  <class>scraping.Scraping</class>
  <method>GetDataFromURL</method>
  <thread>26</thread>
  <message>String</message>
</record>
<record>
  <date>2022-05-21T02:03:27</date>
  <millis>1653066207555</millis>
  <sequence>366</sequence>
  <logger>sample log</logger>
  <level>INFO</level>
  <class>scraping.Scraping</class>
  <method>GetDataFromURL</method>
  <thread>26</thread>
  <message>出力成功 : ChibaLotteMarines : Shogo Nakamura</message>
</record>
<record>
  <date>2022-05-21T02:03:27</date>
  <millis>1653066207555</millis>
  <sequence>367</sequence>
  <logger>sample log</logger>
  <level>INFO</level>
  <class>scraping.Scraping</class>
  <method>GetDataFromURL</method>
  <thread>26</thread>
  <message>String</message>
</record>
<record>
  <date>2022-05-21T02:03:27</date>
  <millis>1653066207555</millis>
  <sequence>368</sequence>
  <logger>sample log</logger>
  <level>INFO</level>
  <class>scraping.Scraping</class>
  <method>GetDataFromURL</method>
  <thread>26</thread>
  <message>出力成功 : ChibaLotteMarines : Ryusei Ogawa</message>
</record>
<record>
  <date>2022-05-21T02:03:27</date>
  <millis>1653066207555</millis>
  <sequence>369</sequence>
  <logger>sample log</logger>
  <level>INFO</level>
  <class>scraping.Scraping</class>
  <method>GetDataFromURL</method>
  <thread>26</thread>
  <message>String</message>
</record>
<record>
  <date>2022-05-21T02:03:27</date>
  <millis>1653066207556</millis>
  <sequence>370</sequence>
  <logger>sample log</logger>
  <level>INFO</level>
  <class>scraping.Scraping</class>
  <method>GetDataFromURL</method>
  <thread>26</thread>
  <message>出力成功 : ChibaLotteMarines : Hiromi Oka</message>
</record>
<record>
  <date>2022-05-21T02:03:27</date>
  <millis>1653066207556</millis>
  <sequence>371</sequence>
  <logger>sample log</logger>
  <level>INFO</level>
  <class>scraping.Scraping</class>
  <method>GetDataFromURL</method>
  <thread>26</thread>
  <message>String</message>
</record>
<record>
  <date>2022-05-21T02:03:27</date>
  <millis>1653066207556</millis>
  <sequence>372</sequence>
  <logger>sample log</logger>
  <level>INFO</level>
  <class>scraping.Scraping</class>
  <method>GetDataFromURL</method>
  <thread>26</thread>
  <message>出力成功 : ChibaLotteMarines : Toshiya Satoh</message>
</record>
<record>
  <date>2022-05-21T02:03:27</date>
  <millis>1653066207557</millis>
  <sequence>373</sequence>
  <logger>sample log</logger>
  <level>INFO</level>
  <class>scraping.Scraping</class>
  <method>GetDataFromURL</method>
  <thread>26</thread>
  <message>String</message>
</record>
<record>
  <date>2022-05-21T02:03:27</date>
  <millis>1653066207557</millis>
  <sequence>374</sequence>
  <logger>sample log</logger>
  <level>INFO</level>
  <class>scraping.Scraping</class>
  <method>GetDataFromURL</method>
  <thread>26</thread>
  <message>出力成功 : ChibaLotteMarines : Tsuyoshi Sugano</message>
</record>
<record>
  <date>2022-05-21T02:03:27</date>
  <millis>1653066207557</millis>
  <sequence>375</sequence>
  <logger>sample log</logger>
  <level>INFO</level>
  <class>scraping.Scraping</class>
  <method>GetDataFromURL</method>
  <thread>26</thread>
  <message>String</message>
</record>
<record>
  <date>2022-05-21T02:03:27</date>
  <millis>1653066207557</millis>
  <sequence>376</sequence>
  <logger>sample log</logger>
  <level>INFO</level>
  <class>scraping.Scraping</class>
  <method>GetDataFromURL</method>
  <thread>26</thread>
  <message>出力成功 : ChibaLotteMarines : Akito Takabe</message>
</record>
<record>
  <date>2022-05-21T02:03:27</date>
  <millis>1653066207558</millis>
  <sequence>377</sequence>
  <logger>sample log</logger>
  <level>INFO</level>
  <class>scraping.Scraping</class>
  <method>GetDataFromURL</method>
  <thread>26</thread>
  <message>String</message>
</record>
<record>
  <date>2022-05-21T02:03:27</date>
  <millis>1653066207558</millis>
  <sequence>378</sequence>
  <logger>sample log</logger>
  <level>INFO</level>
  <class>scraping.Scraping</class>
  <method>GetDataFromURL</method>
  <thread>26</thread>
  <message>出力成功 : ChibaLotteMarines : Koshiro Wada</message>
</record>
<record>
  <date>2022-05-21T02:03:27</date>
  <millis>1653066207559</millis>
  <sequence>379</sequence>
  <logger>sample log</logger>
  <level>INFO</level>
  <class>scraping.Scraping</class>
  <method>GetDataFromURL</method>
  <thread>26</thread>
  <message>String</message>
</record>
<record>
  <date>2022-05-21T02:03:27</date>
  <millis>1653066207559</millis>
  <sequence>380</sequence>
  <logger>sample log</logger>
  <level>INFO</level>
  <class>scraping.Scraping</class>
  <method>GetDataFromURL</method>
  <thread>26</thread>
  <message>出力成功 : ChibaLotteMarines : Koki Yamaguchi</message>
</record>
<record>
  <date>2022-05-21T02:03:27</date>
  <millis>1653066207560</millis>
  <sequence>381</sequence>
  <logger>sample log</logger>
  <level>INFO</level>
  <class>scraping.Scraping</class>
  <method>GetDataFromURL</method>
  <thread>26</thread>
  <message>String</message>
</record>
<record>
  <date>2022-05-21T02:03:27</date>
  <millis>1653066207560</millis>
  <sequence>382</sequence>
  <logger>sample log</logger>
  <level>INFO</level>
  <class>scraping.Scraping</class>
  <method>GetDataFromURL</method>
  <thread>26</thread>
  <message>出力成功 : ChibaLotteMarines : Hisanori Yasuda</message>
</record>
<record>
  <date>2022-05-21T02:03:27</date>
  <millis>1653066207633</millis>
  <sequence>383</sequence>
  <logger>sample log</logger>
  <level>INFO</level>
  <class>scraping.Scraping</class>
  <method>GetDataFromURL</method>
  <thread>26</thread>
  <message>String</message>
</record>
<record>
  <date>2022-05-21T02:03:27</date>
  <millis>1653066207634</millis>
  <sequence>384</sequence>
  <logger>sample log</logger>
  <level>INFO</level>
  <class>scraping.Scraping</class>
  <method>GetDataFromURL</method>
  <thread>26</thread>
  <message>出力成功 : FukuokaSoftbankHawks : Alfredo Despaigne</message>
</record>
<record>
  <date>2022-05-21T02:03:27</date>
  <millis>1653066207634</millis>
  <sequence>385</sequence>
  <logger>sample log</logger>
  <level>INFO</level>
  <class>scraping.Scraping</class>
  <method>GetDataFromURL</method>
  <thread>26</thread>
  <message>String</message>
</record>
<record>
  <date>2022-05-21T02:03:27</date>
  <millis>1653066207634</millis>
  <sequence>386</sequence>
  <logger>sample log</logger>
  <level>INFO</level>
  <class>scraping.Scraping</class>
  <method>GetDataFromURL</method>
  <thread>26</thread>
  <message>出力成功 : FukuokaSoftbankHawks : Freddy Galvis</message>
</record>
<record>
  <date>2022-05-21T02:03:27</date>
  <millis>1653066207635</millis>
  <sequence>387</sequence>
  <logger>sample log</logger>
  <level>INFO</level>
  <class>scraping.Scraping</class>
  <method>GetDataFromURL</method>
  <thread>26</thread>
  <message>String</message>
</record>
<record>
  <date>2022-05-21T02:03:27</date>
  <millis>1653066207636</millis>
  <sequence>388</sequence>
  <logger>sample log</logger>
  <level>INFO</level>
  <class>scraping.Scraping</class>
  <method>GetDataFromURL</method>
  <thread>26</thread>
  <message>出力成功 : FukuokaSoftbankHawks : Yurisbel Gracial</message>
</record>
<record>
  <date>2022-05-21T02:03:27</date>
  <millis>1653066207636</millis>
  <sequence>389</sequence>
  <logger>sample log</logger>
  <level>INFO</level>
  <class>scraping.Scraping</class>
  <method>GetDataFromURL</method>
  <thread>26</thread>
  <message>String</message>
</record>
<record>
  <date>2022-05-21T02:03:27</date>
  <millis>1653066207636</millis>
  <sequence>390</sequence>
  <logger>sample log</logger>
  <level>INFO</level>
  <class>scraping.Scraping</class>
  <method>GetDataFromURL</method>
  <thread>26</thread>
  <message>出力成功 : FukuokaSoftbankHawks : Kenta Imamiya</message>
</record>
<record>
  <date>2022-05-21T02:03:27</date>
  <millis>1653066207637</millis>
  <sequence>391</sequence>
  <logger>sample log</logger>
  <level>INFO</level>
  <class>scraping.Scraping</class>
  <method>GetDataFromURL</method>
  <thread>26</thread>
  <message>String</message>
</record>
<record>
  <date>2022-05-21T02:03:27</date>
  <millis>1653066207637</millis>
  <sequence>392</sequence>
  <logger>sample log</logger>
  <level>INFO</level>
  <class>scraping.Scraping</class>
  <method>GetDataFromURL</method>
  <thread>26</thread>
  <message>出力成功 : FukuokaSoftbankHawks : Takuya Kai</message>
</record>
<record>
  <date>2022-05-21T02:03:27</date>
  <millis>1653066207637</millis>
  <sequence>393</sequence>
  <logger>sample log</logger>
  <level>INFO</level>
  <class>scraping.Scraping</class>
  <method>GetDataFromURL</method>
  <thread>26</thread>
  <message>String</message>
</record>
<record>
  <date>2022-05-21T02:03:27</date>
  <millis>1653066207637</millis>
  <sequence>394</sequence>
  <logger>sample log</logger>
  <level>INFO</level>
  <class>scraping.Scraping</class>
  <method>GetDataFromURL</method>
  <thread>26</thread>
  <message>出力成功 : FukuokaSoftbankHawks : Hikaru Kawase</message>
</record>
<record>
  <date>2022-05-21T02:03:27</date>
  <millis>1653066207640</millis>
  <sequence>395</sequence>
  <logger>sample log</logger>
  <level>INFO</level>
  <class>scraping.Scraping</class>
  <method>GetDataFromURL</method>
  <thread>26</thread>
  <message>String</message>
</record>
<record>
  <date>2022-05-21T02:03:27</date>
  <millis>1653066207641</millis>
  <sequence>396</sequence>
  <logger>sample log</logger>
  <level>INFO</level>
  <class>scraping.Scraping</class>
  <method>GetDataFromURL</method>
  <thread>26</thread>
  <message>出力成功 : FukuokaSoftbankHawks : Ryoya Kurihara</message>
</record>
<record>
  <date>2022-05-21T02:03:27</date>
  <millis>1653066207643</millis>
  <sequence>397</sequence>
  <logger>sample log</logger>
  <level>INFO</level>
  <class>scraping.Scraping</class>
  <method>GetDataFromURL</method>
  <thread>26</thread>
  <message>String</message>
</record>
<record>
  <date>2022-05-21T02:03:27</date>
  <millis>1653066207644</millis>
  <sequence>398</sequence>
  <logger>sample log</logger>
  <level>INFO</level>
  <class>scraping.Scraping</class>
  <method>GetDataFromURL</method>
  <thread>26</thread>
  <message>出力成功 : FukuokaSoftbankHawks : Taisei Makihara</message>
</record>
<record>
  <date>2022-05-21T02:03:27</date>
  <millis>1653066207644</millis>
  <sequence>399</sequence>
  <logger>sample log</logger>
  <level>INFO</level>
  <class>scraping.Scraping</class>
  <method>GetDataFromURL</method>
  <thread>26</thread>
  <message>String</message>
</record>
<record>
  <date>2022-05-21T02:03:27</date>
  <millis>1653066207644</millis>
  <sequence>400</sequence>
  <logger>sample log</logger>
  <level>INFO</level>
  <class>scraping.Scraping</class>
  <method>GetDataFromURL</method>
  <thread>26</thread>
  <message>出力成功 : FukuokaSoftbankHawks : Yusuke Masago</message>
</record>
<record>
  <date>2022-05-21T02:03:27</date>
  <millis>1653066207644</millis>
  <sequence>401</sequence>
  <logger>sample log</logger>
  <level>INFO</level>
  <class>scraping.Scraping</class>
  <method>GetDataFromURL</method>
  <thread>26</thread>
  <message>String</message>
</record>
<record>
  <date>2022-05-21T02:03:27</date>
  <millis>1653066207645</millis>
  <sequence>402</sequence>
  <logger>sample log</logger>
  <level>INFO</level>
  <class>scraping.Scraping</class>
  <method>GetDataFromURL</method>
  <thread>26</thread>
  <message>出力成功 : FukuokaSoftbankHawks : Tomoya Masaki</message>
</record>
<record>
  <date>2022-05-21T02:03:27</date>
  <millis>1653066207645</millis>
  <sequence>403</sequence>
  <logger>sample log</logger>
  <level>INFO</level>
  <class>scraping.Scraping</class>
  <method>GetDataFromURL</method>
  <thread>26</thread>
  <message>String</message>
</record>
<record>
  <date>2022-05-21T02:03:27</date>
  <millis>1653066207645</millis>
  <sequence>404</sequence>
  <logger>sample log</logger>
  <level>INFO</level>
  <class>scraping.Scraping</class>
  <method>GetDataFromURL</method>
  <thread>26</thread>
  <message>出力成功 : FukuokaSoftbankHawks : Nobuhiro Matsuda</message>
</record>
<record>
  <date>2022-05-21T02:03:27</date>
  <millis>1653066207645</millis>
  <sequence>405</sequence>
  <logger>sample log</logger>
  <level>INFO</level>
  <class>scraping.Scraping</class>
  <method>GetDataFromURL</method>
  <thread>26</thread>
  <message>String</message>
</record>
<record>
  <date>2022-05-21T02:03:27</date>
  <millis>1653066207646</millis>
  <sequence>406</sequence>
  <logger>sample log</logger>
  <level>INFO</level>
  <class>scraping.Scraping</class>
  <method>GetDataFromURL</method>
  <thread>26</thread>
  <message>出力成功 : FukuokaSoftbankHawks : Masaki Mimori</message>
</record>
<record>
  <date>2022-05-21T02:03:27</date>
  <millis>1653066207646</millis>
  <sequence>407</sequence>
  <logger>sample log</logger>
  <level>INFO</level>
  <class>scraping.Scraping</class>
  <method>GetDataFromURL</method>
  <thread>26</thread>
  <message>String</message>
</record>
<record>
  <date>2022-05-21T02:03:27</date>
  <millis>1653066207646</millis>
  <sequence>408</sequence>
  <logger>sample log</logger>
  <level>INFO</level>
  <class>scraping.Scraping</class>
  <method>GetDataFromURL</method>
  <thread>26</thread>
  <message>出力成功 : FukuokaSoftbankHawks : Akira Nakamura</message>
</record>
<record>
  <date>2022-05-21T02:03:27</date>
  <millis>1653066207646</millis>
  <sequence>409</sequence>
  <logger>sample log</logger>
  <level>INFO</level>
  <class>scraping.Scraping</class>
  <method>GetDataFromURL</method>
  <thread>26</thread>
  <message>String</message>
</record>
<record>
  <date>2022-05-21T02:03:27</date>
  <millis>1653066207647</millis>
  <sequence>410</sequence>
  <logger>sample log</logger>
  <level>INFO</level>
  <class>scraping.Scraping</class>
  <method>GetDataFromURL</method>
  <thread>26</thread>
  <message>出力成功 : FukuokaSoftbankHawks : Masahiro Nakatani</message>
</record>
<record>
  <date>2022-05-21T02:03:27</date>
  <millis>1653066207647</millis>
  <sequence>411</sequence>
  <logger>sample log</logger>
  <level>INFO</level>
  <class>scraping.Scraping</class>
  <method>GetDataFromURL</method>
  <thread>26</thread>
  <message>String</message>
</record>
<record>
  <date>2022-05-21T02:03:27</date>
  <millis>1653066207647</millis>
  <sequence>412</sequence>
  <logger>sample log</logger>
  <level>INFO</level>
  <class>scraping.Scraping</class>
  <method>GetDataFromURL</method>
  <thread>26</thread>
  <message>出力成功 : FukuokaSoftbankHawks : Daiju Nomura</message>
</record>
<record>
  <date>2022-05-21T02:03:27</date>
  <millis>1653066207647</millis>
  <sequence>413</sequence>
  <logger>sample log</logger>
  <level>INFO</level>
  <class>scraping.Scraping</class>
  <method>GetDataFromURL</method>
  <thread>26</thread>
  <message>String</message>
</record>
<record>
  <date>2022-05-21T02:03:27</date>
  <millis>1653066207647</millis>
  <sequence>414</sequence>
  <logger>sample log</logger>
  <level>INFO</level>
  <class>scraping.Scraping</class>
  <method>GetDataFromURL</method>
  <thread>26</thread>
  <message>出力成功 : FukuokaSoftbankHawks : Isami Nomura</message>
</record>
<record>
  <date>2022-05-21T02:03:27</date>
  <millis>1653066207648</millis>
  <sequence>415</sequence>
  <logger>sample log</logger>
  <level>INFO</level>
  <class>scraping.Scraping</class>
  <method>GetDataFromURL</method>
  <thread>26</thread>
  <message>String</message>
</record>
<record>
  <date>2022-05-21T02:03:27</date>
  <millis>1653066207648</millis>
  <sequence>416</sequence>
  <logger>sample log</logger>
  <level>INFO</level>
  <class>scraping.Scraping</class>
  <method>GetDataFromURL</method>
  <thread>26</thread>
  <message>出力成功 : FukuokaSoftbankHawks : Naoki Satoh</message>
</record>
<record>
  <date>2022-05-21T02:03:27</date>
  <millis>1653066207648</millis>
  <sequence>417</sequence>
  <logger>sample log</logger>
  <level>INFO</level>
  <class>scraping.Scraping</class>
  <method>GetDataFromURL</method>
  <thread>26</thread>
  <message>String</message>
</record>
<record>
  <date>2022-05-21T02:03:27</date>
  <millis>1653066207648</millis>
  <sequence>418</sequence>
  <logger>sample log</logger>
  <level>INFO</level>
  <class>scraping.Scraping</class>
  <method>GetDataFromURL</method>
  <thread>26</thread>
  <message>出力成功 : FukuokaSoftbankHawks : Richard Sunagawa</message>
</record>
<record>
  <date>2022-05-21T02:03:27</date>
  <millis>1653066207648</millis>
  <sequence>419</sequence>
  <logger>sample log</logger>
  <level>INFO</level>
  <class>scraping.Scraping</class>
  <method>GetDataFromURL</method>
  <thread>26</thread>
  <message>String</message>
</record>
<record>
  <date>2022-05-21T02:03:27</date>
  <millis>1653066207648</millis>
  <sequence>420</sequence>
  <logger>sample log</logger>
  <level>INFO</level>
  <class>scraping.Scraping</class>
  <method>GetDataFromURL</method>
  <thread>26</thread>
  <message>出力成功 : FukuokaSoftbankHawks : Tomoki Takata</message>
</record>
<record>
  <date>2022-05-21T02:03:27</date>
  <millis>1653066207649</millis>
  <sequence>421</sequence>
  <logger>sample log</logger>
  <level>INFO</level>
  <class>scraping.Scraping</class>
  <method>GetDataFromURL</method>
  <thread>26</thread>
  <message>String</message>
</record>
<record>
  <date>2022-05-21T02:03:27</date>
  <millis>1653066207649</millis>
  <sequence>422</sequence>
  <logger>sample log</logger>
  <level>INFO</level>
  <class>scraping.Scraping</class>
  <method>GetDataFromURL</method>
  <thread>26</thread>
  <message>出力成功 : FukuokaSoftbankHawks : Kenta Tanigawara</message>
</record>
<record>
  <date>2022-05-21T02:03:27</date>
  <millis>1653066207649</millis>
  <sequence>423</sequence>
  <logger>sample log</logger>
  <level>INFO</level>
  <class>scraping.Scraping</class>
  <method>GetDataFromURL</method>
  <thread>26</thread>
  <message>String</message>
</record>
<record>
  <date>2022-05-21T02:03:27</date>
  <millis>1653066207649</millis>
  <sequence>424</sequence>
  <logger>sample log</logger>
  <level>INFO</level>
  <class>scraping.Scraping</class>
  <method>GetDataFromURL</method>
  <thread>26</thread>
  <message>出力成功 : FukuokaSoftbankHawks : Seiji Uebayashi</message>
</record>
<record>
  <date>2022-05-21T02:03:27</date>
  <millis>1653066207649</millis>
  <sequence>425</sequence>
  <logger>sample log</logger>
  <level>INFO</level>
  <class>scraping.Scraping</class>
  <method>GetDataFromURL</method>
  <thread>26</thread>
  <message>String</message>
</record>
<record>
  <date>2022-05-21T02:03:27</date>
  <millis>1653066207650</millis>
  <sequence>426</sequence>
  <logger>sample log</logger>
  <level>INFO</level>
  <class>scraping.Scraping</class>
  <method>GetDataFromURL</method>
  <thread>26</thread>
  <message>出力成功 : FukuokaSoftbankHawks : Takashi Umino</message>
</record>
<record>
  <date>2022-05-21T02:03:27</date>
  <millis>1653066207650</millis>
  <sequence>427</sequence>
  <logger>sample log</logger>
  <level>INFO</level>
  <class>scraping.Scraping</class>
  <method>GetDataFromURL</method>
  <thread>26</thread>
  <message>String</message>
</record>
<record>
  <date>2022-05-21T02:03:27</date>
  <millis>1653066207650</millis>
  <sequence>428</sequence>
  <logger>sample log</logger>
  <level>INFO</level>
  <class>scraping.Scraping</class>
  <method>GetDataFromURL</method>
  <thread>26</thread>
  <message>出力成功 : FukuokaSoftbankHawks : Tatsuru Yanagimachi</message>
</record>
<record>
  <date>2022-05-21T02:03:27</date>
  <millis>1653066207650</millis>
  <sequence>429</sequence>
  <logger>sample log</logger>
  <level>INFO</level>
  <class>scraping.Scraping</class>
  <method>GetDataFromURL</method>
  <thread>26</thread>
  <message>String</message>
</record>
<record>
  <date>2022-05-21T02:03:27</date>
  <millis>1653066207650</millis>
  <sequence>430</sequence>
  <logger>sample log</logger>
  <level>INFO</level>
  <class>scraping.Scraping</class>
  <method>GetDataFromURL</method>
  <thread>26</thread>
  <message>出力成功 : FukuokaSoftbankHawks : Yuki Yanagita</message>
</record>
<record>
  <date>2022-05-21T02:03:27</date>
  <millis>1653066207733</millis>
  <sequence>431</sequence>
  <logger>sample log</logger>
  <level>INFO</level>
  <class>scraping.Scraping</class>
  <method>GetDataFromURL</method>
  <thread>26</thread>
  <message>String</message>
</record>
<record>
  <date>2022-05-21T02:03:27</date>
  <millis>1653066207733</millis>
  <sequence>432</sequence>
  <logger>sample log</logger>
  <level>INFO</level>
  <class>scraping.Scraping</class>
  <method>GetDataFromURL</method>
  <thread>26</thread>
  <message>出力成功 : HokkaidoNipponHamFighters : Arismendy Alcantara</message>
</record>
<record>
  <date>2022-05-21T02:03:27</date>
  <millis>1653066207733</millis>
  <sequence>433</sequence>
  <logger>sample log</logger>
  <level>INFO</level>
  <class>scraping.Scraping</class>
  <method>GetDataFromURL</method>
  <thread>26</thread>
  <message>String</message>
</record>
<record>
  <date>2022-05-21T02:03:27</date>
  <millis>1653066207733</millis>
  <sequence>434</sequence>
  <logger>sample log</logger>
  <level>INFO</level>
  <class>scraping.Scraping</class>
  <method>GetDataFromURL</method>
  <thread>26</thread>
  <message>出力成功 : HokkaidoNipponHamFighters : Daiki Asama</message>
</record>
<record>
  <date>2022-05-21T02:03:27</date>
  <millis>1653066207734</millis>
  <sequence>435</sequence>
  <logger>sample log</logger>
  <level>INFO</level>
  <class>scraping.Scraping</class>
  <method>GetDataFromURL</method>
  <thread>26</thread>
  <message>String</message>
</record>
<record>
  <date>2022-05-21T02:03:27</date>
  <millis>1653066207734</millis>
  <sequence>436</sequence>
  <logger>sample log</logger>
  <level>INFO</level>
  <class>scraping.Scraping</class>
  <method>GetDataFromURL</method>
  <thread>26</thread>
  <message>出力成功 : HokkaidoNipponHamFighters : Yudai Furukawa</message>
</record>
<record>
  <date>2022-05-21T02:03:27</date>
  <millis>1653066207734</millis>
  <sequence>437</sequence>
  <logger>sample log</logger>
  <level>INFO</level>
  <class>scraping.Scraping</class>
  <method>GetDataFromURL</method>
  <thread>26</thread>
  <message>String</message>
</record>
<record>
  <date>2022-05-21T02:03:27</date>
  <millis>1653066207734</millis>
  <sequence>438</sequence>
  <logger>sample log</logger>
  <level>INFO</level>
  <class>scraping.Scraping</class>
  <method>GetDataFromURL</method>
  <thread>26</thread>
  <message>出力成功 : HokkaidoNipponHamFighters : Ryohei Hosokawa</message>
</record>
<record>
  <date>2022-05-21T02:03:27</date>
  <millis>1653066207734</millis>
  <sequence>439</sequence>
  <logger>sample log</logger>
  <level>INFO</level>
  <class>scraping.Scraping</class>
  <method>GetDataFromURL</method>
  <thread>26</thread>
  <message>String</message>
</record>
<record>
  <date>2022-05-21T02:03:27</date>
  <millis>1653066207734</millis>
  <sequence>440</sequence>
  <logger>sample log</logger>
  <level>INFO</level>
  <class>scraping.Scraping</class>
  <method>GetDataFromURL</method>
  <thread>26</thread>
  <message>出力成功 : HokkaidoNipponHamFighters : Yuma Imagawa</message>
</record>
<record>
  <date>2022-05-21T02:03:27</date>
  <millis>1653066207734</millis>
  <sequence>441</sequence>
  <logger>sample log</logger>
  <level>INFO</level>
  <class>scraping.Scraping</class>
  <method>GetDataFromURL</method>
  <thread>26</thread>
  <message>String</message>
</record>
<record>
  <date>2022-05-21T02:03:27</date>
  <millis>1653066207734</millis>
  <sequence>442</sequence>
  <logger>sample log</logger>
  <level>INFO</level>
  <class>scraping.Scraping</class>
  <method>GetDataFromURL</method>
  <thread>26</thread>
  <message>出力成功 : HokkaidoNipponHamFighters : Kazunari Ishii</message>
</record>
<record>
  <date>2022-05-21T02:03:27</date>
  <millis>1653066207735</millis>
  <sequence>443</sequence>
  <logger>sample log</logger>
  <level>INFO</level>
  <class>scraping.Scraping</class>
  <method>GetDataFromURL</method>
  <thread>26</thread>
  <message>String</message>
</record>
<record>
  <date>2022-05-21T02:03:27</date>
  <millis>1653066207735</millis>
  <sequence>444</sequence>
  <logger>sample log</logger>
  <level>INFO</level>
  <class>scraping.Scraping</class>
  <method>GetDataFromURL</method>
  <thread>26</thread>
  <message>出力成功 : HokkaidoNipponHamFighters : Shoto Kataoka</message>
</record>
<record>
  <date>2022-05-21T02:03:27</date>
  <millis>1653066207735</millis>
  <sequence>445</sequence>
  <logger>sample log</logger>
  <level>INFO</level>
  <class>scraping.Scraping</class>
  <method>GetDataFromURL</method>
  <thread>26</thread>
  <message>String</message>
</record>
<record>
  <date>2022-05-21T02:03:27</date>
  <millis>1653066207735</millis>
  <sequence>446</sequence>
  <logger>sample log</logger>
  <level>INFO</level>
  <class>scraping.Scraping</class>
  <method>GetDataFromURL</method>
  <thread>26</thread>
  <message>出力成功 : HokkaidoNipponHamFighters : Kotaro Kiyomiya</message>
</record>
<record>
  <date>2022-05-21T02:03:27</date>
  <millis>1653066207735</millis>
  <sequence>447</sequence>
  <logger>sample log</logger>
  <level>INFO</level>
  <class>scraping.Scraping</class>
  <method>GetDataFromURL</method>
  <thread>26</thread>
  <message>String</message>
</record>
<record>
  <date>2022-05-21T02:03:27</date>
  <millis>1653066207736</millis>
  <sequence>448</sequence>
  <logger>sample log</logger>
  <level>INFO</level>
  <class>scraping.Scraping</class>
  <method>GetDataFromURL</method>
  <thread>26</thread>
  <message>出力成功 : HokkaidoNipponHamFighters : Takuya Kohri</message>
</record>
<record>
  <date>2022-05-21T02:03:27</date>
  <millis>1653066207736</millis>
  <sequence>449</sequence>
  <logger>sample log</logger>
  <level>INFO</level>
  <class>scraping.Scraping</class>
  <method>GetDataFromURL</method>
  <thread>26</thread>
  <message>String</message>
</record>
<record>
  <date>2022-05-21T02:03:27</date>
  <millis>1653066207736</millis>
  <sequence>450</sequence>
  <logger>sample log</logger>
  <level>INFO</level>
  <class>scraping.Scraping</class>
  <method>GetDataFromURL</method>
  <thread>26</thread>
  <message>出力成功 : HokkaidoNipponHamFighters : Kensuke Kondoh</message>
</record>
<record>
  <date>2022-05-21T02:03:27</date>
  <millis>1653066207736</millis>
  <sequence>451</sequence>
  <logger>sample log</logger>
  <level>INFO</level>
  <class>scraping.Scraping</class>
  <method>GetDataFromURL</method>
  <thread>26</thread>
  <message>String</message>
</record>
<record>
  <date>2022-05-21T02:03:27</date>
  <millis>1653066207736</millis>
  <sequence>452</sequence>
  <logger>sample log</logger>
  <level>INFO</level>
  <class>scraping.Scraping</class>
  <method>GetDataFromURL</method>
  <thread>26</thread>
  <message>出力成功 : HokkaidoNipponHamFighters : Chusei Mannami</message>
</record>
<record>
  <date>2022-05-21T02:03:27</date>
  <millis>1653066207736</millis>
  <sequence>453</sequence>
  <logger>sample log</logger>
  <level>INFO</level>
  <class>scraping.Scraping</class>
  <method>GetDataFromURL</method>
  <thread>26</thread>
  <message>String</message>
</record>
<record>
  <date>2022-05-21T02:03:27</date>
  <millis>1653066207737</millis>
  <sequence>454</sequence>
  <logger>sample log</logger>
  <level>INFO</level>
  <class>scraping.Scraping</class>
  <method>GetDataFromURL</method>
  <thread>26</thread>
  <message>出力成功 : HokkaidoNipponHamFighters : Go Matsumoto</message>
</record>
<record>
  <date>2022-05-21T02:03:27</date>
  <millis>1653066207737</millis>
  <sequence>455</sequence>
  <logger>sample log</logger>
  <level>INFO</level>
  <class>scraping.Scraping</class>
  <method>GetDataFromURL</method>
  <thread>26</thread>
  <message>String</message>
</record>
<record>
  <date>2022-05-21T02:03:27</date>
  <millis>1653066207737</millis>
  <sequence>456</sequence>
  <logger>sample log</logger>
  <level>INFO</level>
  <class>scraping.Scraping</class>
  <method>GetDataFromURL</method>
  <thread>26</thread>
  <message>出力成功 : HokkaidoNipponHamFighters : Tatsuki Mizuno</message>
</record>
<record>
  <date>2022-05-21T02:03:27</date>
  <millis>1653066207737</millis>
  <sequence>457</sequence>
  <logger>sample log</logger>
  <level>INFO</level>
  <class>scraping.Scraping</class>
  <method>GetDataFromURL</method>
  <thread>26</thread>
  <message>String</message>
</record>
<record>
  <date>2022-05-21T02:03:27</date>
  <millis>1653066207737</millis>
  <sequence>458</sequence>
  <logger>sample log</logger>
  <level>INFO</level>
  <class>scraping.Scraping</class>
  <method>GetDataFromURL</method>
  <thread>26</thread>
  <message>出力成功 : HokkaidoNipponHamFighters : Takuya Nakashima</message>
</record>
<record>
  <date>2022-05-21T02:03:27</date>
  <millis>1653066207738</millis>
  <sequence>459</sequence>
  <logger>sample log</logger>
  <level>INFO</level>
  <class>scraping.Scraping</class>
  <method>GetDataFromURL</method>
  <thread>26</thread>
  <message>String</message>
</record>
<record>
  <date>2022-05-21T02:03:27</date>
  <millis>1653066207738</millis>
  <sequence>460</sequence>
  <logger>sample log</logger>
  <level>INFO</level>
  <class>scraping.Scraping</class>
  <method>GetDataFromURL</method>
  <thread>26</thread>
  <message>出力成功 : HokkaidoNipponHamFighters : Yuki Nomura</message>
</record>
<record>
  <date>2022-05-21T02:03:27</date>
  <millis>1653066207738</millis>
  <sequence>461</sequence>
  <logger>sample log</logger>
  <level>INFO</level>
  <class>scraping.Scraping</class>
  <method>GetDataFromURL</method>
  <thread>26</thread>
  <message>String</message>
</record>
<record>
  <date>2022-05-21T02:03:27</date>
  <millis>1653066207738</millis>
  <sequence>462</sequence>
  <logger>sample log</logger>
  <level>INFO</level>
  <class>scraping.Scraping</class>
  <method>GetDataFromURL</method>
  <thread>26</thread>
  <message>出力成功 : HokkaidoNipponHamFighters : Renato Nunez</message>
</record>
<record>
  <date>2022-05-21T02:03:27</date>
  <millis>1653066207738</millis>
  <sequence>463</sequence>
  <logger>sample log</logger>
  <level>INFO</level>
  <class>scraping.Scraping</class>
  <method>GetDataFromURL</method>
  <thread>26</thread>
  <message>String</message>
</record>
<record>
  <date>2022-05-21T02:03:27</date>
  <millis>1653066207738</millis>
  <sequence>464</sequence>
  <logger>sample log</logger>
  <level>INFO</level>
  <class>scraping.Scraping</class>
  <method>GetDataFromURL</method>
  <thread>26</thread>
  <message>出力成功 : HokkaidoNipponHamFighters : Ryusei Satoh</message>
</record>
<record>
  <date>2022-05-21T02:03:27</date>
  <millis>1653066207739</millis>
  <sequence>465</sequence>
  <logger>sample log</logger>
  <level>INFO</level>
  <class>scraping.Scraping</class>
  <method>GetDataFromURL</method>
  <thread>26</thread>
  <message>String</message>
</record>
<record>
  <date>2022-05-21T02:03:27</date>
  <millis>1653066207739</millis>
  <sequence>466</sequence>
  <logger>sample log</logger>
  <level>INFO</level>
  <class>scraping.Scraping</class>
  <method>GetDataFromURL</method>
  <thread>26</thread>
  <message>出力成功 : HokkaidoNipponHamFighters : Yushi Shimizu</message>
</record>
<record>
  <date>2022-05-21T02:03:27</date>
  <millis>1653066207739</millis>
  <sequence>467</sequence>
  <logger>sample log</logger>
  <level>INFO</level>
  <class>scraping.Scraping</class>
  <method>GetDataFromURL</method>
  <thread>26</thread>
  <message>String</message>
</record>
<record>
  <date>2022-05-21T02:03:27</date>
  <millis>1653066207739</millis>
  <sequence>468</sequence>
  <logger>sample log</logger>
  <level>INFO</level>
  <class>scraping.Scraping</class>
  <method>GetDataFromURL</method>
  <thread>26</thread>
  <message>出力成功 : HokkaidoNipponHamFighters : Kenshi Sugiya</message>
</record>
<record>
  <date>2022-05-21T02:03:27</date>
  <millis>1653066207739</millis>
  <sequence>469</sequence>
  <logger>sample log</logger>
  <level>INFO</level>
  <class>scraping.Scraping</class>
  <method>GetDataFromURL</method>
  <thread>26</thread>
  <message>String</message>
</record>
<record>
  <date>2022-05-21T02:03:27</date>
  <millis>1653066207739</millis>
  <sequence>470</sequence>
  <logger>sample log</logger>
  <level>INFO</level>
  <class>scraping.Scraping</class>
  <method>GetDataFromURL</method>
  <thread>26</thread>
  <message>出力成功 : HokkaidoNipponHamFighters : Yuto Takahama</message>
</record>
<record>
  <date>2022-05-21T02:03:27</date>
  <millis>1653066207740</millis>
  <sequence>471</sequence>
  <logger>sample log</logger>
  <level>INFO</level>
  <class>scraping.Scraping</class>
  <method>GetDataFromURL</method>
  <thread>26</thread>
  <message>String</message>
</record>
<record>
  <date>2022-05-21T02:03:27</date>
  <millis>1653066207740</millis>
  <sequence>472</sequence>
  <logger>sample log</logger>
  <level>INFO</level>
  <class>scraping.Scraping</class>
  <method>GetDataFromURL</method>
  <thread>26</thread>
  <message>出力成功 : HokkaidoNipponHamFighters : Yua Tamiya</message>
</record>
<record>
  <date>2022-05-21T02:03:27</date>
  <millis>1653066207740</millis>
  <sequence>473</sequence>
  <logger>sample log</logger>
  <level>INFO</level>
  <class>scraping.Scraping</class>
  <method>GetDataFromURL</method>
  <thread>26</thread>
  <message>String</message>
</record>
<record>
  <date>2022-05-21T02:03:27</date>
  <millis>1653066207740</millis>
  <sequence>474</sequence>
  <logger>sample log</logger>
  <level>INFO</level>
  <class>scraping.Scraping</class>
  <method>GetDataFromURL</method>
  <thread>26</thread>
  <message>出力成功 : HokkaidoNipponHamFighters : Kyohei Ueno</message>
</record>
<record>
  <date>2022-05-21T02:03:27</date>
  <millis>1653066207741</millis>
  <sequence>475</sequence>
  <logger>sample log</logger>
  <level>INFO</level>
  <class>scraping.Scraping</class>
  <method>GetDataFromURL</method>
  <thread>26</thread>
  <message>String</message>
</record>
<record>
  <date>2022-05-21T02:03:27</date>
  <millis>1653066207741</millis>
  <sequence>476</sequence>
  <logger>sample log</logger>
  <level>INFO</level>
  <class>scraping.Scraping</class>
  <method>GetDataFromURL</method>
  <thread>26</thread>
  <message>出力成功 : HokkaidoNipponHamFighters : Yuki Umebayashi</message>
</record>
<record>
  <date>2022-05-21T02:03:27</date>
  <millis>1653066207741</millis>
  <sequence>477</sequence>
  <logger>sample log</logger>
  <level>INFO</level>
  <class>scraping.Scraping</class>
  <method>GetDataFromURL</method>
  <thread>26</thread>
  <message>String</message>
</record>
<record>
  <date>2022-05-21T02:03:27</date>
  <millis>1653066207741</millis>
  <sequence>478</sequence>
  <logger>sample log</logger>
  <level>INFO</level>
  <class>scraping.Scraping</class>
  <method>GetDataFromURL</method>
  <thread>26</thread>
  <message>出力成功 : HokkaidoNipponHamFighters : Shingo Usami</message>
</record>
<record>
  <date>2022-05-21T02:03:27</date>
  <millis>1653066207741</millis>
  <sequence>479</sequence>
  <logger>sample log</logger>
  <level>INFO</level>
  <class>scraping.Scraping</class>
  <method>GetDataFromURL</method>
  <thread>26</thread>
  <message>String</message>
</record>
<record>
  <date>2022-05-21T02:03:27</date>
  <millis>1653066207743</millis>
  <sequence>480</sequence>
  <logger>sample log</logger>
  <level>INFO</level>
  <class>scraping.Scraping</class>
  <method>GetDataFromURL</method>
  <thread>26</thread>
  <message>出力成功 : HokkaidoNipponHamFighters : Po-Jung Wang</message>
</record>
<record>
  <date>2022-05-21T02:03:27</date>
  <millis>1653066207743</millis>
  <sequence>481</sequence>
  <logger>sample log</logger>
  <level>INFO</level>
  <class>scraping.Scraping</class>
  <method>GetDataFromURL</method>
  <thread>26</thread>
  <message>String</message>
</record>
<record>
  <date>2022-05-21T02:03:27</date>
  <millis>1653066207743</millis>
  <sequence>482</sequence>
  <logger>sample log</logger>
  <level>INFO</level>
  <class>scraping.Scraping</class>
  <method>GetDataFromURL</method>
  <thread>26</thread>
  <message>出力成功 : HokkaidoNipponHamFighters : Ryo Watanabe</message>
</record>
<record>
  <date>2022-05-21T02:03:27</date>
  <millis>1653066207744</millis>
  <sequence>483</sequence>
  <logger>sample log</logger>
  <level>INFO</level>
  <class>scraping.Scraping</class>
  <method>GetDataFromURL</method>
  <thread>26</thread>
  <message>String</message>
</record>
<record>
  <date>2022-05-21T02:03:27</date>
  <millis>1653066207744</millis>
  <sequence>484</sequence>
  <logger>sample log</logger>
  <level>INFO</level>
  <class>scraping.Scraping</class>
  <method>GetDataFromURL</method>
  <thread>26</thread>
  <message>出力成功 : HokkaidoNipponHamFighters : Ryota Yachi</message>
</record>
<record>
  <date>2022-05-21T02:03:28</date>
  <millis>1653066208024</millis>
  <sequence>485</sequence>
  <logger>sample log</logger>
  <level>INFO</level>
  <class>scraping.Scraping</class>
  <method>GetDataFromURL</method>
  <thread>26</thread>
  <message>String</message>
</record>
<record>
  <date>2022-05-21T02:03:28</date>
  <millis>1653066208025</millis>
  <sequence>486</sequence>
  <logger>sample log</logger>
  <level>INFO</level>
  <class>scraping.Scraping</class>
  <method>GetDataFromURL</method>
  <thread>26</thread>
  <message>出力成功 : OrixBuffaloes : Ryoichi Adachi</message>
</record>
<record>
  <date>2022-05-21T02:03:28</date>
  <millis>1653066208026</millis>
  <sequence>487</sequence>
  <logger>sample log</logger>
  <level>INFO</level>
  <class>scraping.Scraping</class>
  <method>GetDataFromURL</method>
  <thread>26</thread>
  <message>String</message>
</record>
<record>
  <date>2022-05-21T02:03:28</date>
  <millis>1653066208026</millis>
  <sequence>488</sequence>
  <logger>sample log</logger>
  <level>INFO</level>
  <class>scraping.Scraping</class>
  <method>GetDataFromURL</method>
  <thread>26</thread>
  <message>出力成功 : OrixBuffaloes : Shuhei Fukuda</message>
</record>
<record>
  <date>2022-05-21T02:03:28</date>
  <millis>1653066208026</millis>
  <sequence>489</sequence>
  <logger>sample log</logger>
  <level>INFO</level>
  <class>scraping.Scraping</class>
  <method>GetDataFromURL</method>
  <thread>26</thread>
  <message>String</message>
</record>
<record>
  <date>2022-05-21T02:03:28</date>
  <millis>1653066208026</millis>
  <sequence>490</sequence>
  <logger>sample log</logger>
  <level>INFO</level>
  <class>scraping.Scraping</class>
  <method>GetDataFromURL</method>
  <thread>26</thread>
  <message>出力成功 : OrixBuffaloes : Sho Fukunaga</message>
</record>
<record>
  <date>2022-05-21T02:03:28</date>
  <millis>1653066208026</millis>
  <sequence>491</sequence>
  <logger>sample log</logger>
  <level>INFO</level>
  <class>scraping.Scraping</class>
  <method>GetDataFromURL</method>
  <thread>26</thread>
  <message>String</message>
</record>
<record>
  <date>2022-05-21T02:03:28</date>
  <millis>1653066208027</millis>
  <sequence>492</sequence>
  <logger>sample log</logger>
  <level>INFO</level>
  <class>scraping.Scraping</class>
  <method>GetDataFromURL</method>
  <thread>26</thread>
  <message>出力成功 : OrixBuffaloes : Torai Fushimi</message>
</record>
<record>
  <date>2022-05-21T02:03:28</date>
  <millis>1653066208027</millis>
  <sequence>493</sequence>
  <logger>sample log</logger>
  <level>INFO</level>
  <class>scraping.Scraping</class>
  <method>GetDataFromURL</method>
  <thread>26</thread>
  <message>String</message>
</record>
<record>
  <date>2022-05-21T02:03:28</date>
  <millis>1653066208027</millis>
  <sequence>494</sequence>
  <logger>sample log</logger>
  <level>INFO</level>
  <class>scraping.Scraping</class>
  <method>GetDataFromURL</method>
  <thread>26</thread>
  <message>出力成功 : OrixBuffaloes : Sho Gibo</message>
</record>
<record>
  <date>2022-05-21T02:03:28</date>
  <millis>1653066208027</millis>
  <sequence>495</sequence>
  <logger>sample log</logger>
  <level>INFO</level>
  <class>scraping.Scraping</class>
  <method>GetDataFromURL</method>
  <thread>26</thread>
  <message>String</message>
</record>
<record>
  <date>2022-05-21T02:03:28</date>
  <millis>1653066208028</millis>
  <sequence>496</sequence>
  <logger>sample log</logger>
  <level>INFO</level>
  <class>scraping.Scraping</class>
  <method>GetDataFromURL</method>
  <thread>26</thread>
  <message>出力成功 : OrixBuffaloes : Shunta Gotoh</message>
</record>
<record>
  <date>2022-05-21T02:03:28</date>
  <millis>1653066208028</millis>
  <sequence>497</sequence>
  <logger>sample log</logger>
  <level>INFO</level>
  <class>scraping.Scraping</class>
  <method>GetDataFromURL</method>
  <thread>26</thread>
  <message>String</message>
</record>
<record>
  <date>2022-05-21T02:03:28</date>
  <millis>1653066208028</millis>
  <sequence>498</sequence>
  <logger>sample log</logger>
  <level>INFO</level>
  <class>scraping.Scraping</class>
  <method>GetDataFromURL</method>
  <thread>26</thread>
  <message>出力成功 : OrixBuffaloes : Ryoma Ikeda</message>
</record>
<record>
  <date>2022-05-21T02:03:28</date>
  <millis>1653066208028</millis>
  <sequence>499</sequence>
  <logger>sample log</logger>
  <level>INFO</level>
  <class>scraping.Scraping</class>
  <method>GetDataFromURL</method>
  <thread>26</thread>
  <message>String</message>
</record>
<record>
  <date>2022-05-21T02:03:28</date>
  <millis>1653066208028</millis>
  <sequence>500</sequence>
  <logger>sample log</logger>
  <level>INFO</level>
  <class>scraping.Scraping</class>
  <method>GetDataFromURL</method>
  <thread>26</thread>
  <message>出力成功 : OrixBuffaloes : Ryoto Kita</message>
</record>
<record>
  <date>2022-05-21T02:03:28</date>
  <millis>1653066208029</millis>
  <sequence>501</sequence>
  <logger>sample log</logger>
  <level>INFO</level>
  <class>scraping.Scraping</class>
  <method>GetDataFromURL</method>
  <thread>26</thread>
  <message>String</message>
</record>
<record>
  <date>2022-05-21T02:03:28</date>
  <millis>1653066208029</millis>
  <sequence>502</sequence>
  <logger>sample log</logger>
  <level>INFO</level>
  <class>scraping.Scraping</class>
  <method>GetDataFromURL</method>
  <thread>26</thread>
  <message>出力成功 : OrixBuffaloes : Kotaro Kurebayashi</message>
</record>
<record>
  <date>2022-05-21T02:03:28</date>
  <millis>1653066208029</millis>
  <sequence>503</sequence>
  <logger>sample log</logger>
  <level>INFO</level>
  <class>scraping.Scraping</class>
  <method>GetDataFromURL</method>
  <thread>26</thread>
  <message>String</message>
</record>
<record>
  <date>2022-05-21T02:03:28</date>
  <millis>1653066208029</millis>
  <sequence>504</sequence>
  <logger>sample log</logger>
  <level>INFO</level>
  <class>scraping.Scraping</class>
  <method>GetDataFromURL</method>
  <thread>26</thread>
  <message>出力成功 : OrixBuffaloes : Yuma Mune</message>
</record>
<record>
  <date>2022-05-21T02:03:28</date>
  <millis>1653066208030</millis>
  <sequence>505</sequence>
  <logger>sample log</logger>
  <level>INFO</level>
  <class>scraping.Scraping</class>
  <method>GetDataFromURL</method>
  <thread>26</thread>
  <message>String</message>
</record>
<record>
  <date>2022-05-21T02:03:28</date>
  <millis>1653066208030</millis>
  <sequence>506</sequence>
  <logger>sample log</logger>
  <level>INFO</level>
  <class>scraping.Scraping</class>
  <method>GetDataFromURL</method>
  <thread>26</thread>
  <message>出力成功 : OrixBuffaloes : Keita Nakagawa</message>
</record>
<record>
  <date>2022-05-21T02:03:28</date>
  <millis>1653066208030</millis>
  <sequence>507</sequence>
  <logger>sample log</logger>
  <level>INFO</level>
  <class>scraping.Scraping</class>
  <method>GetDataFromURL</method>
  <thread>26</thread>
  <message>String</message>
</record>
<record>
  <date>2022-05-21T02:03:28</date>
  <millis>1653066208030</millis>
  <sequence>508</sequence>
  <logger>sample log</logger>
  <level>INFO</level>
  <class>scraping.Scraping</class>
  <method>GetDataFromURL</method>
  <thread>26</thread>
  <message>出力成功 : OrixBuffaloes : Ryo Nishimura</message>
</record>
<record>
  <date>2022-05-21T02:03:28</date>
  <millis>1653066208030</millis>
  <sequence>509</sequence>
  <logger>sample log</logger>
  <level>INFO</level>
  <class>scraping.Scraping</class>
  <method>GetDataFromURL</method>
  <thread>26</thread>
  <message>String</message>
</record>
<record>
  <date>2022-05-21T02:03:28</date>
  <millis>1653066208031</millis>
  <sequence>510</sequence>
  <logger>sample log</logger>
  <level>INFO</level>
  <class>scraping.Scraping</class>
  <method>GetDataFromURL</method>
  <thread>26</thread>
  <message>出力成功 : OrixBuffaloes : Masahiro Nishino</message>
</record>
<record>
  <date>2022-05-21T02:03:28</date>
  <millis>1653066208031</millis>
  <sequence>511</sequence>
  <logger>sample log</logger>
  <level>INFO</level>
  <class>scraping.Scraping</class>
  <method>GetDataFromURL</method>
  <thread>26</thread>
  <message>String</message>
</record>
<record>
  <date>2022-05-21T02:03:28</date>
  <millis>1653066208031</millis>
  <sequence>512</sequence>
  <logger>sample log</logger>
  <level>INFO</level>
  <class>scraping.Scraping</class>
  <method>GetDataFromURL</method>
  <thread>26</thread>
  <message>出力成功 : OrixBuffaloes : Tomoya Noguchi</message>
</record>
<record>
  <date>2022-05-21T02:03:28</date>
  <millis>1653066208032</millis>
  <sequence>513</sequence>
  <logger>sample log</logger>
  <level>INFO</level>
  <class>scraping.Scraping</class>
  <method>GetDataFromURL</method>
  <thread>26</thread>
  <message>String</message>
</record>
<record>
  <date>2022-05-21T02:03:28</date>
  <millis>1653066208032</millis>
  <sequence>514</sequence>
  <logger>sample log</logger>
  <level>INFO</level>
  <class>scraping.Scraping</class>
  <method>GetDataFromURL</method>
  <thread>26</thread>
  <message>出力成功 : OrixBuffaloes : Yuya Oda</message>
</record>
<record>
  <date>2022-05-21T02:03:28</date>
  <millis>1653066208032</millis>
  <sequence>515</sequence>
  <logger>sample log</logger>
  <level>INFO</level>
  <class>scraping.Scraping</class>
  <method>GetDataFromURL</method>
  <thread>26</thread>
  <message>String</message>
</record>
<record>
  <date>2022-05-21T02:03:28</date>
  <millis>1653066208032</millis>
  <sequence>516</sequence>
  <logger>sample log</logger>
  <level>INFO</level>
  <class>scraping.Scraping</class>
  <method>GetDataFromURL</method>
  <thread>26</thread>
  <message>出力成功 : OrixBuffaloes : Koji Ohshiro</message>
</record>
<record>
  <date>2022-05-21T02:03:28</date>
  <millis>1653066208032</millis>
  <sequence>517</sequence>
  <logger>sample log</logger>
  <level>INFO</level>
  <class>scraping.Scraping</class>
  <method>GetDataFromURL</method>
  <thread>26</thread>
  <message>String</message>
</record>
<record>
  <date>2022-05-21T02:03:28</date>
  <millis>1653066208033</millis>
  <sequence>518</sequence>
  <logger>sample log</logger>
  <level>INFO</level>
  <class>scraping.Scraping</class>
  <method>GetDataFromURL</method>
  <thread>26</thread>
  <message>出力成功 : OrixBuffaloes : Seiichiro Ohshita</message>
</record>
<record>
  <date>2022-05-21T02:03:28</date>
  <millis>1653066208033</millis>
  <sequence>519</sequence>
  <logger>sample log</logger>
  <level>INFO</level>
  <class>scraping.Scraping</class>
  <method>GetDataFromURL</method>
  <thread>26</thread>
  <message>String</message>
</record>
<record>
  <date>2022-05-21T02:03:28</date>
  <millis>1653066208033</millis>
  <sequence>520</sequence>
  <logger>sample log</logger>
  <level>INFO</level>
  <class>scraping.Scraping</class>
  <method>GetDataFromURL</method>
  <thread>26</thread>
  <message>出力成功 : OrixBuffaloes : Ryo Ohta</message>
</record>
<record>
  <date>2022-05-21T02:03:28</date>
  <millis>1653066208033</millis>
  <sequence>521</sequence>
  <logger>sample log</logger>
  <level>INFO</level>
  <class>scraping.Scraping</class>
  <method>GetDataFromURL</method>
  <thread>26</thread>
  <message>String</message>
</record>
<record>
  <date>2022-05-21T02:03:28</date>
  <millis>1653066208033</millis>
  <sequence>522</sequence>
  <logger>sample log</logger>
  <level>INFO</level>
  <class>scraping.Scraping</class>
  <method>GetDataFromURL</method>
  <thread>26</thread>
  <message>出力成功 : OrixBuffaloes : Rangel Ravelo</message>
</record>
<record>
  <date>2022-05-21T02:03:28</date>
  <millis>1653066208034</millis>
  <sequence>523</sequence>
  <logger>sample log</logger>
  <level>INFO</level>
  <class>scraping.Scraping</class>
  <method>GetDataFromURL</method>
  <thread>26</thread>
  <message>String</message>
</record>
<record>
  <date>2022-05-21T02:03:28</date>
  <millis>1653066208034</millis>
  <sequence>524</sequence>
  <logger>sample log</logger>
  <level>INFO</level>
  <class>scraping.Scraping</class>
  <method>GetDataFromURL</method>
  <thread>26</thread>
  <message>出力成功 : OrixBuffaloes : Kodai Sano</message>
</record>
<record>
  <date>2022-05-21T02:03:28</date>
  <millis>1653066208034</millis>
  <sequence>525</sequence>
  <logger>sample log</logger>
  <level>INFO</level>
  <class>scraping.Scraping</class>
  <method>GetDataFromURL</method>
  <thread>26</thread>
  <message>String</message>
</record>
<record>
  <date>2022-05-21T02:03:28</date>
  <millis>1653066208034</millis>
  <sequence>526</sequence>
  <logger>sample log</logger>
  <level>INFO</level>
  <class>scraping.Scraping</class>
  <method>GetDataFromURL</method>
  <thread>26</thread>
  <message>出力成功 : OrixBuffaloes : Yukikazu Sano</message>
</record>
<record>
  <date>2022-05-21T02:03:28</date>
  <millis>1653066208034</millis>
  <sequence>527</sequence>
  <logger>sample log</logger>
  <level>INFO</level>
  <class>scraping.Scraping</class>
  <method>GetDataFromURL</method>
  <thread>26</thread>
  <message>String</message>
</record>
<record>
  <date>2022-05-21T02:03:28</date>
  <millis>1653066208034</millis>
  <sequence>528</sequence>
  <logger>sample log</logger>
  <level>INFO</level>
  <class>scraping.Scraping</class>
  <method>GetDataFromURL</method>
  <thread>26</thread>
  <message>出力成功 : OrixBuffaloes : Yutaro Sugimoto</message>
</record>
<record>
  <date>2022-05-21T02:03:28</date>
  <millis>1653066208035</millis>
  <sequence>529</sequence>
  <logger>sample log</logger>
  <level>INFO</level>
  <class>scraping.Scraping</class>
  <method>GetDataFromURL</method>
  <thread>26</thread>
  <message>String</message>
</record>
<record>
  <date>2022-05-21T02:03:28</date>
  <millis>1653066208035</millis>
  <sequence>530</sequence>
  <logger>sample log</logger>
  <level>INFO</level>
  <class>scraping.Scraping</class>
  <method>GetDataFromURL</method>
  <thread>26</thread>
  <message>出力成功 : OrixBuffaloes : Yuma Tongu</message>
</record>
<record>
  <date>2022-05-21T02:03:28</date>
  <millis>1653066208035</millis>
  <sequence>531</sequence>
  <logger>sample log</logger>
  <level>INFO</level>
  <class>scraping.Scraping</class>
  <method>GetDataFromURL</method>
  <thread>26</thread>
  <message>String</message>
</record>
<record>
  <date>2022-05-21T02:03:28</date>
  <millis>1653066208035</millis>
  <sequence>532</sequence>
  <logger>sample log</logger>
  <level>INFO</level>
  <class>scraping.Scraping</class>
  <method>GetDataFromURL</method>
  <thread>26</thread>
  <message>出力成功 : OrixBuffaloes : Breyvic Valera</message>
</record>
<record>
  <date>2022-05-21T02:03:28</date>
  <millis>1653066208035</millis>
  <sequence>533</sequence>
  <logger>sample log</logger>
  <level>INFO</level>
  <class>scraping.Scraping</class>
  <method>GetDataFromURL</method>
  <thread>26</thread>
  <message>String</message>
</record>
<record>
  <date>2022-05-21T02:03:28</date>
  <millis>1653066208036</millis>
  <sequence>534</sequence>
  <logger>sample log</logger>
  <level>INFO</level>
  <class>scraping.Scraping</class>
  <method>GetDataFromURL</method>
  <thread>26</thread>
  <message>出力成功 : OrixBuffaloes : Kenya Wakatsuki</message>
</record>
<record>
  <date>2022-05-21T02:03:28</date>
  <millis>1653066208036</millis>
  <sequence>535</sequence>
  <logger>sample log</logger>
  <level>INFO</level>
  <class>scraping.Scraping</class>
  <method>GetDataFromURL</method>
  <thread>26</thread>
  <message>String</message>
</record>
<record>
  <date>2022-05-21T02:03:28</date>
  <millis>1653066208036</millis>
  <sequence>536</sequence>
  <logger>sample log</logger>
  <level>INFO</level>
  <class>scraping.Scraping</class>
  <method>GetDataFromURL</method>
  <thread>26</thread>
  <message>出力成功 : OrixBuffaloes : Haruto Watanabe</message>
</record>
<record>
  <date>2022-05-21T02:03:28</date>
  <millis>1653066208036</millis>
  <sequence>537</sequence>
  <logger>sample log</logger>
  <level>INFO</level>
  <class>scraping.Scraping</class>
  <method>GetDataFromURL</method>
  <thread>26</thread>
  <message>String</message>
</record>
<record>
  <date>2022-05-21T02:03:28</date>
  <millis>1653066208036</millis>
  <sequence>538</sequence>
  <logger>sample log</logger>
  <level>INFO</level>
  <class>scraping.Scraping</class>
  <method>GetDataFromURL</method>
  <thread>26</thread>
  <message>出力成功 : OrixBuffaloes : Tatsuya Yamaashi</message>
</record>
<record>
  <date>2022-05-21T02:03:28</date>
  <millis>1653066208036</millis>
  <sequence>539</sequence>
  <logger>sample log</logger>
  <level>INFO</level>
  <class>scraping.Scraping</class>
  <method>GetDataFromURL</method>
  <thread>26</thread>
  <message>String</message>
</record>
<record>
  <date>2022-05-21T02:03:28</date>
  <millis>1653066208037</millis>
  <sequence>540</sequence>
  <logger>sample log</logger>
  <level>INFO</level>
  <class>scraping.Scraping</class>
  <method>GetDataFromURL</method>
  <thread>26</thread>
  <message>出力成功 : OrixBuffaloes : Masataka Yoshida</message>
</record>
<record>
  <date>2022-05-21T02:03:28</date>
  <millis>1653066208111</millis>
  <sequence>541</sequence>
  <logger>sample log</logger>
  <level>INFO</level>
  <class>scraping.Scraping</class>
  <method>GetDataFromURL</method>
  <thread>26</thread>
  <message>String</message>
</record>
<record>
  <date>2022-05-21T02:03:28</date>
  <millis>1653066208112</millis>
  <sequence>542</sequence>
  <logger>sample log</logger>
  <level>INFO</level>
  <class>scraping.Scraping</class>
  <method>GetDataFromURL</method>
  <thread>26</thread>
  <message>出力成功 : SaitamaSeibuLions : Sosuke Genda</message>
</record>
<record>
  <date>2022-05-21T02:03:28</date>
  <millis>1653066208112</millis>
  <sequence>543</sequence>
  <logger>sample log</logger>
  <level>INFO</level>
  <class>scraping.Scraping</class>
  <method>GetDataFromURL</method>
  <thread>26</thread>
  <message>String</message>
</record>
<record>
  <date>2022-05-21T02:03:28</date>
  <millis>1653066208112</millis>
  <sequence>544</sequence>
  <logger>sample log</logger>
  <level>INFO</level>
  <class>scraping.Scraping</class>
  <method>GetDataFromURL</method>
  <thread>26</thread>
  <message>出力成功 : SaitamaSeibuLions : Yuji Kaneko</message>
</record>
<record>
  <date>2022-05-21T02:03:28</date>
  <millis>1653066208112</millis>
  <sequence>545</sequence>
  <logger>sample log</logger>
  <level>INFO</level>
  <class>scraping.Scraping</class>
  <method>GetDataFromURL</method>
  <thread>26</thread>
  <message>String</message>
</record>
<record>
  <date>2022-05-21T02:03:28</date>
  <millis>1653066208112</millis>
  <sequence>546</sequence>
  <logger>sample log</logger>
  <level>INFO</level>
  <class>scraping.Scraping</class>
  <method>GetDataFromURL</method>
  <thread>26</thread>
  <message>出力成功 : SaitamaSeibuLions : Seiji Kawagoe</message>
</record>
<record>
  <date>2022-05-21T02:03:28</date>
  <millis>1653066208113</millis>
  <sequence>547</sequence>
  <logger>sample log</logger>
  <level>INFO</level>
  <class>scraping.Scraping</class>
  <method>GetDataFromURL</method>
  <thread>26</thread>
  <message>String</message>
</record>
<record>
  <date>2022-05-21T02:03:28</date>
  <millis>1653066208113</millis>
  <sequence>548</sequence>
  <logger>sample log</logger>
  <level>INFO</level>
  <class>scraping.Scraping</class>
  <method>GetDataFromURL</method>
  <thread>26</thread>
  <message>出力成功 : SaitamaSeibuLions : Ryota Kawano</message>
</record>
<record>
  <date>2022-05-21T02:03:28</date>
  <millis>1653066208113</millis>
  <sequence>549</sequence>
  <logger>sample log</logger>
  <level>INFO</level>
  <class>scraping.Scraping</class>
  <method>GetDataFromURL</method>
  <thread>26</thread>
  <message>String</message>
</record>
<record>
  <date>2022-05-21T02:03:28</date>
  <millis>1653066208113</millis>
  <sequence>550</sequence>
  <logger>sample log</logger>
  <level>INFO</level>
  <class>scraping.Scraping</class>
  <method>GetDataFromURL</method>
  <thread>26</thread>
  <message>出力成功 : SaitamaSeibuLions : Junichiro Kishi</message>
</record>
<record>
  <date>2022-05-21T02:03:28</date>
  <millis>1653066208113</millis>
  <sequence>551</sequence>
  <logger>sample log</logger>
  <level>INFO</level>
  <class>scraping.Scraping</class>
  <method>GetDataFromURL</method>
  <thread>26</thread>
  <message>String</message>
</record>
<record>
  <date>2022-05-21T02:03:28</date>
  <millis>1653066208113</millis>
  <sequence>552</sequence>
  <logger>sample log</logger>
  <level>INFO</level>
  <class>scraping.Scraping</class>
  <method>GetDataFromURL</method>
  <thread>26</thread>
  <message>出力成功 : SaitamaSeibuLions : Yuto Koga</message>
</record>
<record>
  <date>2022-05-21T02:03:28</date>
  <millis>1653066208114</millis>
  <sequence>553</sequence>
  <logger>sample log</logger>
  <level>INFO</level>
  <class>scraping.Scraping</class>
  <method>GetDataFromURL</method>
  <thread>26</thread>
  <message>String</message>
</record>
<record>
  <date>2022-05-21T02:03:28</date>
  <millis>1653066208114</millis>
  <sequence>554</sequence>
  <logger>sample log</logger>
  <level>INFO</level>
  <class>scraping.Scraping</class>
  <method>GetDataFromURL</method>
  <thread>26</thread>
  <message>出力成功 : SaitamaSeibuLions : Masato Kumashiro</message>
</record>
<record>
  <date>2022-05-21T02:03:28</date>
  <millis>1653066208114</millis>
  <sequence>555</sequence>
  <logger>sample log</logger>
  <level>INFO</level>
  <class>scraping.Scraping</class>
  <method>GetDataFromURL</method>
  <thread>26</thread>
  <message>String</message>
</record>
<record>
  <date>2022-05-21T02:03:28</date>
  <millis>1653066208114</millis>
  <sequence>556</sequence>
  <logger>sample log</logger>
  <level>INFO</level>
  <class>scraping.Scraping</class>
  <method>GetDataFromURL</method>
  <thread>26</thread>
  <message>出力成功 : SaitamaSeibuLions : Takumi Kuriyama</message>
</record>
<record>
  <date>2022-05-21T02:03:28</date>
  <millis>1653066208115</millis>
  <sequence>557</sequence>
  <logger>sample log</logger>
  <level>INFO</level>
  <class>scraping.Scraping</class>
  <method>GetDataFromURL</method>
  <thread>26</thread>
  <message>String</message>
</record>
<record>
  <date>2022-05-21T02:03:28</date>
  <millis>1653066208115</millis>
  <sequence>558</sequence>
  <logger>sample log</logger>
  <level>INFO</level>
  <class>scraping.Scraping</class>
  <method>GetDataFromURL</method>
  <thread>26</thread>
  <message>出力成功 : SaitamaSeibuLions : Shoya Makino</message>
</record>
<record>
  <date>2022-05-21T02:03:28</date>
  <millis>1653066208115</millis>
  <sequence>559</sequence>
  <logger>sample log</logger>
  <level>INFO</level>
  <class>scraping.Scraping</class>
  <method>GetDataFromURL</method>
  <thread>26</thread>
  <message>String</message>
</record>
<record>
  <date>2022-05-21T02:03:28</date>
  <millis>1653066208115</millis>
  <sequence>560</sequence>
  <logger>sample log</logger>
  <level>INFO</level>
  <class>scraping.Scraping</class>
  <method>GetDataFromURL</method>
  <thread>26</thread>
  <message>出力成功 : SaitamaSeibuLions : Tomoya Mori</message>
</record>
<record>
  <date>2022-05-21T02:03:28</date>
  <millis>1653066208115</millis>
  <sequence>561</sequence>
  <logger>sample log</logger>
  <level>INFO</level>
  <class>scraping.Scraping</class>
  <method>GetDataFromURL</method>
  <thread>26</thread>
  <message>String</message>
</record>
<record>
  <date>2022-05-21T02:03:28</date>
  <millis>1653066208116</millis>
  <sequence>562</sequence>
  <logger>sample log</logger>
  <level>INFO</level>
  <class>scraping.Scraping</class>
  <method>GetDataFromURL</method>
  <thread>26</thread>
  <message>出力成功 : SaitamaSeibuLions : Takeya Nakamura</message>
</record>
<record>
  <date>2022-05-21T02:03:28</date>
  <millis>1653066208116</millis>
  <sequence>563</sequence>
  <logger>sample log</logger>
  <level>INFO</level>
  <class>scraping.Scraping</class>
  <method>GetDataFromURL</method>
  <thread>26</thread>
  <message>String</message>
</record>
<record>
  <date>2022-05-21T02:03:28</date>
  <millis>1653066208116</millis>
  <sequence>564</sequence>
  <logger>sample log</logger>
  <level>INFO</level>
  <class>scraping.Scraping</class>
  <method>GetDataFromURL</method>
  <thread>26</thread>
  <message>出力成功 : SaitamaSeibuLions : Seigo Nakayama</message>
</record>
<record>
  <date>2022-05-21T02:03:28</date>
  <millis>1653066208116</millis>
  <sequence>565</sequence>
  <logger>sample log</logger>
  <level>INFO</level>
  <class>scraping.Scraping</class>
  <method>GetDataFromURL</method>
  <thread>26</thread>
  <message>String</message>
</record>
<record>
  <date>2022-05-21T02:03:28</date>
  <millis>1653066208116</millis>
  <sequence>566</sequence>
  <logger>sample log</logger>
  <level>INFO</level>
  <class>scraping.Scraping</class>
  <method>GetDataFromURL</method>
  <thread>26</thread>
  <message>出力成功 : SaitamaSeibuLions : Brian O'Grady</message>
</record>
<record>
  <date>2022-05-21T02:03:28</date>
  <millis>1653066208117</millis>
  <sequence>567</sequence>
  <logger>sample log</logger>
  <level>INFO</level>
  <class>scraping.Scraping</class>
  <method>GetDataFromURL</method>
  <thread>26</thread>
  <message>String</message>
</record>
<record>
  <date>2022-05-21T02:03:28</date>
  <millis>1653066208117</millis>
  <sequence>568</sequence>
  <logger>sample log</logger>
  <level>INFO</level>
  <class>scraping.Scraping</class>
  <method>GetDataFromURL</method>
  <thread>26</thread>
  <message>出力成功 : SaitamaSeibuLions : Shohei Suzuki</message>
</record>
<record>
  <date>2022-05-21T02:03:28</date>
  <millis>1653066208117</millis>
  <sequence>569</sequence>
  <logger>sample log</logger>
  <level>INFO</level>
  <class>scraping.Scraping</class>
  <method>GetDataFromURL</method>
  <thread>26</thread>
  <message>String</message>
</record>
<record>
  <date>2022-05-21T02:03:28</date>
  <millis>1653066208117</millis>
  <sequence>570</sequence>
  <logger>sample log</logger>
  <level>INFO</level>
  <class>scraping.Scraping</class>
  <method>GetDataFromURL</method>
  <thread>26</thread>
  <message>出力成功 : SaitamaSeibuLions : Wataru Takagi</message>
</record>
<record>
  <date>2022-05-21T02:03:28</date>
  <millis>1653066208117</millis>
  <sequence>571</sequence>
  <logger>sample log</logger>
  <level>INFO</level>
  <class>scraping.Scraping</class>
  <method>GetDataFromURL</method>
  <thread>26</thread>
  <message>String</message>
</record>
<record>
  <date>2022-05-21T02:03:28</date>
  <millis>1653066208118</millis>
  <sequence>572</sequence>
  <logger>sample log</logger>
  <level>INFO</level>
  <class>scraping.Scraping</class>
  <method>GetDataFromURL</method>
  <thread>26</thread>
  <message>出力成功 : SaitamaSeibuLions : Aito Takeda</message>
</record>
<record>
  <date>2022-05-21T02:03:28</date>
  <millis>1653066208118</millis>
  <sequence>573</sequence>
  <logger>sample log</logger>
  <level>INFO</level>
  <class>scraping.Scraping</class>
  <method>GetDataFromURL</method>
  <thread>26</thread>
  <message>String</message>
</record>
<record>
  <date>2022-05-21T02:03:28</date>
  <millis>1653066208118</millis>
  <sequence>574</sequence>
  <logger>sample log</logger>
  <level>INFO</level>
  <class>scraping.Scraping</class>
  <method>GetDataFromURL</method>
  <thread>26</thread>
  <message>出力成功 : SaitamaSeibuLions : Natsuo Takizawa</message>
</record>
<record>
  <date>2022-05-21T02:03:28</date>
  <millis>1653066208118</millis>
  <sequence>575</sequence>
  <logger>sample log</logger>
  <level>INFO</level>
  <class>scraping.Scraping</class>
  <method>GetDataFromURL</method>
  <thread>26</thread>
  <message>String</message>
</record>
<record>
  <date>2022-05-21T02:03:28</date>
  <millis>1653066208118</millis>
  <sequence>576</sequence>
  <logger>sample log</logger>
  <level>INFO</level>
  <class>scraping.Scraping</class>
  <method>GetDataFromURL</method>
  <thread>26</thread>
  <message>出力成功 : SaitamaSeibuLions : Daisuke Togawa</message>
</record>
<record>
  <date>2022-05-21T02:03:28</date>
  <millis>1653066208118</millis>
  <sequence>577</sequence>
  <logger>sample log</logger>
  <level>INFO</level>
  <class>scraping.Scraping</class>
  <method>GetDataFromURL</method>
  <thread>26</thread>
  <message>String</message>
</record>
<record>
  <date>2022-05-21T02:03:28</date>
  <millis>1653066208118</millis>
  <sequence>578</sequence>
  <logger>sample log</logger>
  <level>INFO</level>
  <class>scraping.Scraping</class>
  <method>GetDataFromURL</method>
  <thread>26</thread>
  <message>出力成功 : SaitamaSeibuLions : Shuta Tonosaki</message>
</record>
<record>
  <date>2022-05-21T02:03:28</date>
  <millis>1653066208119</millis>
  <sequence>579</sequence>
  <logger>sample log</logger>
  <level>INFO</level>
  <class>scraping.Scraping</class>
  <method>GetDataFromURL</method>
  <thread>26</thread>
  <message>String</message>
</record>
<record>
  <date>2022-05-21T02:03:28</date>
  <millis>1653066208119</millis>
  <sequence>580</sequence>
  <logger>sample log</logger>
  <level>INFO</level>
  <class>scraping.Scraping</class>
  <method>GetDataFromURL</method>
  <thread>26</thread>
  <message>出力成功 : SaitamaSeibuLions : Sena Tsuge</message>
</record>
<record>
  <date>2022-05-21T02:03:28</date>
  <millis>1653066208119</millis>
  <sequence>581</sequence>
  <logger>sample log</logger>
  <level>INFO</level>
  <class>scraping.Scraping</class>
  <method>GetDataFromURL</method>
  <thread>26</thread>
  <message>String</message>
</record>
<record>
  <date>2022-05-21T02:03:28</date>
  <millis>1653066208119</millis>
  <sequence>582</sequence>
  <logger>sample log</logger>
  <level>INFO</level>
  <class>scraping.Scraping</class>
  <method>GetDataFromURL</method>
  <thread>26</thread>
  <message>出力成功 : SaitamaSeibuLions : Jantzen Witte</message>
</record>
<record>
  <date>2022-05-21T02:03:28</date>
  <millis>1653066208119</millis>
  <sequence>583</sequence>
  <logger>sample log</logger>
  <level>INFO</level>
  <class>scraping.Scraping</class>
  <method>GetDataFromURL</method>
  <thread>26</thread>
  <message>String</message>
</record>
<record>
  <date>2022-05-21T02:03:28</date>
  <millis>1653066208119</millis>
  <sequence>584</sequence>
  <logger>sample log</logger>
  <level>INFO</level>
  <class>scraping.Scraping</class>
  <method>GetDataFromURL</method>
  <thread>26</thread>
  <message>出力成功 : SaitamaSeibuLions : Nien Ting Wu</message>
</record>
<record>
  <date>2022-05-21T02:03:28</date>
  <millis>1653066208120</millis>
  <sequence>585</sequence>
  <logger>sample log</logger>
  <level>INFO</level>
  <class>scraping.Scraping</class>
  <method>GetDataFromURL</method>
  <thread>26</thread>
  <message>String</message>
</record>
<record>
  <date>2022-05-21T02:03:28</date>
  <millis>1653066208120</millis>
  <sequence>586</sequence>
  <logger>sample log</logger>
  <level>INFO</level>
  <class>scraping.Scraping</class>
  <method>GetDataFromURL</method>
  <thread>26</thread>
  <message>出力成功 : SaitamaSeibuLions : Haruka Yamada</message>
</record>
<record>
  <date>2022-05-21T02:03:28</date>
  <millis>1653066208120</millis>
  <sequence>587</sequence>
  <logger>sample log</logger>
  <level>INFO</level>
  <class>scraping.Scraping</class>
  <method>GetDataFromURL</method>
  <thread>26</thread>
  <message>String</message>
</record>
<record>
  <date>2022-05-21T02:03:28</date>
  <millis>1653066208120</millis>
  <sequence>588</sequence>
  <logger>sample log</logger>
  <level>INFO</level>
  <class>scraping.Scraping</class>
  <method>GetDataFromURL</method>
  <thread>26</thread>
  <message>出力成功 : SaitamaSeibuLions : Hotaka Yamakawa</message>
</record>
<record>
  <date>2022-05-21T02:03:28</date>
  <millis>1653066208120</millis>
  <sequence>589</sequence>
  <logger>sample log</logger>
  <level>INFO</level>
  <class>scraping.Scraping</class>
  <method>GetDataFromURL</method>
  <thread>26</thread>
  <message>String</message>
</record>
<record>
  <date>2022-05-21T02:03:28</date>
  <millis>1653066208120</millis>
  <sequence>590</sequence>
  <logger>sample log</logger>
  <level>INFO</level>
  <class>scraping.Scraping</class>
  <method>GetDataFromURL</method>
  <thread>26</thread>
  <message>出力成功 : SaitamaSeibuLions : Kakeru Yamanobe</message>
</record>
<record>
  <date>2022-05-21T02:03:28</date>
  <millis>1653066208201</millis>
  <sequence>591</sequence>
  <logger>sample log</logger>
  <level>INFO</level>
  <class>scraping.Scraping</class>
  <method>GetDataFromURL</method>
  <thread>26</thread>
  <message>String</message>
</record>
<record>
  <date>2022-05-21T02:03:28</date>
  <millis>1653066208201</millis>
  <sequence>592</sequence>
  <logger>sample log</logger>
  <level>INFO</level>
  <class>scraping.Scraping</class>
  <method>GetDataFromURL</method>
  <thread>26</thread>
  <message>出力成功 : TohokuRakutenGoldenEagles : Ginji Akaminai</message>
</record>
<record>
  <date>2022-05-21T02:03:28</date>
  <millis>1653066208201</millis>
  <sequence>593</sequence>
  <logger>sample log</logger>
  <level>INFO</level>
  <class>scraping.Scraping</class>
  <method>GetDataFromURL</method>
  <thread>26</thread>
  <message>String</message>
</record>
<record>
  <date>2022-05-21T02:03:28</date>
  <millis>1653066208202</millis>
  <sequence>594</sequence>
  <logger>sample log</logger>
  <level>INFO</level>
  <class>scraping.Scraping</class>
  <method>GetDataFromURL</method>
  <thread>26</thread>
  <message>出力成功 : TohokuRakutenGoldenEagles : Hideto Asamura</message>
</record>
<record>
  <date>2022-05-21T02:03:28</date>
  <millis>1653066208202</millis>
  <sequence>595</sequence>
  <logger>sample log</logger>
  <level>INFO</level>
  <class>scraping.Scraping</class>
  <method>GetDataFromURL</method>
  <thread>26</thread>
  <message>String</message>
</record>
<record>
  <date>2022-05-21T02:03:28</date>
  <millis>1653066208202</millis>
  <sequence>596</sequence>
  <logger>sample log</logger>
  <level>INFO</level>
  <class>scraping.Scraping</class>
  <method>GetDataFromURL</method>
  <thread>26</thread>
  <message>出力成功 : TohokuRakutenGoldenEagles : Chris Gittens</message>
</record>
<record>
  <date>2022-05-21T02:03:28</date>
  <millis>1653066208202</millis>
  <sequence>597</sequence>
  <logger>sample log</logger>
  <level>INFO</level>
  <class>scraping.Scraping</class>
  <method>GetDataFromURL</method>
  <thread>26</thread>
  <message>String</message>
</record>
<record>
  <date>2022-05-21T02:03:28</date>
  <millis>1653066208202</millis>
  <sequence>598</sequence>
  <logger>sample log</logger>
  <level>INFO</level>
  <class>scraping.Scraping</class>
  <method>GetDataFromURL</method>
  <thread>26</thread>
  <message>出力成功 : TohokuRakutenGoldenEagles : Kengo Horiuchi</message>
</record>
<record>
  <date>2022-05-21T02:03:28</date>
  <millis>1653066208202</millis>
  <sequence>599</sequence>
  <logger>sample log</logger>
  <level>INFO</level>
  <class>scraping.Scraping</class>
  <method>GetDataFromURL</method>
  <thread>26</thread>
  <message>String</message>
</record>
<record>
  <date>2022-05-21T02:03:28</date>
  <millis>1653066208202</millis>
  <sequence>600</sequence>
  <logger>sample log</logger>
  <level>INFO</level>
  <class>scraping.Scraping</class>
  <method>GetDataFromURL</method>
  <thread>26</thread>
  <message>出力成功 : TohokuRakutenGoldenEagles : Tsuyoshi Ishihara</message>
</record>
<record>
  <date>2022-05-21T02:03:28</date>
  <millis>1653066208203</millis>
  <sequence>601</sequence>
  <logger>sample log</logger>
  <level>INFO</level>
  <class>scraping.Scraping</class>
  <method>GetDataFromURL</method>
  <thread>26</thread>
  <message>String</message>
</record>
<record>
  <date>2022-05-21T02:03:28</date>
  <millis>1653066208203</millis>
  <sequence>602</sequence>
  <logger>sample log</logger>
  <level>INFO</level>
  <class>scraping.Scraping</class>
  <method>GetDataFromURL</method>
  <thread>26</thread>
  <message>出力成功 : TohokuRakutenGoldenEagles : Masaki Iwami</message>
</record>
<record>
  <date>2022-05-21T02:03:28</date>
  <millis>1653066208203</millis>
  <sequence>603</sequence>
  <logger>sample log</logger>
  <level>INFO</level>
  <class>scraping.Scraping</class>
  <method>GetDataFromURL</method>
  <thread>26</thread>
  <message>String</message>
</record>
<record>
  <date>2022-05-21T02:03:28</date>
  <millis>1653066208203</millis>
  <sequence>604</sequence>
  <logger>sample log</logger>
  <level>INFO</level>
  <class>scraping.Scraping</class>
  <method>GetDataFromURL</method>
  <thread>26</thread>
  <message>出力成功 : TohokuRakutenGoldenEagles : Hiroto Kobukata</message>
</record>
<record>
  <date>2022-05-21T02:03:28</date>
  <millis>1653066208203</millis>
  <sequence>605</sequence>
  <logger>sample log</logger>
  <level>INFO</level>
  <class>scraping.Scraping</class>
  <method>GetDataFromURL</method>
  <thread>26</thread>
  <message>String</message>
</record>
<record>
  <date>2022-05-21T02:03:28</date>
  <millis>1653066208203</millis>
  <sequence>606</sequence>
  <logger>sample log</logger>
  <level>INFO</level>
  <class>scraping.Scraping</class>
  <method>GetDataFromURL</method>
  <thread>26</thread>
  <message>出力成功 : TohokuRakutenGoldenEagles : Fumiya Kurokawa</message>
</record>
<record>
  <date>2022-05-21T02:03:28</date>
  <millis>1653066208204</millis>
  <sequence>607</sequence>
  <logger>sample log</logger>
  <level>INFO</level>
  <class>scraping.Scraping</class>
  <method>GetDataFromURL</method>
  <thread>26</thread>
  <message>String</message>
</record>
<record>
  <date>2022-05-21T02:03:28</date>
  <millis>1653066208204</millis>
  <sequence>608</sequence>
  <logger>sample log</logger>
  <level>INFO</level>
  <class>scraping.Scraping</class>
  <method>GetDataFromURL</method>
  <thread>26</thread>
  <message>出力成功 : TohokuRakutenGoldenEagles : Jose Marmolejos</message>
</record>
<record>
  <date>2022-05-21T02:03:28</date>
  <millis>1653066208204</millis>
  <sequence>609</sequence>
  <logger>sample log</logger>
  <level>INFO</level>
  <class>scraping.Scraping</class>
  <method>GetDataFromURL</method>
  <thread>26</thread>
  <message>String</message>
</record>
<record>
  <date>2022-05-21T02:03:28</date>
  <millis>1653066208204</millis>
  <sequence>610</sequence>
  <logger>sample log</logger>
  <level>INFO</level>
  <class>scraping.Scraping</class>
  <method>GetDataFromURL</method>
  <thread>26</thread>
  <message>出力成功 : TohokuRakutenGoldenEagles : Eigoro Mogi</message>
</record>
<record>
  <date>2022-05-21T02:03:28</date>
  <millis>1653066208204</millis>
  <sequence>611</sequence>
  <logger>sample log</logger>
  <level>INFO</level>
  <class>scraping.Scraping</class>
  <method>GetDataFromURL</method>
  <thread>26</thread>
  <message>String</message>
</record>
<record>
  <date>2022-05-21T02:03:28</date>
  <millis>1653066208204</millis>
  <sequence>612</sequence>
  <logger>sample log</logger>
  <level>INFO</level>
  <class>scraping.Scraping</class>
  <method>GetDataFromURL</method>
  <thread>26</thread>
  <message>出力成功 : TohokuRakutenGoldenEagles : Itsuki Murabayashi</message>
</record>
<record>
  <date>2022-05-21T02:03:28</date>
  <millis>1653066208204</millis>
  <sequence>613</sequence>
  <logger>sample log</logger>
  <level>INFO</level>
  <class>scraping.Scraping</class>
  <method>GetDataFromURL</method>
  <thread>26</thread>
  <message>String</message>
</record>
<record>
  <date>2022-05-21T02:03:28</date>
  <millis>1653066208204</millis>
  <sequence>614</sequence>
  <logger>sample log</logger>
  <level>INFO</level>
  <class>scraping.Scraping</class>
  <method>GetDataFromURL</method>
  <thread>26</thread>
  <message>出力成功 : TohokuRakutenGoldenEagles : Atsuki Mutoh</message>
</record>
<record>
  <date>2022-05-21T02:03:28</date>
  <millis>1653066208205</millis>
  <sequence>615</sequence>
  <logger>sample log</logger>
  <level>INFO</level>
  <class>scraping.Scraping</class>
  <method>GetDataFromURL</method>
  <thread>26</thread>
  <message>String</message>
</record>
<record>
  <date>2022-05-21T02:03:28</date>
  <millis>1653066208205</millis>
  <sequence>616</sequence>
  <logger>sample log</logger>
  <level>INFO</level>
  <class>scraping.Scraping</class>
  <method>GetDataFromURL</method>
  <thread>26</thread>
  <message>出力成功 : TohokuRakutenGoldenEagles : Haruki Nishikawa</message>
</record>
<record>
  <date>2022-05-21T02:03:28</date>
  <millis>1653066208205</millis>
  <sequence>617</sequence>
  <logger>sample log</logger>
  <level>INFO</level>
  <class>scraping.Scraping</class>
  <method>GetDataFromURL</method>
  <thread>26</thread>
  <message>String</message>
</record>
<record>
  <date>2022-05-21T02:03:28</date>
  <millis>1653066208205</millis>
  <sequence>618</sequence>
  <logger>sample log</logger>
  <level>INFO</level>
  <class>scraping.Scraping</class>
  <method>GetDataFromURL</method>
  <thread>26</thread>
  <message>出力成功 : TohokuRakutenGoldenEagles : Yuya Ogoh</message>
</record>
<record>
  <date>2022-05-21T02:03:28</date>
  <millis>1653066208205</millis>
  <sequence>619</sequence>
  <logger>sample log</logger>
  <level>INFO</level>
  <class>scraping.Scraping</class>
  <method>GetDataFromURL</method>
  <thread>26</thread>
  <message>String</message>
</record>
<record>
  <date>2022-05-21T02:03:28</date>
  <millis>1653066208205</millis>
  <sequence>620</sequence>
  <logger>sample log</logger>
  <level>INFO</level>
  <class>scraping.Scraping</class>
  <method>GetDataFromURL</method>
  <thread>26</thread>
  <message>出力成功 : TohokuRakutenGoldenEagles : Hikaru Ohta</message>
</record>
<record>
  <date>2022-05-21T02:03:28</date>
  <millis>1653066208205</millis>
  <sequence>621</sequence>
  <logger>sample log</logger>
  <level>INFO</level>
  <class>scraping.Scraping</class>
  <method>GetDataFromURL</method>
  <thread>26</thread>
  <message>String</message>
</record>
<record>
  <date>2022-05-21T02:03:28</date>
  <millis>1653066208205</millis>
  <sequence>622</sequence>
  <logger>sample log</logger>
  <level>INFO</level>
  <class>scraping.Scraping</class>
  <method>GetDataFromURL</method>
  <thread>26</thread>
  <message>出力成功 : TohokuRakutenGoldenEagles : Hiroaki Shimauchi</message>
</record>
<record>
  <date>2022-05-21T02:03:28</date>
  <millis>1653066208206</millis>
  <sequence>623</sequence>
  <logger>sample log</logger>
  <level>INFO</level>
  <class>scraping.Scraping</class>
  <method>GetDataFromURL</method>
  <thread>26</thread>
  <message>String</message>
</record>
<record>
  <date>2022-05-21T02:03:28</date>
  <millis>1653066208206</millis>
  <sequence>624</sequence>
  <logger>sample log</logger>
  <level>INFO</level>
  <class>scraping.Scraping</class>
  <method>GetDataFromURL</method>
  <thread>26</thread>
  <message>出力成功 : TohokuRakutenGoldenEagles : Ginjiro Sumitani</message>
</record>
<record>
  <date>2022-05-21T02:03:28</date>
  <millis>1653066208206</millis>
  <sequence>625</sequence>
  <logger>sample log</logger>
  <level>INFO</level>
  <class>scraping.Scraping</class>
  <method>GetDataFromURL</method>
  <thread>26</thread>
  <message>String</message>
</record>
<record>
  <date>2022-05-21T02:03:28</date>
  <millis>1653066208206</millis>
  <sequence>626</sequence>
  <logger>sample log</logger>
  <level>INFO</level>
  <class>scraping.Scraping</class>
  <method>GetDataFromURL</method>
  <thread>26</thread>
  <message>出力成功 : TohokuRakutenGoldenEagles : Daichi Suzuki</message>
</record>
<record>
  <date>2022-05-21T02:03:28</date>
  <millis>1653066208206</millis>
  <sequence>627</sequence>
  <logger>sample log</logger>
  <level>INFO</level>
  <class>scraping.Scraping</class>
  <method>GetDataFromURL</method>
  <thread>26</thread>
  <message>String</message>
</record>
<record>
  <date>2022-05-21T02:03:28</date>
  <millis>1653066208206</millis>
  <sequence>628</sequence>
  <logger>sample log</logger>
  <level>INFO</level>
  <class>scraping.Scraping</class>
  <method>GetDataFromURL</method>
  <thread>26</thread>
  <message>出力成功 : TohokuRakutenGoldenEagles : Kazuki Tanaka</message>
</record>
<record>
  <date>2022-05-21T02:03:28</date>
  <millis>1653066208207</millis>
  <sequence>629</sequence>
  <logger>sample log</logger>
  <level>INFO</level>
  <class>scraping.Scraping</class>
  <method>GetDataFromURL</method>
  <thread>26</thread>
  <message>String</message>
</record>
<record>
  <date>2022-05-21T02:03:28</date>
  <millis>1653066208207</millis>
  <sequence>630</sequence>
  <logger>sample log</logger>
  <level>INFO</level>
  <class>scraping.Scraping</class>
  <method>GetDataFromURL</method>
  <thread>26</thread>
  <message>出力成功 : TohokuRakutenGoldenEagles : Ryosuke Tatsumi</message>
</record>
<record>
  <date>2022-05-21T02:03:28</date>
  <millis>1653066208207</millis>
  <sequence>631</sequence>
  <logger>sample log</logger>
  <level>INFO</level>
  <class>scraping.Scraping</class>
  <method>GetDataFromURL</method>
  <thread>26</thread>
  <message>String</message>
</record>
<record>
  <date>2022-05-21T02:03:28</date>
  <millis>1653066208207</millis>
  <sequence>632</sequence>
  <logger>sample log</logger>
  <level>INFO</level>
  <class>scraping.Scraping</class>
  <method>GetDataFromURL</method>
  <thread>26</thread>
  <message>出力成功 : TohokuRakutenGoldenEagles : Ren Wada</message>
</record>
<record>
  <date>2022-05-21T02:03:28</date>
  <millis>1653066208207</millis>
  <sequence>633</sequence>
  <logger>sample log</logger>
  <level>INFO</level>
  <class>scraping.Scraping</class>
  <method>GetDataFromURL</method>
  <thread>26</thread>
  <message>String</message>
</record>
<record>
  <date>2022-05-21T02:03:28</date>
  <millis>1653066208207</millis>
  <sequence>634</sequence>
  <logger>sample log</logger>
  <level>INFO</level>
  <class>scraping.Scraping</class>
  <method>GetDataFromURL</method>
  <thread>26</thread>
  <message>出力成功 : TohokuRakutenGoldenEagles : Yoshiaki Watanabe</message>
</record>
<record>
  <date>2022-05-21T02:03:28</date>
  <millis>1653066208208</millis>
  <sequence>635</sequence>
  <logger>sample log</logger>
  <level>INFO</level>
  <class>scraping.Scraping</class>
  <method>GetDataFromURL</method>
  <thread>26</thread>
  <message>String</message>
</record>
<record>
  <date>2022-05-21T02:03:28</date>
  <millis>1653066208208</millis>
  <sequence>636</sequence>
  <logger>sample log</logger>
  <level>INFO</level>
  <class>scraping.Scraping</class>
  <method>GetDataFromURL</method>
  <thread>26</thread>
  <message>出力成功 : TohokuRakutenGoldenEagles : Tsuyoshi Yamasaki</message>
</record>
<record>
  <date>2022-05-21T02:03:28</date>
  <millis>1653066208208</millis>
  <sequence>637</sequence>
  <logger>sample log</logger>
  <level>INFO</level>
  <class>scraping.Scraping</class>
  <method>GetDataFromURL</method>
  <thread>26</thread>
  <message>String</message>
</record>
<record>
  <date>2022-05-21T02:03:28</date>
  <millis>1653066208208</millis>
  <sequence>638</sequence>
  <logger>sample log</logger>
  <level>INFO</level>
  <class>scraping.Scraping</class>
  <method>GetDataFromURL</method>
  <thread>26</thread>
  <message>出力成功 : TohokuRakutenGoldenEagles : Yuma Yasuda</message>
</record>
